2024-02-14 15:19:42,558:WARNING:
'cuml' is a soft dependency and not included in the pycaret installation. Please run: `pip install cuml` to install.
2024-02-14 15:19:42,558:WARNING:
'cuml' is a soft dependency and not included in the pycaret installation. Please run: `pip install cuml` to install.
2024-02-14 15:19:42,558:WARNING:
'cuml' is a soft dependency and not included in the pycaret installation. Please run: `pip install cuml` to install.
2024-02-14 15:19:42,558:WARNING:
'cuml' is a soft dependency and not included in the pycaret installation. Please run: `pip install cuml` to install.
2024-02-14 15:19:42,705:INFO:PyCaret ClassificationExperiment
2024-02-14 15:19:42,705:INFO:Logging name: clf-default-name
2024-02-14 15:19:42,705:INFO:ML Usecase: MLUsecase.CLASSIFICATION
2024-02-14 15:19:42,705:INFO:version 3.2.0
2024-02-14 15:19:42,705:INFO:Initializing setup()
2024-02-14 15:19:42,705:INFO:self.USI: f691
2024-02-14 15:19:42,705:INFO:self._variable_keys: {'data', 'idx', 'logging_param', 'seed', 'fold_generator', 'fold_shuffle_param', 'log_plots_param', 'X_train', 'y_test', 'gpu_param', 'target_param', 'is_multiclass', 'y_train', 'html_param', 'exp_id', 'gpu_n_jobs_param', 'n_jobs_param', 'memory', 'exp_name_log', 'USI', 'X', 'pipeline', 'y', 'X_test', 'fold_groups_param', '_available_plots', '_ml_usecase', 'fix_imbalance'}
2024-02-14 15:19:42,705:INFO:Checking environment
2024-02-14 15:19:42,705:INFO:python_version: 3.10.12
2024-02-14 15:19:42,705:INFO:python_build: ('main', 'Nov 20 2023 15:14:05')
2024-02-14 15:19:42,705:INFO:machine: x86_64
2024-02-14 15:19:42,705:INFO:platform: Linux-5.15.0-91-generic-x86_64-with-glibc2.35
2024-02-14 15:19:42,706:INFO:Memory: svmem(total=14482587648, available=8131796992, percent=43.9, used=5846634496, free=4905000960, active=1614786560, inactive=7152476160, buffers=167895040, cached=3563057152, shared=168185856, slab=309608448)
2024-02-14 15:19:42,706:INFO:Physical Core: 6
2024-02-14 15:19:42,706:INFO:Logical Core: 12
2024-02-14 15:19:42,706:INFO:Checking libraries
2024-02-14 15:19:42,706:INFO:System:
2024-02-14 15:19:42,706:INFO:    python: 3.10.12 (main, Nov 20 2023, 15:14:05) [GCC 11.4.0]
2024-02-14 15:19:42,706:INFO:executable: /bin/python3
2024-02-14 15:19:42,706:INFO:   machine: Linux-5.15.0-91-generic-x86_64-with-glibc2.35
2024-02-14 15:19:42,706:INFO:PyCaret required dependencies:
2024-02-14 15:19:42,725:INFO:                 pip: 22.0.2
2024-02-14 15:19:42,725:INFO:          setuptools: 59.6.0
2024-02-14 15:19:42,725:INFO:             pycaret: 3.2.0
2024-02-14 15:19:42,725:INFO:             IPython: 8.17.2
2024-02-14 15:19:42,725:INFO:          ipywidgets: 8.1.1
2024-02-14 15:19:42,725:INFO:                tqdm: 4.66.1
2024-02-14 15:19:42,725:INFO:               numpy: 1.25.2
2024-02-14 15:19:42,725:INFO:              pandas: 1.5.3
2024-02-14 15:19:42,725:INFO:              jinja2: 3.1.3
2024-02-14 15:19:42,725:INFO:               scipy: 1.10.1
2024-02-14 15:19:42,725:INFO:              joblib: 1.3.2
2024-02-14 15:19:42,725:INFO:             sklearn: 1.2.2
2024-02-14 15:19:42,725:INFO:                pyod: 1.1.2
2024-02-14 15:19:42,725:INFO:            imblearn: 0.11.0
2024-02-14 15:19:42,725:INFO:   category_encoders: 2.6.3
2024-02-14 15:19:42,725:INFO:            lightgbm: 4.2.0
2024-02-14 15:19:42,725:INFO:               numba: 0.58.1
2024-02-14 15:19:42,725:INFO:            requests: 2.25.1
2024-02-14 15:19:42,725:INFO:          matplotlib: 3.6.0
2024-02-14 15:19:42,725:INFO:          scikitplot: 0.3.7
2024-02-14 15:19:42,725:INFO:         yellowbrick: 1.5
2024-02-14 15:19:42,725:INFO:              plotly: 5.18.0
2024-02-14 15:19:42,725:INFO:    plotly-resampler: Not installed
2024-02-14 15:19:42,725:INFO:             kaleido: 0.2.1
2024-02-14 15:19:42,725:INFO:           schemdraw: 0.15
2024-02-14 15:19:42,725:INFO:         statsmodels: 0.14.1
2024-02-14 15:19:42,725:INFO:              sktime: 0.21.1
2024-02-14 15:19:42,725:INFO:               tbats: 1.1.3
2024-02-14 15:19:42,725:INFO:            pmdarima: 2.0.4
2024-02-14 15:19:42,725:INFO:              psutil: 5.9.0
2024-02-14 15:19:42,725:INFO:          markupsafe: 2.0.1
2024-02-14 15:19:42,725:INFO:             pickle5: Not installed
2024-02-14 15:19:42,725:INFO:         cloudpickle: 3.0.0
2024-02-14 15:19:42,725:INFO:         deprecation: 2.1.0
2024-02-14 15:19:42,725:INFO:              xxhash: 3.4.1
2024-02-14 15:19:42,725:INFO:           wurlitzer: 3.0.3
2024-02-14 15:19:42,725:INFO:PyCaret optional dependencies:
2024-02-14 15:19:42,773:INFO:                shap: Not installed
2024-02-14 15:19:42,774:INFO:           interpret: Not installed
2024-02-14 15:19:42,774:INFO:                umap: Not installed
2024-02-14 15:19:42,774:INFO:     ydata_profiling: Not installed
2024-02-14 15:19:42,774:INFO:  explainerdashboard: Not installed
2024-02-14 15:19:42,774:INFO:             autoviz: Not installed
2024-02-14 15:19:42,774:INFO:           fairlearn: Not installed
2024-02-14 15:19:42,774:INFO:          deepchecks: Not installed
2024-02-14 15:19:42,774:INFO:             xgboost: 2.0.3
2024-02-14 15:19:42,774:INFO:            catboost: Not installed
2024-02-14 15:19:42,774:INFO:              kmodes: Not installed
2024-02-14 15:19:42,774:INFO:             mlxtend: Not installed
2024-02-14 15:19:42,774:INFO:       statsforecast: Not installed
2024-02-14 15:19:42,774:INFO:        tune_sklearn: Not installed
2024-02-14 15:19:42,774:INFO:                 ray: Not installed
2024-02-14 15:19:42,774:INFO:            hyperopt: Not installed
2024-02-14 15:19:42,774:INFO:              optuna: Not installed
2024-02-14 15:19:42,774:INFO:               skopt: Not installed
2024-02-14 15:19:42,774:INFO:              mlflow: Not installed
2024-02-14 15:19:42,774:INFO:              gradio: Not installed
2024-02-14 15:19:42,774:INFO:             fastapi: Not installed
2024-02-14 15:19:42,774:INFO:             uvicorn: Not installed
2024-02-14 15:19:42,774:INFO:              m2cgen: Not installed
2024-02-14 15:19:42,774:INFO:           evidently: Not installed
2024-02-14 15:19:42,774:INFO:               fugue: Not installed
2024-02-14 15:19:42,774:INFO:           streamlit: Not installed
2024-02-14 15:19:42,774:INFO:             prophet: Not installed
2024-02-14 15:19:42,774:INFO:None
2024-02-14 15:19:42,774:INFO:Set up data.
2024-02-14 15:19:43,399:INFO:Set up folding strategy.
2024-02-14 15:19:43,399:INFO:Set up train/test split.
2024-02-14 15:19:43,493:INFO:Set up index.
2024-02-14 15:19:43,495:INFO:Assigning column types.
2024-02-14 15:19:43,557:INFO:Engine successfully changes for model 'lr' to 'sklearn'.
2024-02-14 15:19:43,586:INFO:Engine for model 'knn' has not been set explicitly, hence returning None.
2024-02-14 15:19:43,587:INFO:Engine for model 'rbfsvm' has not been set explicitly, hence returning None.
2024-02-14 15:19:43,607:INFO:Soft dependency imported: xgboost: 2.0.3
2024-02-14 15:19:43,608:WARNING:
'catboost' is a soft dependency and not included in the pycaret installation. Please run: `pip install catboost` to install.
Alternately, you can install this by running `pip install pycaret[models]`
2024-02-14 15:19:43,636:INFO:Engine for model 'knn' has not been set explicitly, hence returning None.
2024-02-14 15:19:43,637:INFO:Engine for model 'rbfsvm' has not been set explicitly, hence returning None.
2024-02-14 15:19:43,654:INFO:Soft dependency imported: xgboost: 2.0.3
2024-02-14 15:19:43,656:WARNING:
'catboost' is a soft dependency and not included in the pycaret installation. Please run: `pip install catboost` to install.
Alternately, you can install this by running `pip install pycaret[models]`
2024-02-14 15:19:43,656:INFO:Engine successfully changes for model 'knn' to 'sklearn'.
2024-02-14 15:19:43,685:INFO:Engine for model 'rbfsvm' has not been set explicitly, hence returning None.
2024-02-14 15:19:43,702:INFO:Soft dependency imported: xgboost: 2.0.3
2024-02-14 15:19:43,704:WARNING:
'catboost' is a soft dependency and not included in the pycaret installation. Please run: `pip install catboost` to install.
Alternately, you can install this by running `pip install pycaret[models]`
2024-02-14 15:19:43,734:INFO:Engine for model 'rbfsvm' has not been set explicitly, hence returning None.
2024-02-14 15:19:43,754:INFO:Soft dependency imported: xgboost: 2.0.3
2024-02-14 15:19:43,756:WARNING:
'catboost' is a soft dependency and not included in the pycaret installation. Please run: `pip install catboost` to install.
Alternately, you can install this by running `pip install pycaret[models]`
2024-02-14 15:19:43,756:INFO:Engine successfully changes for model 'rbfsvm' to 'sklearn'.
2024-02-14 15:19:43,806:INFO:Soft dependency imported: xgboost: 2.0.3
2024-02-14 15:19:43,808:WARNING:
'catboost' is a soft dependency and not included in the pycaret installation. Please run: `pip install catboost` to install.
Alternately, you can install this by running `pip install pycaret[models]`
2024-02-14 15:19:43,855:INFO:Soft dependency imported: xgboost: 2.0.3
2024-02-14 15:19:43,857:WARNING:
'catboost' is a soft dependency and not included in the pycaret installation. Please run: `pip install catboost` to install.
Alternately, you can install this by running `pip install pycaret[models]`
2024-02-14 15:19:43,859:INFO:Preparing preprocessing pipeline...
2024-02-14 15:19:43,870:INFO:Set up label encoding.
2024-02-14 15:19:43,871:INFO:Set up simple imputation.
2024-02-14 15:19:43,882:INFO:Set up column name cleaning.
2024-02-14 15:19:44,101:INFO:Finished creating preprocessing pipeline.
2024-02-14 15:19:44,115:INFO:Pipeline: Pipeline(memory=FastMemory(location=/tmp/joblib),
         steps=[('label_encoding',
                 TransformerWrapperWithInverse(exclude=None, include=None,
                                               transformer=LabelEncoder())),
                ('numerical_imputer',
                 TransformerWrapper(exclude=None,
                                    include=['200.0', '200.68336', '201.36674',
                                             '202.05011', '202.73349',
                                             '203.41685', '204.10023',
                                             '204.7836', '205.46696',
                                             '206.15034', '206.83371',
                                             '2...
                 TransformerWrapper(exclude=None, include=[],
                                    transformer=SimpleImputer(add_indicator=False,
                                                              copy=True,
                                                              fill_value=None,
                                                              keep_empty_features=False,
                                                              missing_values=nan,
                                                              strategy='most_frequent',
                                                              verbose='deprecated'))),
                ('clean_column_names',
                 TransformerWrapper(exclude=None, include=None,
                                    transformer=CleanColumnNames(match='[\\]\\[\\,\\{\\}\\"\\:]+')))],
         verbose=False)
2024-02-14 15:19:44,115:INFO:Creating final display dataframe.
2024-02-14 15:19:44,900:INFO:Setup _display_container:                     Description                                         Value
0                    Session id                                          1234
1                        Target                                        Status
2                   Target type                                    Multiclass
3                Target mapping  Hyperglycemia: 0, Hypoglycemia: 1, Normal: 2
4           Original data shape                                  (3045, 2636)
5        Transformed data shape                                  (3045, 2636)
6   Transformed train set shape                                  (2131, 2636)
7    Transformed test set shape                                   (914, 2636)
8              Numeric features                                          2635
9                    Preprocess                                          True
10              Imputation type                                        simple
11           Numeric imputation                                          mean
12       Categorical imputation                                          mode
13               Fold Generator                               StratifiedKFold
14                  Fold Number                                            10
15                     CPU Jobs                                            -1
16                      Use GPU                                         False
17               Log Experiment                                         False
18              Experiment Name                              clf-default-name
19                          USI                                          f691
2024-02-14 15:19:44,954:INFO:Soft dependency imported: xgboost: 2.0.3
2024-02-14 15:19:44,955:WARNING:
'catboost' is a soft dependency and not included in the pycaret installation. Please run: `pip install catboost` to install.
Alternately, you can install this by running `pip install pycaret[models]`
2024-02-14 15:19:45,014:INFO:Soft dependency imported: xgboost: 2.0.3
2024-02-14 15:19:45,016:WARNING:
'catboost' is a soft dependency and not included in the pycaret installation. Please run: `pip install catboost` to install.
Alternately, you can install this by running `pip install pycaret[models]`
2024-02-14 15:19:45,017:INFO:setup() successfully completed in 2.31s...............
2024-02-14 15:19:45,023:INFO:Initializing compare_models()
2024-02-14 15:19:45,024:INFO:compare_models(self=<pycaret.classification.oop.ClassificationExperiment object at 0x7f07421274f0>, include=None, fold=None, round=4, cross_validation=True, sort=Accuracy, n_select=1, budget_time=None, turbo=True, errors=ignore, fit_kwargs=None, groups=None, experiment_custom_tags=None, probability_threshold=None, verbose=True, parallel=None, caller_params={'self': <pycaret.classification.oop.ClassificationExperiment object at 0x7f07421274f0>, 'include': None, 'exclude': None, 'fold': None, 'round': 4, 'cross_validation': True, 'sort': 'Accuracy', 'n_select': 1, 'budget_time': None, 'turbo': True, 'errors': 'ignore', 'fit_kwargs': None, 'groups': None, 'experiment_custom_tags': None, 'probability_threshold': None, 'engine': None, 'verbose': True, 'parallel': None, '__class__': <class 'pycaret.classification.oop.ClassificationExperiment'>}, exclude=None)
2024-02-14 15:19:45,024:INFO:Checking exceptions
2024-02-14 15:19:45,071:INFO:Preparing display monitor
2024-02-14 15:19:45,091:INFO:Initializing Logistic Regression
2024-02-14 15:19:45,091:INFO:Total runtime is 4.78823979695638e-06 minutes
2024-02-14 15:19:45,095:INFO:SubProcess create_model() called ==================================
2024-02-14 15:19:45,096:INFO:Initializing create_model()
2024-02-14 15:19:45,096:INFO:create_model(self=<pycaret.classification.oop.ClassificationExperiment object at 0x7f07421274f0>, estimator=lr, fold=StratifiedKFold(n_splits=10, random_state=None, shuffle=False), round=4, cross_validation=True, predict=True, fit_kwargs={}, groups=None, refit=False, probability_threshold=None, experiment_custom_tags=None, verbose=False, system=False, add_to_model_list=True, metrics=None, display=<pycaret.internal.display.display.CommonDisplay object at 0x7f07ac6650f0>, model_only=True, return_train_score=False, error_score=0.0, kwargs={})
2024-02-14 15:19:45,096:INFO:Checking exceptions
2024-02-14 15:19:45,096:INFO:Importing libraries
2024-02-14 15:19:45,096:INFO:Copying training dataset
2024-02-14 15:19:45,174:INFO:Defining folds
2024-02-14 15:19:45,174:INFO:Declaring metric variables
2024-02-14 15:19:45,178:INFO:Importing untrained model
2024-02-14 15:19:45,181:INFO:Logistic Regression Imported successfully
2024-02-14 15:19:45,186:INFO:Starting cross validation
2024-02-14 15:19:45,192:INFO:Cross validating with StratifiedKFold(n_splits=10, random_state=None, shuffle=False), n_jobs=-1
2024-02-14 15:21:21,085:WARNING:/home/eddie/.local/lib/python3.10/site-packages/sklearn/linear_model/_logistic.py:458: ConvergenceWarning: lbfgs failed to converge (status=1):
STOP: TOTAL NO. of ITERATIONS REACHED LIMIT.

Increase the number of iterations (max_iter) or scale the data as shown in:
    https://scikit-learn.org/stable/modules/preprocessing.html
Please also refer to the documentation for alternative solver options:
    https://scikit-learn.org/stable/modules/linear_model.html#logistic-regression
  n_iter_i = _check_optimize_result(

2024-02-14 15:21:21,252:WARNING:/home/eddie/.local/lib/python3.10/site-packages/sklearn/metrics/_classification.py:1396: UserWarning: Note that pos_label (set to 'Normal') is ignored when average != 'binary' (got 'weighted'). You may use labels=[pos_label] to specify a single positive class.
  warnings.warn(

2024-02-14 15:21:21,257:WARNING:/home/eddie/.local/lib/python3.10/site-packages/sklearn/metrics/_classification.py:1396: UserWarning: Note that pos_label (set to 'Normal') is ignored when average != 'binary' (got 'weighted'). You may use labels=[pos_label] to specify a single positive class.
  warnings.warn(

2024-02-14 15:21:21,263:WARNING:/home/eddie/.local/lib/python3.10/site-packages/sklearn/metrics/_classification.py:1396: UserWarning: Note that pos_label (set to 'Normal') is ignored when average != 'binary' (got 'weighted'). You may use labels=[pos_label] to specify a single positive class.
  warnings.warn(

2024-02-14 15:21:22,116:WARNING:/home/eddie/.local/lib/python3.10/site-packages/sklearn/linear_model/_logistic.py:458: ConvergenceWarning: lbfgs failed to converge (status=1):
STOP: TOTAL NO. of ITERATIONS REACHED LIMIT.

Increase the number of iterations (max_iter) or scale the data as shown in:
    https://scikit-learn.org/stable/modules/preprocessing.html
Please also refer to the documentation for alternative solver options:
    https://scikit-learn.org/stable/modules/linear_model.html#logistic-regression
  n_iter_i = _check_optimize_result(

2024-02-14 15:21:22,251:WARNING:/home/eddie/.local/lib/python3.10/site-packages/sklearn/metrics/_classification.py:1396: UserWarning: Note that pos_label (set to 'Normal') is ignored when average != 'binary' (got 'weighted'). You may use labels=[pos_label] to specify a single positive class.
  warnings.warn(

2024-02-14 15:21:22,260:WARNING:/home/eddie/.local/lib/python3.10/site-packages/sklearn/metrics/_classification.py:1396: UserWarning: Note that pos_label (set to 'Normal') is ignored when average != 'binary' (got 'weighted'). You may use labels=[pos_label] to specify a single positive class.
  warnings.warn(

2024-02-14 15:21:22,267:WARNING:/home/eddie/.local/lib/python3.10/site-packages/sklearn/metrics/_classification.py:1396: UserWarning: Note that pos_label (set to 'Normal') is ignored when average != 'binary' (got 'weighted'). You may use labels=[pos_label] to specify a single positive class.
  warnings.warn(

2024-02-14 15:21:22,380:WARNING:/home/eddie/.local/lib/python3.10/site-packages/sklearn/linear_model/_logistic.py:458: ConvergenceWarning: lbfgs failed to converge (status=1):
STOP: TOTAL NO. of ITERATIONS REACHED LIMIT.

Increase the number of iterations (max_iter) or scale the data as shown in:
    https://scikit-learn.org/stable/modules/preprocessing.html
Please also refer to the documentation for alternative solver options:
    https://scikit-learn.org/stable/modules/linear_model.html#logistic-regression
  n_iter_i = _check_optimize_result(

2024-02-14 15:21:22,563:WARNING:/home/eddie/.local/lib/python3.10/site-packages/sklearn/metrics/_classification.py:1396: UserWarning: Note that pos_label (set to 'Normal') is ignored when average != 'binary' (got 'weighted'). You may use labels=[pos_label] to specify a single positive class.
  warnings.warn(

2024-02-14 15:21:22,574:WARNING:/home/eddie/.local/lib/python3.10/site-packages/sklearn/metrics/_classification.py:1396: UserWarning: Note that pos_label (set to 'Normal') is ignored when average != 'binary' (got 'weighted'). You may use labels=[pos_label] to specify a single positive class.
  warnings.warn(

2024-02-14 15:21:22,584:WARNING:/home/eddie/.local/lib/python3.10/site-packages/sklearn/metrics/_classification.py:1396: UserWarning: Note that pos_label (set to 'Normal') is ignored when average != 'binary' (got 'weighted'). You may use labels=[pos_label] to specify a single positive class.
  warnings.warn(

2024-02-14 15:21:22,821:WARNING:/home/eddie/.local/lib/python3.10/site-packages/sklearn/linear_model/_logistic.py:458: ConvergenceWarning: lbfgs failed to converge (status=1):
STOP: TOTAL NO. of ITERATIONS REACHED LIMIT.

Increase the number of iterations (max_iter) or scale the data as shown in:
    https://scikit-learn.org/stable/modules/preprocessing.html
Please also refer to the documentation for alternative solver options:
    https://scikit-learn.org/stable/modules/linear_model.html#logistic-regression
  n_iter_i = _check_optimize_result(

2024-02-14 15:21:22,830:WARNING:/home/eddie/.local/lib/python3.10/site-packages/sklearn/linear_model/_logistic.py:458: ConvergenceWarning: lbfgs failed to converge (status=1):
STOP: TOTAL NO. of ITERATIONS REACHED LIMIT.

Increase the number of iterations (max_iter) or scale the data as shown in:
    https://scikit-learn.org/stable/modules/preprocessing.html
Please also refer to the documentation for alternative solver options:
    https://scikit-learn.org/stable/modules/linear_model.html#logistic-regression
  n_iter_i = _check_optimize_result(

2024-02-14 15:21:22,920:WARNING:/home/eddie/.local/lib/python3.10/site-packages/sklearn/metrics/_classification.py:1396: UserWarning: Note that pos_label (set to 'Normal') is ignored when average != 'binary' (got 'weighted'). You may use labels=[pos_label] to specify a single positive class.
  warnings.warn(

2024-02-14 15:21:22,925:WARNING:/home/eddie/.local/lib/python3.10/site-packages/sklearn/metrics/_classification.py:1396: UserWarning: Note that pos_label (set to 'Normal') is ignored when average != 'binary' (got 'weighted'). You may use labels=[pos_label] to specify a single positive class.
  warnings.warn(

2024-02-14 15:21:22,928:WARNING:/home/eddie/.local/lib/python3.10/site-packages/sklearn/metrics/_classification.py:1396: UserWarning: Note that pos_label (set to 'Normal') is ignored when average != 'binary' (got 'weighted'). You may use labels=[pos_label] to specify a single positive class.
  warnings.warn(

2024-02-14 15:21:22,930:WARNING:/home/eddie/.local/lib/python3.10/site-packages/sklearn/metrics/_classification.py:1396: UserWarning: Note that pos_label (set to 'Normal') is ignored when average != 'binary' (got 'weighted'). You may use labels=[pos_label] to specify a single positive class.
  warnings.warn(

2024-02-14 15:21:22,933:WARNING:/home/eddie/.local/lib/python3.10/site-packages/sklearn/metrics/_classification.py:1396: UserWarning: Note that pos_label (set to 'Normal') is ignored when average != 'binary' (got 'weighted'). You may use labels=[pos_label] to specify a single positive class.
  warnings.warn(

2024-02-14 15:21:22,937:WARNING:/home/eddie/.local/lib/python3.10/site-packages/sklearn/metrics/_classification.py:1396: UserWarning: Note that pos_label (set to 'Normal') is ignored when average != 'binary' (got 'weighted'). You may use labels=[pos_label] to specify a single positive class.
  warnings.warn(

2024-02-14 15:21:22,992:WARNING:/home/eddie/.local/lib/python3.10/site-packages/sklearn/linear_model/_logistic.py:458: ConvergenceWarning: lbfgs failed to converge (status=1):
STOP: TOTAL NO. of ITERATIONS REACHED LIMIT.

Increase the number of iterations (max_iter) or scale the data as shown in:
    https://scikit-learn.org/stable/modules/preprocessing.html
Please also refer to the documentation for alternative solver options:
    https://scikit-learn.org/stable/modules/linear_model.html#logistic-regression
  n_iter_i = _check_optimize_result(

2024-02-14 15:21:23,086:WARNING:/home/eddie/.local/lib/python3.10/site-packages/sklearn/metrics/_classification.py:1396: UserWarning: Note that pos_label (set to 'Normal') is ignored when average != 'binary' (got 'weighted'). You may use labels=[pos_label] to specify a single positive class.
  warnings.warn(

2024-02-14 15:21:23,089:WARNING:/home/eddie/.local/lib/python3.10/site-packages/sklearn/metrics/_classification.py:1396: UserWarning: Note that pos_label (set to 'Normal') is ignored when average != 'binary' (got 'weighted'). You may use labels=[pos_label] to specify a single positive class.
  warnings.warn(

2024-02-14 15:21:23,093:WARNING:/home/eddie/.local/lib/python3.10/site-packages/sklearn/metrics/_classification.py:1396: UserWarning: Note that pos_label (set to 'Normal') is ignored when average != 'binary' (got 'weighted'). You may use labels=[pos_label] to specify a single positive class.
  warnings.warn(

2024-02-14 15:21:23,171:WARNING:/home/eddie/.local/lib/python3.10/site-packages/sklearn/linear_model/_logistic.py:458: ConvergenceWarning: lbfgs failed to converge (status=1):
STOP: TOTAL NO. of ITERATIONS REACHED LIMIT.

Increase the number of iterations (max_iter) or scale the data as shown in:
    https://scikit-learn.org/stable/modules/preprocessing.html
Please also refer to the documentation for alternative solver options:
    https://scikit-learn.org/stable/modules/linear_model.html#logistic-regression
  n_iter_i = _check_optimize_result(

2024-02-14 15:21:23,250:WARNING:/home/eddie/.local/lib/python3.10/site-packages/sklearn/metrics/_classification.py:1396: UserWarning: Note that pos_label (set to 'Normal') is ignored when average != 'binary' (got 'weighted'). You may use labels=[pos_label] to specify a single positive class.
  warnings.warn(

2024-02-14 15:21:23,253:WARNING:/home/eddie/.local/lib/python3.10/site-packages/sklearn/metrics/_classification.py:1396: UserWarning: Note that pos_label (set to 'Normal') is ignored when average != 'binary' (got 'weighted'). You may use labels=[pos_label] to specify a single positive class.
  warnings.warn(

2024-02-14 15:21:23,256:WARNING:/home/eddie/.local/lib/python3.10/site-packages/sklearn/metrics/_classification.py:1396: UserWarning: Note that pos_label (set to 'Normal') is ignored when average != 'binary' (got 'weighted'). You may use labels=[pos_label] to specify a single positive class.
  warnings.warn(

2024-02-14 15:21:23,312:WARNING:/home/eddie/.local/lib/python3.10/site-packages/sklearn/linear_model/_logistic.py:458: ConvergenceWarning: lbfgs failed to converge (status=1):
STOP: TOTAL NO. of ITERATIONS REACHED LIMIT.

Increase the number of iterations (max_iter) or scale the data as shown in:
    https://scikit-learn.org/stable/modules/preprocessing.html
Please also refer to the documentation for alternative solver options:
    https://scikit-learn.org/stable/modules/linear_model.html#logistic-regression
  n_iter_i = _check_optimize_result(

2024-02-14 15:21:23,375:WARNING:/home/eddie/.local/lib/python3.10/site-packages/sklearn/linear_model/_logistic.py:458: ConvergenceWarning: lbfgs failed to converge (status=1):
STOP: TOTAL NO. of ITERATIONS REACHED LIMIT.

Increase the number of iterations (max_iter) or scale the data as shown in:
    https://scikit-learn.org/stable/modules/preprocessing.html
Please also refer to the documentation for alternative solver options:
    https://scikit-learn.org/stable/modules/linear_model.html#logistic-regression
  n_iter_i = _check_optimize_result(

2024-02-14 15:21:23,398:WARNING:/home/eddie/.local/lib/python3.10/site-packages/sklearn/metrics/_classification.py:1396: UserWarning: Note that pos_label (set to 'Normal') is ignored when average != 'binary' (got 'weighted'). You may use labels=[pos_label] to specify a single positive class.
  warnings.warn(

2024-02-14 15:21:23,402:WARNING:/home/eddie/.local/lib/python3.10/site-packages/sklearn/metrics/_classification.py:1396: UserWarning: Note that pos_label (set to 'Normal') is ignored when average != 'binary' (got 'weighted'). You may use labels=[pos_label] to specify a single positive class.
  warnings.warn(

2024-02-14 15:21:23,405:WARNING:/home/eddie/.local/lib/python3.10/site-packages/sklearn/metrics/_classification.py:1396: UserWarning: Note that pos_label (set to 'Normal') is ignored when average != 'binary' (got 'weighted'). You may use labels=[pos_label] to specify a single positive class.
  warnings.warn(

2024-02-14 15:21:23,408:WARNING:/home/eddie/.local/lib/python3.10/site-packages/sklearn/linear_model/_logistic.py:458: ConvergenceWarning: lbfgs failed to converge (status=1):
STOP: TOTAL NO. of ITERATIONS REACHED LIMIT.

Increase the number of iterations (max_iter) or scale the data as shown in:
    https://scikit-learn.org/stable/modules/preprocessing.html
Please also refer to the documentation for alternative solver options:
    https://scikit-learn.org/stable/modules/linear_model.html#logistic-regression
  n_iter_i = _check_optimize_result(

2024-02-14 15:21:23,446:WARNING:/home/eddie/.local/lib/python3.10/site-packages/sklearn/metrics/_classification.py:1396: UserWarning: Note that pos_label (set to 'Normal') is ignored when average != 'binary' (got 'weighted'). You may use labels=[pos_label] to specify a single positive class.
  warnings.warn(

2024-02-14 15:21:23,450:WARNING:/home/eddie/.local/lib/python3.10/site-packages/sklearn/metrics/_classification.py:1396: UserWarning: Note that pos_label (set to 'Normal') is ignored when average != 'binary' (got 'weighted'). You may use labels=[pos_label] to specify a single positive class.
  warnings.warn(

2024-02-14 15:21:23,452:WARNING:/home/eddie/.local/lib/python3.10/site-packages/sklearn/metrics/_classification.py:1396: UserWarning: Note that pos_label (set to 'Normal') is ignored when average != 'binary' (got 'weighted'). You may use labels=[pos_label] to specify a single positive class.
  warnings.warn(

2024-02-14 15:21:23,469:WARNING:/home/eddie/.local/lib/python3.10/site-packages/sklearn/metrics/_classification.py:1396: UserWarning: Note that pos_label (set to 'Normal') is ignored when average != 'binary' (got 'weighted'). You may use labels=[pos_label] to specify a single positive class.
  warnings.warn(

2024-02-14 15:21:23,471:WARNING:/home/eddie/.local/lib/python3.10/site-packages/sklearn/metrics/_classification.py:1396: UserWarning: Note that pos_label (set to 'Normal') is ignored when average != 'binary' (got 'weighted'). You may use labels=[pos_label] to specify a single positive class.
  warnings.warn(

2024-02-14 15:21:23,473:WARNING:/home/eddie/.local/lib/python3.10/site-packages/sklearn/metrics/_classification.py:1396: UserWarning: Note that pos_label (set to 'Normal') is ignored when average != 'binary' (got 'weighted'). You may use labels=[pos_label] to specify a single positive class.
  warnings.warn(

2024-02-14 15:21:23,582:INFO:Calculating mean and std
2024-02-14 15:21:23,584:INFO:Creating metrics dataframe
2024-02-14 15:21:23,587:INFO:Uploading results into container
2024-02-14 15:21:23,587:INFO:Uploading model into container now
2024-02-14 15:21:23,587:INFO:_master_model_container: 1
2024-02-14 15:21:23,587:INFO:_display_container: 2
2024-02-14 15:21:23,588:INFO:LogisticRegression(C=1.0, class_weight=None, dual=False, fit_intercept=True,
                   intercept_scaling=1, l1_ratio=None, max_iter=1000,
                   multi_class='auto', n_jobs=None, penalty='l2',
                   random_state=1234, solver='lbfgs', tol=0.0001, verbose=0,
                   warm_start=False)
2024-02-14 15:21:23,588:INFO:create_model() successfully completed......................................
2024-02-14 15:21:23,693:INFO:SubProcess create_model() end ==================================
2024-02-14 15:21:23,693:INFO:Creating metrics dataframe
2024-02-14 15:21:23,700:INFO:Initializing K Neighbors Classifier
2024-02-14 15:21:23,701:INFO:Total runtime is 1.6434968590736387 minutes
2024-02-14 15:21:23,703:INFO:SubProcess create_model() called ==================================
2024-02-14 15:21:23,703:INFO:Initializing create_model()
2024-02-14 15:21:23,703:INFO:create_model(self=<pycaret.classification.oop.ClassificationExperiment object at 0x7f07421274f0>, estimator=knn, fold=StratifiedKFold(n_splits=10, random_state=None, shuffle=False), round=4, cross_validation=True, predict=True, fit_kwargs={}, groups=None, refit=False, probability_threshold=None, experiment_custom_tags=None, verbose=False, system=False, add_to_model_list=True, metrics=None, display=<pycaret.internal.display.display.CommonDisplay object at 0x7f07ac6650f0>, model_only=True, return_train_score=False, error_score=0.0, kwargs={})
2024-02-14 15:21:23,703:INFO:Checking exceptions
2024-02-14 15:21:23,703:INFO:Importing libraries
2024-02-14 15:21:23,703:INFO:Copying training dataset
2024-02-14 15:21:23,775:INFO:Defining folds
2024-02-14 15:21:23,775:INFO:Declaring metric variables
2024-02-14 15:21:23,778:INFO:Importing untrained model
2024-02-14 15:21:23,782:INFO:K Neighbors Classifier Imported successfully
2024-02-14 15:21:23,787:INFO:Starting cross validation
2024-02-14 15:21:23,792:INFO:Cross validating with StratifiedKFold(n_splits=10, random_state=None, shuffle=False), n_jobs=-1
2024-02-14 15:21:24,805:WARNING:/home/eddie/.local/lib/python3.10/site-packages/sklearn/metrics/_classification.py:1396: UserWarning: Note that pos_label (set to 'Normal') is ignored when average != 'binary' (got 'weighted'). You may use labels=[pos_label] to specify a single positive class.
  warnings.warn(

2024-02-14 15:21:24,812:WARNING:/home/eddie/.local/lib/python3.10/site-packages/sklearn/metrics/_classification.py:1396: UserWarning: Note that pos_label (set to 'Normal') is ignored when average != 'binary' (got 'weighted'). You may use labels=[pos_label] to specify a single positive class.
  warnings.warn(

2024-02-14 15:21:24,818:WARNING:/home/eddie/.local/lib/python3.10/site-packages/sklearn/metrics/_classification.py:1396: UserWarning: Note that pos_label (set to 'Normal') is ignored when average != 'binary' (got 'weighted'). You may use labels=[pos_label] to specify a single positive class.
  warnings.warn(

2024-02-14 15:21:24,875:WARNING:/home/eddie/.local/lib/python3.10/site-packages/sklearn/metrics/_classification.py:1396: UserWarning: Note that pos_label (set to 'Normal') is ignored when average != 'binary' (got 'weighted'). You may use labels=[pos_label] to specify a single positive class.
  warnings.warn(

2024-02-14 15:21:24,881:WARNING:/home/eddie/.local/lib/python3.10/site-packages/sklearn/metrics/_classification.py:1396: UserWarning: Note that pos_label (set to 'Normal') is ignored when average != 'binary' (got 'weighted'). You may use labels=[pos_label] to specify a single positive class.
  warnings.warn(

2024-02-14 15:21:24,888:WARNING:/home/eddie/.local/lib/python3.10/site-packages/sklearn/metrics/_classification.py:1396: UserWarning: Note that pos_label (set to 'Normal') is ignored when average != 'binary' (got 'weighted'). You may use labels=[pos_label] to specify a single positive class.
  warnings.warn(

2024-02-14 15:21:24,935:WARNING:/home/eddie/.local/lib/python3.10/site-packages/sklearn/metrics/_classification.py:1396: UserWarning: Note that pos_label (set to 'Normal') is ignored when average != 'binary' (got 'weighted'). You may use labels=[pos_label] to specify a single positive class.
  warnings.warn(

2024-02-14 15:21:24,941:WARNING:/home/eddie/.local/lib/python3.10/site-packages/sklearn/metrics/_classification.py:1396: UserWarning: Note that pos_label (set to 'Normal') is ignored when average != 'binary' (got 'weighted'). You may use labels=[pos_label] to specify a single positive class.
  warnings.warn(

2024-02-14 15:21:24,948:WARNING:/home/eddie/.local/lib/python3.10/site-packages/sklearn/metrics/_classification.py:1396: UserWarning: Note that pos_label (set to 'Normal') is ignored when average != 'binary' (got 'weighted'). You may use labels=[pos_label] to specify a single positive class.
  warnings.warn(

2024-02-14 15:21:24,955:WARNING:/home/eddie/.local/lib/python3.10/site-packages/sklearn/metrics/_classification.py:1396: UserWarning: Note that pos_label (set to 'Normal') is ignored when average != 'binary' (got 'weighted'). You may use labels=[pos_label] to specify a single positive class.
  warnings.warn(

2024-02-14 15:21:24,961:WARNING:/home/eddie/.local/lib/python3.10/site-packages/sklearn/metrics/_classification.py:1396: UserWarning: Note that pos_label (set to 'Normal') is ignored when average != 'binary' (got 'weighted'). You may use labels=[pos_label] to specify a single positive class.
  warnings.warn(

2024-02-14 15:21:24,964:WARNING:/home/eddie/.local/lib/python3.10/site-packages/sklearn/metrics/_classification.py:1396: UserWarning: Note that pos_label (set to 'Normal') is ignored when average != 'binary' (got 'weighted'). You may use labels=[pos_label] to specify a single positive class.
  warnings.warn(

2024-02-14 15:21:24,967:WARNING:/home/eddie/.local/lib/python3.10/site-packages/sklearn/metrics/_classification.py:1396: UserWarning: Note that pos_label (set to 'Normal') is ignored when average != 'binary' (got 'weighted'). You may use labels=[pos_label] to specify a single positive class.
  warnings.warn(

2024-02-14 15:21:24,970:WARNING:/home/eddie/.local/lib/python3.10/site-packages/sklearn/metrics/_classification.py:1396: UserWarning: Note that pos_label (set to 'Normal') is ignored when average != 'binary' (got 'weighted'). You may use labels=[pos_label] to specify a single positive class.
  warnings.warn(

2024-02-14 15:21:24,975:WARNING:/home/eddie/.local/lib/python3.10/site-packages/sklearn/metrics/_classification.py:1396: UserWarning: Note that pos_label (set to 'Normal') is ignored when average != 'binary' (got 'weighted'). You may use labels=[pos_label] to specify a single positive class.
  warnings.warn(

2024-02-14 15:21:24,975:WARNING:/home/eddie/.local/lib/python3.10/site-packages/sklearn/metrics/_classification.py:1396: UserWarning: Note that pos_label (set to 'Normal') is ignored when average != 'binary' (got 'weighted'). You may use labels=[pos_label] to specify a single positive class.
  warnings.warn(

2024-02-14 15:21:24,979:WARNING:/home/eddie/.local/lib/python3.10/site-packages/sklearn/metrics/_classification.py:1396: UserWarning: Note that pos_label (set to 'Normal') is ignored when average != 'binary' (got 'weighted'). You may use labels=[pos_label] to specify a single positive class.
  warnings.warn(

2024-02-14 15:21:24,984:WARNING:/home/eddie/.local/lib/python3.10/site-packages/sklearn/metrics/_classification.py:1396: UserWarning: Note that pos_label (set to 'Normal') is ignored when average != 'binary' (got 'weighted'). You may use labels=[pos_label] to specify a single positive class.
  warnings.warn(

2024-02-14 15:21:25,027:WARNING:/home/eddie/.local/lib/python3.10/site-packages/sklearn/metrics/_classification.py:1396: UserWarning: Note that pos_label (set to 'Normal') is ignored when average != 'binary' (got 'weighted'). You may use labels=[pos_label] to specify a single positive class.
  warnings.warn(

2024-02-14 15:21:25,030:WARNING:/home/eddie/.local/lib/python3.10/site-packages/sklearn/metrics/_classification.py:1396: UserWarning: Note that pos_label (set to 'Normal') is ignored when average != 'binary' (got 'weighted'). You may use labels=[pos_label] to specify a single positive class.
  warnings.warn(

2024-02-14 15:21:25,033:WARNING:/home/eddie/.local/lib/python3.10/site-packages/sklearn/metrics/_classification.py:1396: UserWarning: Note that pos_label (set to 'Normal') is ignored when average != 'binary' (got 'weighted'). You may use labels=[pos_label] to specify a single positive class.
  warnings.warn(

2024-02-14 15:21:25,041:WARNING:/home/eddie/.local/lib/python3.10/site-packages/sklearn/metrics/_classification.py:1396: UserWarning: Note that pos_label (set to 'Normal') is ignored when average != 'binary' (got 'weighted'). You may use labels=[pos_label] to specify a single positive class.
  warnings.warn(

2024-02-14 15:21:25,043:WARNING:/home/eddie/.local/lib/python3.10/site-packages/sklearn/metrics/_classification.py:1396: UserWarning: Note that pos_label (set to 'Normal') is ignored when average != 'binary' (got 'weighted'). You may use labels=[pos_label] to specify a single positive class.
  warnings.warn(

2024-02-14 15:21:25,046:WARNING:/home/eddie/.local/lib/python3.10/site-packages/sklearn/metrics/_classification.py:1396: UserWarning: Note that pos_label (set to 'Normal') is ignored when average != 'binary' (got 'weighted'). You may use labels=[pos_label] to specify a single positive class.
  warnings.warn(

2024-02-14 15:21:25,896:WARNING:/home/eddie/.local/lib/python3.10/site-packages/sklearn/metrics/_classification.py:1396: UserWarning: Note that pos_label (set to 'Normal') is ignored when average != 'binary' (got 'weighted'). You may use labels=[pos_label] to specify a single positive class.
  warnings.warn(

2024-02-14 15:21:25,899:WARNING:/home/eddie/.local/lib/python3.10/site-packages/sklearn/metrics/_classification.py:1396: UserWarning: Note that pos_label (set to 'Normal') is ignored when average != 'binary' (got 'weighted'). You may use labels=[pos_label] to specify a single positive class.
  warnings.warn(

2024-02-14 15:21:25,901:WARNING:/home/eddie/.local/lib/python3.10/site-packages/sklearn/metrics/_classification.py:1396: UserWarning: Note that pos_label (set to 'Normal') is ignored when average != 'binary' (got 'weighted'). You may use labels=[pos_label] to specify a single positive class.
  warnings.warn(

2024-02-14 15:21:25,905:WARNING:/home/eddie/.local/lib/python3.10/site-packages/sklearn/metrics/_classification.py:1396: UserWarning: Note that pos_label (set to 'Normal') is ignored when average != 'binary' (got 'weighted'). You may use labels=[pos_label] to specify a single positive class.
  warnings.warn(

2024-02-14 15:21:25,907:WARNING:/home/eddie/.local/lib/python3.10/site-packages/sklearn/metrics/_classification.py:1396: UserWarning: Note that pos_label (set to 'Normal') is ignored when average != 'binary' (got 'weighted'). You may use labels=[pos_label] to specify a single positive class.
  warnings.warn(

2024-02-14 15:21:25,909:WARNING:/home/eddie/.local/lib/python3.10/site-packages/sklearn/metrics/_classification.py:1396: UserWarning: Note that pos_label (set to 'Normal') is ignored when average != 'binary' (got 'weighted'). You may use labels=[pos_label] to specify a single positive class.
  warnings.warn(

2024-02-14 15:21:26,022:INFO:Calculating mean and std
2024-02-14 15:21:26,024:INFO:Creating metrics dataframe
2024-02-14 15:21:26,026:INFO:Uploading results into container
2024-02-14 15:21:26,027:INFO:Uploading model into container now
2024-02-14 15:21:26,027:INFO:_master_model_container: 2
2024-02-14 15:21:26,027:INFO:_display_container: 2
2024-02-14 15:21:26,027:INFO:KNeighborsClassifier(algorithm='auto', leaf_size=30, metric='minkowski',
                     metric_params=None, n_jobs=-1, n_neighbors=5, p=2,
                     weights='uniform')
2024-02-14 15:21:26,027:INFO:create_model() successfully completed......................................
2024-02-14 15:21:26,124:INFO:SubProcess create_model() end ==================================
2024-02-14 15:21:26,124:INFO:Creating metrics dataframe
2024-02-14 15:21:26,131:INFO:Initializing Naive Bayes
2024-02-14 15:21:26,131:INFO:Total runtime is 1.6840075651804605 minutes
2024-02-14 15:21:26,134:INFO:SubProcess create_model() called ==================================
2024-02-14 15:21:26,134:INFO:Initializing create_model()
2024-02-14 15:21:26,134:INFO:create_model(self=<pycaret.classification.oop.ClassificationExperiment object at 0x7f07421274f0>, estimator=nb, fold=StratifiedKFold(n_splits=10, random_state=None, shuffle=False), round=4, cross_validation=True, predict=True, fit_kwargs={}, groups=None, refit=False, probability_threshold=None, experiment_custom_tags=None, verbose=False, system=False, add_to_model_list=True, metrics=None, display=<pycaret.internal.display.display.CommonDisplay object at 0x7f07ac6650f0>, model_only=True, return_train_score=False, error_score=0.0, kwargs={})
2024-02-14 15:21:26,134:INFO:Checking exceptions
2024-02-14 15:21:26,134:INFO:Importing libraries
2024-02-14 15:21:26,134:INFO:Copying training dataset
2024-02-14 15:21:26,197:INFO:Defining folds
2024-02-14 15:21:26,197:INFO:Declaring metric variables
2024-02-14 15:21:26,200:INFO:Importing untrained model
2024-02-14 15:21:26,202:INFO:Naive Bayes Imported successfully
2024-02-14 15:21:26,207:INFO:Starting cross validation
2024-02-14 15:21:26,213:INFO:Cross validating with StratifiedKFold(n_splits=10, random_state=None, shuffle=False), n_jobs=-1
2024-02-14 15:21:27,332:WARNING:/home/eddie/.local/lib/python3.10/site-packages/sklearn/metrics/_classification.py:1396: UserWarning: Note that pos_label (set to 'Normal') is ignored when average != 'binary' (got 'weighted'). You may use labels=[pos_label] to specify a single positive class.
  warnings.warn(

2024-02-14 15:21:27,337:WARNING:/home/eddie/.local/lib/python3.10/site-packages/sklearn/metrics/_classification.py:1396: UserWarning: Note that pos_label (set to 'Normal') is ignored when average != 'binary' (got 'weighted'). You may use labels=[pos_label] to specify a single positive class.
  warnings.warn(

2024-02-14 15:21:27,340:WARNING:/home/eddie/.local/lib/python3.10/site-packages/sklearn/metrics/_classification.py:1396: UserWarning: Note that pos_label (set to 'Normal') is ignored when average != 'binary' (got 'weighted'). You may use labels=[pos_label] to specify a single positive class.
  warnings.warn(

2024-02-14 15:21:27,341:WARNING:/home/eddie/.local/lib/python3.10/site-packages/sklearn/metrics/_classification.py:1396: UserWarning: Note that pos_label (set to 'Normal') is ignored when average != 'binary' (got 'weighted'). You may use labels=[pos_label] to specify a single positive class.
  warnings.warn(

2024-02-14 15:21:27,346:WARNING:/home/eddie/.local/lib/python3.10/site-packages/sklearn/metrics/_classification.py:1396: UserWarning: Note that pos_label (set to 'Normal') is ignored when average != 'binary' (got 'weighted'). You may use labels=[pos_label] to specify a single positive class.
  warnings.warn(

2024-02-14 15:21:27,357:WARNING:/home/eddie/.local/lib/python3.10/site-packages/sklearn/metrics/_classification.py:1396: UserWarning: Note that pos_label (set to 'Normal') is ignored when average != 'binary' (got 'weighted'). You may use labels=[pos_label] to specify a single positive class.
  warnings.warn(

2024-02-14 15:21:27,383:WARNING:/home/eddie/.local/lib/python3.10/site-packages/sklearn/metrics/_classification.py:1396: UserWarning: Note that pos_label (set to 'Normal') is ignored when average != 'binary' (got 'weighted'). You may use labels=[pos_label] to specify a single positive class.
  warnings.warn(

2024-02-14 15:21:27,390:WARNING:/home/eddie/.local/lib/python3.10/site-packages/sklearn/metrics/_classification.py:1396: UserWarning: Note that pos_label (set to 'Normal') is ignored when average != 'binary' (got 'weighted'). You may use labels=[pos_label] to specify a single positive class.
  warnings.warn(

2024-02-14 15:21:27,394:WARNING:/home/eddie/.local/lib/python3.10/site-packages/sklearn/metrics/_classification.py:1396: UserWarning: Note that pos_label (set to 'Normal') is ignored when average != 'binary' (got 'weighted'). You may use labels=[pos_label] to specify a single positive class.
  warnings.warn(

2024-02-14 15:21:27,421:WARNING:/home/eddie/.local/lib/python3.10/site-packages/sklearn/metrics/_classification.py:1396: UserWarning: Note that pos_label (set to 'Normal') is ignored when average != 'binary' (got 'weighted'). You may use labels=[pos_label] to specify a single positive class.
  warnings.warn(

2024-02-14 15:21:27,423:WARNING:/home/eddie/.local/lib/python3.10/site-packages/sklearn/metrics/_classification.py:1396: UserWarning: Note that pos_label (set to 'Normal') is ignored when average != 'binary' (got 'weighted'). You may use labels=[pos_label] to specify a single positive class.
  warnings.warn(

2024-02-14 15:21:27,424:WARNING:/home/eddie/.local/lib/python3.10/site-packages/sklearn/metrics/_classification.py:1396: UserWarning: Note that pos_label (set to 'Normal') is ignored when average != 'binary' (got 'weighted'). You may use labels=[pos_label] to specify a single positive class.
  warnings.warn(

2024-02-14 15:21:27,425:WARNING:/home/eddie/.local/lib/python3.10/site-packages/sklearn/metrics/_classification.py:1396: UserWarning: Note that pos_label (set to 'Normal') is ignored when average != 'binary' (got 'weighted'). You may use labels=[pos_label] to specify a single positive class.
  warnings.warn(

2024-02-14 15:21:27,428:WARNING:/home/eddie/.local/lib/python3.10/site-packages/sklearn/metrics/_classification.py:1396: UserWarning: Note that pos_label (set to 'Normal') is ignored when average != 'binary' (got 'weighted'). You may use labels=[pos_label] to specify a single positive class.
  warnings.warn(

2024-02-14 15:21:27,429:WARNING:/home/eddie/.local/lib/python3.10/site-packages/sklearn/metrics/_classification.py:1396: UserWarning: Note that pos_label (set to 'Normal') is ignored when average != 'binary' (got 'weighted'). You may use labels=[pos_label] to specify a single positive class.
  warnings.warn(

2024-02-14 15:21:27,430:WARNING:/home/eddie/.local/lib/python3.10/site-packages/sklearn/metrics/_classification.py:1396: UserWarning: Note that pos_label (set to 'Normal') is ignored when average != 'binary' (got 'weighted'). You may use labels=[pos_label] to specify a single positive class.
  warnings.warn(

2024-02-14 15:21:27,433:WARNING:/home/eddie/.local/lib/python3.10/site-packages/sklearn/metrics/_classification.py:1396: UserWarning: Note that pos_label (set to 'Normal') is ignored when average != 'binary' (got 'weighted'). You may use labels=[pos_label] to specify a single positive class.
  warnings.warn(

2024-02-14 15:21:27,434:WARNING:/home/eddie/.local/lib/python3.10/site-packages/sklearn/metrics/_classification.py:1396: UserWarning: Note that pos_label (set to 'Normal') is ignored when average != 'binary' (got 'weighted'). You may use labels=[pos_label] to specify a single positive class.
  warnings.warn(

2024-02-14 15:21:27,441:WARNING:/home/eddie/.local/lib/python3.10/site-packages/sklearn/metrics/_classification.py:1396: UserWarning: Note that pos_label (set to 'Normal') is ignored when average != 'binary' (got 'weighted'). You may use labels=[pos_label] to specify a single positive class.
  warnings.warn(

2024-02-14 15:21:27,442:WARNING:/home/eddie/.local/lib/python3.10/site-packages/sklearn/metrics/_classification.py:1396: UserWarning: Note that pos_label (set to 'Normal') is ignored when average != 'binary' (got 'weighted'). You may use labels=[pos_label] to specify a single positive class.
  warnings.warn(

2024-02-14 15:21:27,445:WARNING:/home/eddie/.local/lib/python3.10/site-packages/sklearn/metrics/_classification.py:1396: UserWarning: Note that pos_label (set to 'Normal') is ignored when average != 'binary' (got 'weighted'). You may use labels=[pos_label] to specify a single positive class.
  warnings.warn(

2024-02-14 15:21:27,446:WARNING:/home/eddie/.local/lib/python3.10/site-packages/sklearn/metrics/_classification.py:1396: UserWarning: Note that pos_label (set to 'Normal') is ignored when average != 'binary' (got 'weighted'). You may use labels=[pos_label] to specify a single positive class.
  warnings.warn(

2024-02-14 15:21:27,448:WARNING:/home/eddie/.local/lib/python3.10/site-packages/sklearn/metrics/_classification.py:1396: UserWarning: Note that pos_label (set to 'Normal') is ignored when average != 'binary' (got 'weighted'). You may use labels=[pos_label] to specify a single positive class.
  warnings.warn(

2024-02-14 15:21:27,448:WARNING:/home/eddie/.local/lib/python3.10/site-packages/sklearn/metrics/_classification.py:1396: UserWarning: Note that pos_label (set to 'Normal') is ignored when average != 'binary' (got 'weighted'). You may use labels=[pos_label] to specify a single positive class.
  warnings.warn(

2024-02-14 15:21:27,458:WARNING:/home/eddie/.local/lib/python3.10/site-packages/sklearn/metrics/_classification.py:1396: UserWarning: Note that pos_label (set to 'Normal') is ignored when average != 'binary' (got 'weighted'). You may use labels=[pos_label] to specify a single positive class.
  warnings.warn(

2024-02-14 15:21:27,462:WARNING:/home/eddie/.local/lib/python3.10/site-packages/sklearn/metrics/_classification.py:1396: UserWarning: Note that pos_label (set to 'Normal') is ignored when average != 'binary' (got 'weighted'). You may use labels=[pos_label] to specify a single positive class.
  warnings.warn(

2024-02-14 15:21:27,464:WARNING:/home/eddie/.local/lib/python3.10/site-packages/sklearn/metrics/_classification.py:1396: UserWarning: Note that pos_label (set to 'Normal') is ignored when average != 'binary' (got 'weighted'). You may use labels=[pos_label] to specify a single positive class.
  warnings.warn(

2024-02-14 15:21:27,464:WARNING:/home/eddie/.local/lib/python3.10/site-packages/sklearn/metrics/_classification.py:1396: UserWarning: Note that pos_label (set to 'Normal') is ignored when average != 'binary' (got 'weighted'). You may use labels=[pos_label] to specify a single positive class.
  warnings.warn(

2024-02-14 15:21:27,467:WARNING:/home/eddie/.local/lib/python3.10/site-packages/sklearn/metrics/_classification.py:1396: UserWarning: Note that pos_label (set to 'Normal') is ignored when average != 'binary' (got 'weighted'). You may use labels=[pos_label] to specify a single positive class.
  warnings.warn(

2024-02-14 15:21:27,469:WARNING:/home/eddie/.local/lib/python3.10/site-packages/sklearn/metrics/_classification.py:1396: UserWarning: Note that pos_label (set to 'Normal') is ignored when average != 'binary' (got 'weighted'). You may use labels=[pos_label] to specify a single positive class.
  warnings.warn(

2024-02-14 15:21:27,576:INFO:Calculating mean and std
2024-02-14 15:21:27,577:INFO:Creating metrics dataframe
2024-02-14 15:21:27,581:INFO:Uploading results into container
2024-02-14 15:21:27,581:INFO:Uploading model into container now
2024-02-14 15:21:27,581:INFO:_master_model_container: 3
2024-02-14 15:21:27,581:INFO:_display_container: 2
2024-02-14 15:21:27,582:INFO:GaussianNB(priors=None, var_smoothing=1e-09)
2024-02-14 15:21:27,582:INFO:create_model() successfully completed......................................
2024-02-14 15:21:27,676:INFO:SubProcess create_model() end ==================================
2024-02-14 15:21:27,676:INFO:Creating metrics dataframe
2024-02-14 15:21:27,684:INFO:Initializing Decision Tree Classifier
2024-02-14 15:21:27,684:INFO:Total runtime is 1.7098790725072224 minutes
2024-02-14 15:21:27,687:INFO:SubProcess create_model() called ==================================
2024-02-14 15:21:27,687:INFO:Initializing create_model()
2024-02-14 15:21:27,687:INFO:create_model(self=<pycaret.classification.oop.ClassificationExperiment object at 0x7f07421274f0>, estimator=dt, fold=StratifiedKFold(n_splits=10, random_state=None, shuffle=False), round=4, cross_validation=True, predict=True, fit_kwargs={}, groups=None, refit=False, probability_threshold=None, experiment_custom_tags=None, verbose=False, system=False, add_to_model_list=True, metrics=None, display=<pycaret.internal.display.display.CommonDisplay object at 0x7f07ac6650f0>, model_only=True, return_train_score=False, error_score=0.0, kwargs={})
2024-02-14 15:21:27,687:INFO:Checking exceptions
2024-02-14 15:21:27,687:INFO:Importing libraries
2024-02-14 15:21:27,687:INFO:Copying training dataset
2024-02-14 15:21:27,755:INFO:Defining folds
2024-02-14 15:21:27,755:INFO:Declaring metric variables
2024-02-14 15:21:27,758:INFO:Importing untrained model
2024-02-14 15:21:27,761:INFO:Decision Tree Classifier Imported successfully
2024-02-14 15:21:27,766:INFO:Starting cross validation
2024-02-14 15:21:27,772:INFO:Cross validating with StratifiedKFold(n_splits=10, random_state=None, shuffle=False), n_jobs=-1
2024-02-14 15:21:34,749:WARNING:/home/eddie/.local/lib/python3.10/site-packages/sklearn/metrics/_classification.py:1396: UserWarning: Note that pos_label (set to 'Normal') is ignored when average != 'binary' (got 'weighted'). You may use labels=[pos_label] to specify a single positive class.
  warnings.warn(

2024-02-14 15:21:34,752:WARNING:/home/eddie/.local/lib/python3.10/site-packages/sklearn/metrics/_classification.py:1396: UserWarning: Note that pos_label (set to 'Normal') is ignored when average != 'binary' (got 'weighted'). You may use labels=[pos_label] to specify a single positive class.
  warnings.warn(

2024-02-14 15:21:34,756:WARNING:/home/eddie/.local/lib/python3.10/site-packages/sklearn/metrics/_classification.py:1396: UserWarning: Note that pos_label (set to 'Normal') is ignored when average != 'binary' (got 'weighted'). You may use labels=[pos_label] to specify a single positive class.
  warnings.warn(

2024-02-14 15:21:34,883:WARNING:/home/eddie/.local/lib/python3.10/site-packages/sklearn/metrics/_classification.py:1396: UserWarning: Note that pos_label (set to 'Normal') is ignored when average != 'binary' (got 'weighted'). You may use labels=[pos_label] to specify a single positive class.
  warnings.warn(

2024-02-14 15:21:34,887:WARNING:/home/eddie/.local/lib/python3.10/site-packages/sklearn/metrics/_classification.py:1396: UserWarning: Note that pos_label (set to 'Normal') is ignored when average != 'binary' (got 'weighted'). You may use labels=[pos_label] to specify a single positive class.
  warnings.warn(

2024-02-14 15:21:34,890:WARNING:/home/eddie/.local/lib/python3.10/site-packages/sklearn/metrics/_classification.py:1396: UserWarning: Note that pos_label (set to 'Normal') is ignored when average != 'binary' (got 'weighted'). You may use labels=[pos_label] to specify a single positive class.
  warnings.warn(

2024-02-14 15:21:35,038:WARNING:/home/eddie/.local/lib/python3.10/site-packages/sklearn/metrics/_classification.py:1396: UserWarning: Note that pos_label (set to 'Normal') is ignored when average != 'binary' (got 'weighted'). You may use labels=[pos_label] to specify a single positive class.
  warnings.warn(

2024-02-14 15:21:35,042:WARNING:/home/eddie/.local/lib/python3.10/site-packages/sklearn/metrics/_classification.py:1396: UserWarning: Note that pos_label (set to 'Normal') is ignored when average != 'binary' (got 'weighted'). You may use labels=[pos_label] to specify a single positive class.
  warnings.warn(

2024-02-14 15:21:35,046:WARNING:/home/eddie/.local/lib/python3.10/site-packages/sklearn/metrics/_classification.py:1396: UserWarning: Note that pos_label (set to 'Normal') is ignored when average != 'binary' (got 'weighted'). You may use labels=[pos_label] to specify a single positive class.
  warnings.warn(

2024-02-14 15:21:35,094:WARNING:/home/eddie/.local/lib/python3.10/site-packages/sklearn/metrics/_classification.py:1396: UserWarning: Note that pos_label (set to 'Normal') is ignored when average != 'binary' (got 'weighted'). You may use labels=[pos_label] to specify a single positive class.
  warnings.warn(

2024-02-14 15:21:35,097:WARNING:/home/eddie/.local/lib/python3.10/site-packages/sklearn/metrics/_classification.py:1396: UserWarning: Note that pos_label (set to 'Normal') is ignored when average != 'binary' (got 'weighted'). You may use labels=[pos_label] to specify a single positive class.
  warnings.warn(

2024-02-14 15:21:35,100:WARNING:/home/eddie/.local/lib/python3.10/site-packages/sklearn/metrics/_classification.py:1396: UserWarning: Note that pos_label (set to 'Normal') is ignored when average != 'binary' (got 'weighted'). You may use labels=[pos_label] to specify a single positive class.
  warnings.warn(

2024-02-14 15:21:35,204:WARNING:/home/eddie/.local/lib/python3.10/site-packages/sklearn/metrics/_classification.py:1396: UserWarning: Note that pos_label (set to 'Normal') is ignored when average != 'binary' (got 'weighted'). You may use labels=[pos_label] to specify a single positive class.
  warnings.warn(

2024-02-14 15:21:35,207:WARNING:/home/eddie/.local/lib/python3.10/site-packages/sklearn/metrics/_classification.py:1396: UserWarning: Note that pos_label (set to 'Normal') is ignored when average != 'binary' (got 'weighted'). You may use labels=[pos_label] to specify a single positive class.
  warnings.warn(

2024-02-14 15:21:35,209:WARNING:/home/eddie/.local/lib/python3.10/site-packages/sklearn/metrics/_classification.py:1396: UserWarning: Note that pos_label (set to 'Normal') is ignored when average != 'binary' (got 'weighted'). You may use labels=[pos_label] to specify a single positive class.
  warnings.warn(

2024-02-14 15:21:35,308:WARNING:/home/eddie/.local/lib/python3.10/site-packages/sklearn/metrics/_classification.py:1396: UserWarning: Note that pos_label (set to 'Normal') is ignored when average != 'binary' (got 'weighted'). You may use labels=[pos_label] to specify a single positive class.
  warnings.warn(

2024-02-14 15:21:35,310:WARNING:/home/eddie/.local/lib/python3.10/site-packages/sklearn/metrics/_classification.py:1396: UserWarning: Note that pos_label (set to 'Normal') is ignored when average != 'binary' (got 'weighted'). You may use labels=[pos_label] to specify a single positive class.
  warnings.warn(

2024-02-14 15:21:35,313:WARNING:/home/eddie/.local/lib/python3.10/site-packages/sklearn/metrics/_classification.py:1396: UserWarning: Note that pos_label (set to 'Normal') is ignored when average != 'binary' (got 'weighted'). You may use labels=[pos_label] to specify a single positive class.
  warnings.warn(

2024-02-14 15:21:35,339:WARNING:/home/eddie/.local/lib/python3.10/site-packages/sklearn/metrics/_classification.py:1396: UserWarning: Note that pos_label (set to 'Normal') is ignored when average != 'binary' (got 'weighted'). You may use labels=[pos_label] to specify a single positive class.
  warnings.warn(

2024-02-14 15:21:35,342:WARNING:/home/eddie/.local/lib/python3.10/site-packages/sklearn/metrics/_classification.py:1396: UserWarning: Note that pos_label (set to 'Normal') is ignored when average != 'binary' (got 'weighted'). You may use labels=[pos_label] to specify a single positive class.
  warnings.warn(

2024-02-14 15:21:35,344:WARNING:/home/eddie/.local/lib/python3.10/site-packages/sklearn/metrics/_classification.py:1396: UserWarning: Note that pos_label (set to 'Normal') is ignored when average != 'binary' (got 'weighted'). You may use labels=[pos_label] to specify a single positive class.
  warnings.warn(

2024-02-14 15:21:35,475:WARNING:/home/eddie/.local/lib/python3.10/site-packages/sklearn/metrics/_classification.py:1396: UserWarning: Note that pos_label (set to 'Normal') is ignored when average != 'binary' (got 'weighted'). You may use labels=[pos_label] to specify a single positive class.
  warnings.warn(

2024-02-14 15:21:35,477:WARNING:/home/eddie/.local/lib/python3.10/site-packages/sklearn/metrics/_classification.py:1396: UserWarning: Note that pos_label (set to 'Normal') is ignored when average != 'binary' (got 'weighted'). You may use labels=[pos_label] to specify a single positive class.
  warnings.warn(

2024-02-14 15:21:35,480:WARNING:/home/eddie/.local/lib/python3.10/site-packages/sklearn/metrics/_classification.py:1396: UserWarning: Note that pos_label (set to 'Normal') is ignored when average != 'binary' (got 'weighted'). You may use labels=[pos_label] to specify a single positive class.
  warnings.warn(

2024-02-14 15:21:35,629:WARNING:/home/eddie/.local/lib/python3.10/site-packages/sklearn/metrics/_classification.py:1396: UserWarning: Note that pos_label (set to 'Normal') is ignored when average != 'binary' (got 'weighted'). You may use labels=[pos_label] to specify a single positive class.
  warnings.warn(

2024-02-14 15:21:35,631:WARNING:/home/eddie/.local/lib/python3.10/site-packages/sklearn/metrics/_classification.py:1396: UserWarning: Note that pos_label (set to 'Normal') is ignored when average != 'binary' (got 'weighted'). You may use labels=[pos_label] to specify a single positive class.
  warnings.warn(

2024-02-14 15:21:35,633:WARNING:/home/eddie/.local/lib/python3.10/site-packages/sklearn/metrics/_classification.py:1396: UserWarning: Note that pos_label (set to 'Normal') is ignored when average != 'binary' (got 'weighted'). You may use labels=[pos_label] to specify a single positive class.
  warnings.warn(

2024-02-14 15:21:35,730:WARNING:/home/eddie/.local/lib/python3.10/site-packages/sklearn/metrics/_classification.py:1396: UserWarning: Note that pos_label (set to 'Normal') is ignored when average != 'binary' (got 'weighted'). You may use labels=[pos_label] to specify a single positive class.
  warnings.warn(

2024-02-14 15:21:35,732:WARNING:/home/eddie/.local/lib/python3.10/site-packages/sklearn/metrics/_classification.py:1396: UserWarning: Note that pos_label (set to 'Normal') is ignored when average != 'binary' (got 'weighted'). You may use labels=[pos_label] to specify a single positive class.
  warnings.warn(

2024-02-14 15:21:35,734:WARNING:/home/eddie/.local/lib/python3.10/site-packages/sklearn/metrics/_classification.py:1396: UserWarning: Note that pos_label (set to 'Normal') is ignored when average != 'binary' (got 'weighted'). You may use labels=[pos_label] to specify a single positive class.
  warnings.warn(

2024-02-14 15:21:35,846:INFO:Calculating mean and std
2024-02-14 15:21:35,847:INFO:Creating metrics dataframe
2024-02-14 15:21:35,850:INFO:Uploading results into container
2024-02-14 15:21:35,850:INFO:Uploading model into container now
2024-02-14 15:21:35,850:INFO:_master_model_container: 4
2024-02-14 15:21:35,850:INFO:_display_container: 2
2024-02-14 15:21:35,850:INFO:DecisionTreeClassifier(ccp_alpha=0.0, class_weight=None, criterion='gini',
                       max_depth=None, max_features=None, max_leaf_nodes=None,
                       min_impurity_decrease=0.0, min_samples_leaf=1,
                       min_samples_split=2, min_weight_fraction_leaf=0.0,
                       random_state=1234, splitter='best')
2024-02-14 15:21:35,851:INFO:create_model() successfully completed......................................
2024-02-14 15:21:35,947:INFO:SubProcess create_model() end ==================================
2024-02-14 15:21:35,947:INFO:Creating metrics dataframe
2024-02-14 15:21:35,955:INFO:Initializing SVM - Linear Kernel
2024-02-14 15:21:35,955:INFO:Total runtime is 1.8477317412694294 minutes
2024-02-14 15:21:35,957:INFO:SubProcess create_model() called ==================================
2024-02-14 15:21:35,958:INFO:Initializing create_model()
2024-02-14 15:21:35,958:INFO:create_model(self=<pycaret.classification.oop.ClassificationExperiment object at 0x7f07421274f0>, estimator=svm, fold=StratifiedKFold(n_splits=10, random_state=None, shuffle=False), round=4, cross_validation=True, predict=True, fit_kwargs={}, groups=None, refit=False, probability_threshold=None, experiment_custom_tags=None, verbose=False, system=False, add_to_model_list=True, metrics=None, display=<pycaret.internal.display.display.CommonDisplay object at 0x7f07ac6650f0>, model_only=True, return_train_score=False, error_score=0.0, kwargs={})
2024-02-14 15:21:35,958:INFO:Checking exceptions
2024-02-14 15:21:35,958:INFO:Importing libraries
2024-02-14 15:21:35,958:INFO:Copying training dataset
2024-02-14 15:21:36,016:INFO:Defining folds
2024-02-14 15:21:36,016:INFO:Declaring metric variables
2024-02-14 15:21:36,019:INFO:Importing untrained model
2024-02-14 15:21:36,022:INFO:SVM - Linear Kernel Imported successfully
2024-02-14 15:21:36,026:INFO:Starting cross validation
2024-02-14 15:21:36,031:INFO:Cross validating with StratifiedKFold(n_splits=10, random_state=None, shuffle=False), n_jobs=-1
2024-02-14 15:21:42,144:WARNING:/home/eddie/.local/lib/python3.10/site-packages/pycaret/internal/metrics.py:190: FitFailedWarning: Metric 'make_scorer(roc_auc_score, needs_proba=True, error_score=0.0, average=weighted, multi_class=ovr)' failed and error score 0.0 has been returned instead. If this is a custom metric, this usually means that the error is in the metric code. Full exception below:
Traceback (most recent call last):
  File "/home/eddie/.local/lib/python3.10/site-packages/sklearn/metrics/_scorer.py", line 76, in _cached_call
    return cache[method]
KeyError: 'predict_proba'

During handling of the above exception, another exception occurred:

Traceback (most recent call last):
  File "/home/eddie/.local/lib/python3.10/site-packages/pycaret/internal/metrics.py", line 182, in _score
    return super()._score(
  File "/home/eddie/.local/lib/python3.10/site-packages/sklearn/metrics/_scorer.py", line 316, in _score
    y_pred = method_caller(clf, "predict_proba", X)
  File "/home/eddie/.local/lib/python3.10/site-packages/sklearn/metrics/_scorer.py", line 78, in _cached_call
    result = getattr(estimator, method)(*args, **kwargs)
  File "/home/eddie/.local/lib/python3.10/site-packages/pycaret/internal/pipeline.py", line 127, in __getattr__
    return getattr(self._final_estimator, name)
  File "/home/eddie/.local/lib/python3.10/site-packages/sklearn/utils/_available_if.py", line 32, in __get__
    if not self.check(obj):
  File "/home/eddie/.local/lib/python3.10/site-packages/sklearn/linear_model/_stochastic_gradient.py", line 1235, in _check_proba
    raise AttributeError(
AttributeError: probability estimates are not available for loss='hinge'

  warnings.warn(

2024-02-14 15:21:42,149:WARNING:/home/eddie/.local/lib/python3.10/site-packages/sklearn/metrics/_classification.py:1396: UserWarning: Note that pos_label (set to 'Normal') is ignored when average != 'binary' (got 'weighted'). You may use labels=[pos_label] to specify a single positive class.
  warnings.warn(

2024-02-14 15:21:42,156:WARNING:/home/eddie/.local/lib/python3.10/site-packages/sklearn/metrics/_classification.py:1396: UserWarning: Note that pos_label (set to 'Normal') is ignored when average != 'binary' (got 'weighted'). You may use labels=[pos_label] to specify a single positive class.
  warnings.warn(

2024-02-14 15:21:42,181:WARNING:/home/eddie/.local/lib/python3.10/site-packages/sklearn/metrics/_classification.py:1396: UserWarning: Note that pos_label (set to 'Normal') is ignored when average != 'binary' (got 'weighted'). You may use labels=[pos_label] to specify a single positive class.
  warnings.warn(

2024-02-14 15:21:42,393:WARNING:/home/eddie/.local/lib/python3.10/site-packages/pycaret/internal/metrics.py:190: FitFailedWarning: Metric 'make_scorer(roc_auc_score, needs_proba=True, error_score=0.0, average=weighted, multi_class=ovr)' failed and error score 0.0 has been returned instead. If this is a custom metric, this usually means that the error is in the metric code. Full exception below:
Traceback (most recent call last):
  File "/home/eddie/.local/lib/python3.10/site-packages/sklearn/metrics/_scorer.py", line 76, in _cached_call
    return cache[method]
KeyError: 'predict_proba'

During handling of the above exception, another exception occurred:

Traceback (most recent call last):
  File "/home/eddie/.local/lib/python3.10/site-packages/pycaret/internal/metrics.py", line 182, in _score
    return super()._score(
  File "/home/eddie/.local/lib/python3.10/site-packages/sklearn/metrics/_scorer.py", line 316, in _score
    y_pred = method_caller(clf, "predict_proba", X)
  File "/home/eddie/.local/lib/python3.10/site-packages/sklearn/metrics/_scorer.py", line 78, in _cached_call
    result = getattr(estimator, method)(*args, **kwargs)
  File "/home/eddie/.local/lib/python3.10/site-packages/pycaret/internal/pipeline.py", line 127, in __getattr__
    return getattr(self._final_estimator, name)
  File "/home/eddie/.local/lib/python3.10/site-packages/sklearn/utils/_available_if.py", line 32, in __get__
    if not self.check(obj):
  File "/home/eddie/.local/lib/python3.10/site-packages/sklearn/linear_model/_stochastic_gradient.py", line 1235, in _check_proba
    raise AttributeError(
AttributeError: probability estimates are not available for loss='hinge'

  warnings.warn(

2024-02-14 15:21:42,397:WARNING:/home/eddie/.local/lib/python3.10/site-packages/sklearn/metrics/_classification.py:1396: UserWarning: Note that pos_label (set to 'Normal') is ignored when average != 'binary' (got 'weighted'). You may use labels=[pos_label] to specify a single positive class.
  warnings.warn(

2024-02-14 15:21:42,404:WARNING:/home/eddie/.local/lib/python3.10/site-packages/sklearn/metrics/_classification.py:1396: UserWarning: Note that pos_label (set to 'Normal') is ignored when average != 'binary' (got 'weighted'). You may use labels=[pos_label] to specify a single positive class.
  warnings.warn(

2024-02-14 15:21:42,411:WARNING:/home/eddie/.local/lib/python3.10/site-packages/sklearn/metrics/_classification.py:1396: UserWarning: Note that pos_label (set to 'Normal') is ignored when average != 'binary' (got 'weighted'). You may use labels=[pos_label] to specify a single positive class.
  warnings.warn(

2024-02-14 15:21:42,420:WARNING:/home/eddie/.local/lib/python3.10/site-packages/pycaret/internal/metrics.py:190: FitFailedWarning: Metric 'make_scorer(roc_auc_score, needs_proba=True, error_score=0.0, average=weighted, multi_class=ovr)' failed and error score 0.0 has been returned instead. If this is a custom metric, this usually means that the error is in the metric code. Full exception below:
Traceback (most recent call last):
  File "/home/eddie/.local/lib/python3.10/site-packages/sklearn/metrics/_scorer.py", line 76, in _cached_call
    return cache[method]
KeyError: 'predict_proba'

During handling of the above exception, another exception occurred:

Traceback (most recent call last):
  File "/home/eddie/.local/lib/python3.10/site-packages/pycaret/internal/metrics.py", line 182, in _score
    return super()._score(
  File "/home/eddie/.local/lib/python3.10/site-packages/sklearn/metrics/_scorer.py", line 316, in _score
    y_pred = method_caller(clf, "predict_proba", X)
  File "/home/eddie/.local/lib/python3.10/site-packages/sklearn/metrics/_scorer.py", line 78, in _cached_call
    result = getattr(estimator, method)(*args, **kwargs)
  File "/home/eddie/.local/lib/python3.10/site-packages/pycaret/internal/pipeline.py", line 127, in __getattr__
    return getattr(self._final_estimator, name)
  File "/home/eddie/.local/lib/python3.10/site-packages/sklearn/utils/_available_if.py", line 32, in __get__
    if not self.check(obj):
  File "/home/eddie/.local/lib/python3.10/site-packages/sklearn/linear_model/_stochastic_gradient.py", line 1235, in _check_proba
    raise AttributeError(
AttributeError: probability estimates are not available for loss='hinge'

  warnings.warn(

2024-02-14 15:21:42,424:WARNING:/home/eddie/.local/lib/python3.10/site-packages/sklearn/metrics/_classification.py:1396: UserWarning: Note that pos_label (set to 'Normal') is ignored when average != 'binary' (got 'weighted'). You may use labels=[pos_label] to specify a single positive class.
  warnings.warn(

2024-02-14 15:21:42,429:WARNING:/home/eddie/.local/lib/python3.10/site-packages/sklearn/metrics/_classification.py:1396: UserWarning: Note that pos_label (set to 'Normal') is ignored when average != 'binary' (got 'weighted'). You may use labels=[pos_label] to specify a single positive class.
  warnings.warn(

2024-02-14 15:21:42,433:WARNING:/home/eddie/.local/lib/python3.10/site-packages/sklearn/metrics/_classification.py:1396: UserWarning: Note that pos_label (set to 'Normal') is ignored when average != 'binary' (got 'weighted'). You may use labels=[pos_label] to specify a single positive class.
  warnings.warn(

2024-02-14 15:21:42,480:WARNING:/home/eddie/.local/lib/python3.10/site-packages/pycaret/internal/metrics.py:190: FitFailedWarning: Metric 'make_scorer(roc_auc_score, needs_proba=True, error_score=0.0, average=weighted, multi_class=ovr)' failed and error score 0.0 has been returned instead. If this is a custom metric, this usually means that the error is in the metric code. Full exception below:
Traceback (most recent call last):
  File "/home/eddie/.local/lib/python3.10/site-packages/sklearn/metrics/_scorer.py", line 76, in _cached_call
    return cache[method]
KeyError: 'predict_proba'

During handling of the above exception, another exception occurred:

Traceback (most recent call last):
  File "/home/eddie/.local/lib/python3.10/site-packages/pycaret/internal/metrics.py", line 182, in _score
    return super()._score(
  File "/home/eddie/.local/lib/python3.10/site-packages/sklearn/metrics/_scorer.py", line 316, in _score
    y_pred = method_caller(clf, "predict_proba", X)
  File "/home/eddie/.local/lib/python3.10/site-packages/sklearn/metrics/_scorer.py", line 78, in _cached_call
    result = getattr(estimator, method)(*args, **kwargs)
  File "/home/eddie/.local/lib/python3.10/site-packages/pycaret/internal/pipeline.py", line 127, in __getattr__
    return getattr(self._final_estimator, name)
  File "/home/eddie/.local/lib/python3.10/site-packages/sklearn/utils/_available_if.py", line 32, in __get__
    if not self.check(obj):
  File "/home/eddie/.local/lib/python3.10/site-packages/sklearn/linear_model/_stochastic_gradient.py", line 1235, in _check_proba
    raise AttributeError(
AttributeError: probability estimates are not available for loss='hinge'

  warnings.warn(

2024-02-14 15:21:42,482:WARNING:/home/eddie/.local/lib/python3.10/site-packages/sklearn/metrics/_classification.py:1396: UserWarning: Note that pos_label (set to 'Normal') is ignored when average != 'binary' (got 'weighted'). You may use labels=[pos_label] to specify a single positive class.
  warnings.warn(

2024-02-14 15:21:42,486:WARNING:/home/eddie/.local/lib/python3.10/site-packages/sklearn/metrics/_classification.py:1396: UserWarning: Note that pos_label (set to 'Normal') is ignored when average != 'binary' (got 'weighted'). You may use labels=[pos_label] to specify a single positive class.
  warnings.warn(

2024-02-14 15:21:42,489:WARNING:/home/eddie/.local/lib/python3.10/site-packages/sklearn/metrics/_classification.py:1396: UserWarning: Note that pos_label (set to 'Normal') is ignored when average != 'binary' (got 'weighted'). You may use labels=[pos_label] to specify a single positive class.
  warnings.warn(

2024-02-14 15:21:42,525:WARNING:/home/eddie/.local/lib/python3.10/site-packages/pycaret/internal/metrics.py:190: FitFailedWarning: Metric 'make_scorer(roc_auc_score, needs_proba=True, error_score=0.0, average=weighted, multi_class=ovr)' failed and error score 0.0 has been returned instead. If this is a custom metric, this usually means that the error is in the metric code. Full exception below:
Traceback (most recent call last):
  File "/home/eddie/.local/lib/python3.10/site-packages/sklearn/metrics/_scorer.py", line 76, in _cached_call
    return cache[method]
KeyError: 'predict_proba'

During handling of the above exception, another exception occurred:

Traceback (most recent call last):
  File "/home/eddie/.local/lib/python3.10/site-packages/pycaret/internal/metrics.py", line 182, in _score
    return super()._score(
  File "/home/eddie/.local/lib/python3.10/site-packages/sklearn/metrics/_scorer.py", line 316, in _score
    y_pred = method_caller(clf, "predict_proba", X)
  File "/home/eddie/.local/lib/python3.10/site-packages/sklearn/metrics/_scorer.py", line 78, in _cached_call
    result = getattr(estimator, method)(*args, **kwargs)
  File "/home/eddie/.local/lib/python3.10/site-packages/pycaret/internal/pipeline.py", line 127, in __getattr__
    return getattr(self._final_estimator, name)
  File "/home/eddie/.local/lib/python3.10/site-packages/sklearn/utils/_available_if.py", line 32, in __get__
    if not self.check(obj):
  File "/home/eddie/.local/lib/python3.10/site-packages/sklearn/linear_model/_stochastic_gradient.py", line 1235, in _check_proba
    raise AttributeError(
AttributeError: probability estimates are not available for loss='hinge'

  warnings.warn(

2024-02-14 15:21:42,529:WARNING:/home/eddie/.local/lib/python3.10/site-packages/sklearn/metrics/_classification.py:1396: UserWarning: Note that pos_label (set to 'Normal') is ignored when average != 'binary' (got 'weighted'). You may use labels=[pos_label] to specify a single positive class.
  warnings.warn(

2024-02-14 15:21:42,537:WARNING:/home/eddie/.local/lib/python3.10/site-packages/sklearn/metrics/_classification.py:1396: UserWarning: Note that pos_label (set to 'Normal') is ignored when average != 'binary' (got 'weighted'). You may use labels=[pos_label] to specify a single positive class.
  warnings.warn(

2024-02-14 15:21:42,543:WARNING:/home/eddie/.local/lib/python3.10/site-packages/sklearn/metrics/_classification.py:1396: UserWarning: Note that pos_label (set to 'Normal') is ignored when average != 'binary' (got 'weighted'). You may use labels=[pos_label] to specify a single positive class.
  warnings.warn(

2024-02-14 15:21:42,630:WARNING:/home/eddie/.local/lib/python3.10/site-packages/pycaret/internal/metrics.py:190: FitFailedWarning: Metric 'make_scorer(roc_auc_score, needs_proba=True, error_score=0.0, average=weighted, multi_class=ovr)' failed and error score 0.0 has been returned instead. If this is a custom metric, this usually means that the error is in the metric code. Full exception below:
Traceback (most recent call last):
  File "/home/eddie/.local/lib/python3.10/site-packages/sklearn/metrics/_scorer.py", line 76, in _cached_call
    return cache[method]
KeyError: 'predict_proba'

During handling of the above exception, another exception occurred:

Traceback (most recent call last):
  File "/home/eddie/.local/lib/python3.10/site-packages/pycaret/internal/metrics.py", line 182, in _score
    return super()._score(
  File "/home/eddie/.local/lib/python3.10/site-packages/sklearn/metrics/_scorer.py", line 316, in _score
    y_pred = method_caller(clf, "predict_proba", X)
  File "/home/eddie/.local/lib/python3.10/site-packages/sklearn/metrics/_scorer.py", line 78, in _cached_call
    result = getattr(estimator, method)(*args, **kwargs)
  File "/home/eddie/.local/lib/python3.10/site-packages/pycaret/internal/pipeline.py", line 127, in __getattr__
    return getattr(self._final_estimator, name)
  File "/home/eddie/.local/lib/python3.10/site-packages/sklearn/utils/_available_if.py", line 32, in __get__
    if not self.check(obj):
  File "/home/eddie/.local/lib/python3.10/site-packages/sklearn/linear_model/_stochastic_gradient.py", line 1235, in _check_proba
    raise AttributeError(
AttributeError: probability estimates are not available for loss='hinge'

  warnings.warn(

2024-02-14 15:21:42,633:WARNING:/home/eddie/.local/lib/python3.10/site-packages/sklearn/metrics/_classification.py:1396: UserWarning: Note that pos_label (set to 'Normal') is ignored when average != 'binary' (got 'weighted'). You may use labels=[pos_label] to specify a single positive class.
  warnings.warn(

2024-02-14 15:21:42,636:WARNING:/home/eddie/.local/lib/python3.10/site-packages/sklearn/metrics/_classification.py:1396: UserWarning: Note that pos_label (set to 'Normal') is ignored when average != 'binary' (got 'weighted'). You may use labels=[pos_label] to specify a single positive class.
  warnings.warn(

2024-02-14 15:21:42,639:WARNING:/home/eddie/.local/lib/python3.10/site-packages/sklearn/metrics/_classification.py:1396: UserWarning: Note that pos_label (set to 'Normal') is ignored when average != 'binary' (got 'weighted'). You may use labels=[pos_label] to specify a single positive class.
  warnings.warn(

2024-02-14 15:21:42,709:WARNING:/home/eddie/.local/lib/python3.10/site-packages/pycaret/internal/metrics.py:190: FitFailedWarning: Metric 'make_scorer(roc_auc_score, needs_proba=True, error_score=0.0, average=weighted, multi_class=ovr)' failed and error score 0.0 has been returned instead. If this is a custom metric, this usually means that the error is in the metric code. Full exception below:
Traceback (most recent call last):
  File "/home/eddie/.local/lib/python3.10/site-packages/sklearn/metrics/_scorer.py", line 76, in _cached_call
    return cache[method]
KeyError: 'predict_proba'

During handling of the above exception, another exception occurred:

Traceback (most recent call last):
  File "/home/eddie/.local/lib/python3.10/site-packages/pycaret/internal/metrics.py", line 182, in _score
    return super()._score(
  File "/home/eddie/.local/lib/python3.10/site-packages/sklearn/metrics/_scorer.py", line 316, in _score
    y_pred = method_caller(clf, "predict_proba", X)
  File "/home/eddie/.local/lib/python3.10/site-packages/sklearn/metrics/_scorer.py", line 78, in _cached_call
    result = getattr(estimator, method)(*args, **kwargs)
  File "/home/eddie/.local/lib/python3.10/site-packages/pycaret/internal/pipeline.py", line 127, in __getattr__
    return getattr(self._final_estimator, name)
  File "/home/eddie/.local/lib/python3.10/site-packages/sklearn/utils/_available_if.py", line 32, in __get__
    if not self.check(obj):
  File "/home/eddie/.local/lib/python3.10/site-packages/sklearn/linear_model/_stochastic_gradient.py", line 1235, in _check_proba
    raise AttributeError(
AttributeError: probability estimates are not available for loss='hinge'

  warnings.warn(

2024-02-14 15:21:42,710:WARNING:/home/eddie/.local/lib/python3.10/site-packages/sklearn/metrics/_classification.py:1396: UserWarning: Note that pos_label (set to 'Normal') is ignored when average != 'binary' (got 'weighted'). You may use labels=[pos_label] to specify a single positive class.
  warnings.warn(

2024-02-14 15:21:42,713:WARNING:/home/eddie/.local/lib/python3.10/site-packages/sklearn/metrics/_classification.py:1396: UserWarning: Note that pos_label (set to 'Normal') is ignored when average != 'binary' (got 'weighted'). You may use labels=[pos_label] to specify a single positive class.
  warnings.warn(

2024-02-14 15:21:42,716:WARNING:/home/eddie/.local/lib/python3.10/site-packages/sklearn/metrics/_classification.py:1396: UserWarning: Note that pos_label (set to 'Normal') is ignored when average != 'binary' (got 'weighted'). You may use labels=[pos_label] to specify a single positive class.
  warnings.warn(

2024-02-14 15:21:42,726:WARNING:/home/eddie/.local/lib/python3.10/site-packages/pycaret/internal/metrics.py:190: FitFailedWarning: Metric 'make_scorer(roc_auc_score, needs_proba=True, error_score=0.0, average=weighted, multi_class=ovr)' failed and error score 0.0 has been returned instead. If this is a custom metric, this usually means that the error is in the metric code. Full exception below:
Traceback (most recent call last):
  File "/home/eddie/.local/lib/python3.10/site-packages/sklearn/metrics/_scorer.py", line 76, in _cached_call
    return cache[method]
KeyError: 'predict_proba'

During handling of the above exception, another exception occurred:

Traceback (most recent call last):
  File "/home/eddie/.local/lib/python3.10/site-packages/pycaret/internal/metrics.py", line 182, in _score
    return super()._score(
  File "/home/eddie/.local/lib/python3.10/site-packages/sklearn/metrics/_scorer.py", line 316, in _score
    y_pred = method_caller(clf, "predict_proba", X)
  File "/home/eddie/.local/lib/python3.10/site-packages/sklearn/metrics/_scorer.py", line 78, in _cached_call
    result = getattr(estimator, method)(*args, **kwargs)
  File "/home/eddie/.local/lib/python3.10/site-packages/pycaret/internal/pipeline.py", line 127, in __getattr__
    return getattr(self._final_estimator, name)
  File "/home/eddie/.local/lib/python3.10/site-packages/sklearn/utils/_available_if.py", line 32, in __get__
    if not self.check(obj):
  File "/home/eddie/.local/lib/python3.10/site-packages/sklearn/linear_model/_stochastic_gradient.py", line 1235, in _check_proba
    raise AttributeError(
AttributeError: probability estimates are not available for loss='hinge'

  warnings.warn(

2024-02-14 15:21:42,728:WARNING:/home/eddie/.local/lib/python3.10/site-packages/sklearn/metrics/_classification.py:1396: UserWarning: Note that pos_label (set to 'Normal') is ignored when average != 'binary' (got 'weighted'). You may use labels=[pos_label] to specify a single positive class.
  warnings.warn(

2024-02-14 15:21:42,732:WARNING:/home/eddie/.local/lib/python3.10/site-packages/sklearn/metrics/_classification.py:1396: UserWarning: Note that pos_label (set to 'Normal') is ignored when average != 'binary' (got 'weighted'). You may use labels=[pos_label] to specify a single positive class.
  warnings.warn(

2024-02-14 15:21:42,736:WARNING:/home/eddie/.local/lib/python3.10/site-packages/sklearn/metrics/_classification.py:1396: UserWarning: Note that pos_label (set to 'Normal') is ignored when average != 'binary' (got 'weighted'). You may use labels=[pos_label] to specify a single positive class.
  warnings.warn(

2024-02-14 15:21:42,769:WARNING:/home/eddie/.local/lib/python3.10/site-packages/pycaret/internal/metrics.py:190: FitFailedWarning: Metric 'make_scorer(roc_auc_score, needs_proba=True, error_score=0.0, average=weighted, multi_class=ovr)' failed and error score 0.0 has been returned instead. If this is a custom metric, this usually means that the error is in the metric code. Full exception below:
Traceback (most recent call last):
  File "/home/eddie/.local/lib/python3.10/site-packages/sklearn/metrics/_scorer.py", line 76, in _cached_call
    return cache[method]
KeyError: 'predict_proba'

During handling of the above exception, another exception occurred:

Traceback (most recent call last):
  File "/home/eddie/.local/lib/python3.10/site-packages/pycaret/internal/metrics.py", line 182, in _score
    return super()._score(
  File "/home/eddie/.local/lib/python3.10/site-packages/sklearn/metrics/_scorer.py", line 316, in _score
    y_pred = method_caller(clf, "predict_proba", X)
  File "/home/eddie/.local/lib/python3.10/site-packages/sklearn/metrics/_scorer.py", line 78, in _cached_call
    result = getattr(estimator, method)(*args, **kwargs)
  File "/home/eddie/.local/lib/python3.10/site-packages/pycaret/internal/pipeline.py", line 127, in __getattr__
    return getattr(self._final_estimator, name)
  File "/home/eddie/.local/lib/python3.10/site-packages/sklearn/utils/_available_if.py", line 32, in __get__
    if not self.check(obj):
  File "/home/eddie/.local/lib/python3.10/site-packages/sklearn/linear_model/_stochastic_gradient.py", line 1235, in _check_proba
    raise AttributeError(
AttributeError: probability estimates are not available for loss='hinge'

  warnings.warn(

2024-02-14 15:21:42,771:WARNING:/home/eddie/.local/lib/python3.10/site-packages/sklearn/metrics/_classification.py:1396: UserWarning: Note that pos_label (set to 'Normal') is ignored when average != 'binary' (got 'weighted'). You may use labels=[pos_label] to specify a single positive class.
  warnings.warn(

2024-02-14 15:21:42,773:WARNING:/home/eddie/.local/lib/python3.10/site-packages/sklearn/metrics/_classification.py:1396: UserWarning: Note that pos_label (set to 'Normal') is ignored when average != 'binary' (got 'weighted'). You may use labels=[pos_label] to specify a single positive class.
  warnings.warn(

2024-02-14 15:21:42,775:WARNING:/home/eddie/.local/lib/python3.10/site-packages/sklearn/metrics/_classification.py:1396: UserWarning: Note that pos_label (set to 'Normal') is ignored when average != 'binary' (got 'weighted'). You may use labels=[pos_label] to specify a single positive class.
  warnings.warn(

2024-02-14 15:21:42,819:WARNING:/home/eddie/.local/lib/python3.10/site-packages/pycaret/internal/metrics.py:190: FitFailedWarning: Metric 'make_scorer(roc_auc_score, needs_proba=True, error_score=0.0, average=weighted, multi_class=ovr)' failed and error score 0.0 has been returned instead. If this is a custom metric, this usually means that the error is in the metric code. Full exception below:
Traceback (most recent call last):
  File "/home/eddie/.local/lib/python3.10/site-packages/sklearn/metrics/_scorer.py", line 76, in _cached_call
    return cache[method]
KeyError: 'predict_proba'

During handling of the above exception, another exception occurred:

Traceback (most recent call last):
  File "/home/eddie/.local/lib/python3.10/site-packages/pycaret/internal/metrics.py", line 182, in _score
    return super()._score(
  File "/home/eddie/.local/lib/python3.10/site-packages/sklearn/metrics/_scorer.py", line 316, in _score
    y_pred = method_caller(clf, "predict_proba", X)
  File "/home/eddie/.local/lib/python3.10/site-packages/sklearn/metrics/_scorer.py", line 78, in _cached_call
    result = getattr(estimator, method)(*args, **kwargs)
  File "/home/eddie/.local/lib/python3.10/site-packages/pycaret/internal/pipeline.py", line 127, in __getattr__
    return getattr(self._final_estimator, name)
  File "/home/eddie/.local/lib/python3.10/site-packages/sklearn/utils/_available_if.py", line 32, in __get__
    if not self.check(obj):
  File "/home/eddie/.local/lib/python3.10/site-packages/sklearn/linear_model/_stochastic_gradient.py", line 1235, in _check_proba
    raise AttributeError(
AttributeError: probability estimates are not available for loss='hinge'

  warnings.warn(

2024-02-14 15:21:42,822:WARNING:/home/eddie/.local/lib/python3.10/site-packages/sklearn/metrics/_classification.py:1396: UserWarning: Note that pos_label (set to 'Normal') is ignored when average != 'binary' (got 'weighted'). You may use labels=[pos_label] to specify a single positive class.
  warnings.warn(

2024-02-14 15:21:42,826:WARNING:/home/eddie/.local/lib/python3.10/site-packages/sklearn/metrics/_classification.py:1396: UserWarning: Note that pos_label (set to 'Normal') is ignored when average != 'binary' (got 'weighted'). You may use labels=[pos_label] to specify a single positive class.
  warnings.warn(

2024-02-14 15:21:42,830:WARNING:/home/eddie/.local/lib/python3.10/site-packages/sklearn/metrics/_classification.py:1396: UserWarning: Note that pos_label (set to 'Normal') is ignored when average != 'binary' (got 'weighted'). You may use labels=[pos_label] to specify a single positive class.
  warnings.warn(

2024-02-14 15:21:42,937:INFO:Calculating mean and std
2024-02-14 15:21:42,939:INFO:Creating metrics dataframe
2024-02-14 15:21:42,942:INFO:Uploading results into container
2024-02-14 15:21:42,943:INFO:Uploading model into container now
2024-02-14 15:21:42,944:INFO:_master_model_container: 5
2024-02-14 15:21:42,944:INFO:_display_container: 2
2024-02-14 15:21:42,945:INFO:SGDClassifier(alpha=0.0001, average=False, class_weight=None,
              early_stopping=False, epsilon=0.1, eta0=0.001, fit_intercept=True,
              l1_ratio=0.15, learning_rate='optimal', loss='hinge',
              max_iter=1000, n_iter_no_change=5, n_jobs=-1, penalty='l2',
              power_t=0.5, random_state=1234, shuffle=True, tol=0.001,
              validation_fraction=0.1, verbose=0, warm_start=False)
2024-02-14 15:21:42,945:INFO:create_model() successfully completed......................................
2024-02-14 15:21:43,062:INFO:SubProcess create_model() end ==================================
2024-02-14 15:21:43,062:INFO:Creating metrics dataframe
2024-02-14 15:21:43,070:INFO:Initializing Ridge Classifier
2024-02-14 15:21:43,071:INFO:Total runtime is 1.9663319031397501 minutes
2024-02-14 15:21:43,074:INFO:SubProcess create_model() called ==================================
2024-02-14 15:21:43,075:INFO:Initializing create_model()
2024-02-14 15:21:43,075:INFO:create_model(self=<pycaret.classification.oop.ClassificationExperiment object at 0x7f07421274f0>, estimator=ridge, fold=StratifiedKFold(n_splits=10, random_state=None, shuffle=False), round=4, cross_validation=True, predict=True, fit_kwargs={}, groups=None, refit=False, probability_threshold=None, experiment_custom_tags=None, verbose=False, system=False, add_to_model_list=True, metrics=None, display=<pycaret.internal.display.display.CommonDisplay object at 0x7f07ac6650f0>, model_only=True, return_train_score=False, error_score=0.0, kwargs={})
2024-02-14 15:21:43,075:INFO:Checking exceptions
2024-02-14 15:21:43,075:INFO:Importing libraries
2024-02-14 15:21:43,075:INFO:Copying training dataset
2024-02-14 15:21:43,146:INFO:Defining folds
2024-02-14 15:21:43,146:INFO:Declaring metric variables
2024-02-14 15:21:43,150:INFO:Importing untrained model
2024-02-14 15:21:43,153:INFO:Ridge Classifier Imported successfully
2024-02-14 15:21:43,157:INFO:Starting cross validation
2024-02-14 15:21:43,164:INFO:Cross validating with StratifiedKFold(n_splits=10, random_state=None, shuffle=False), n_jobs=-1
2024-02-14 15:21:44,327:WARNING:/home/eddie/.local/lib/python3.10/site-packages/pycaret/internal/metrics.py:190: FitFailedWarning: Metric 'make_scorer(roc_auc_score, needs_proba=True, error_score=0.0, average=weighted, multi_class=ovr)' failed and error score 0.0 has been returned instead. If this is a custom metric, this usually means that the error is in the metric code. Full exception below:
Traceback (most recent call last):
  File "/home/eddie/.local/lib/python3.10/site-packages/sklearn/metrics/_scorer.py", line 76, in _cached_call
    return cache[method]
KeyError: 'predict_proba'

During handling of the above exception, another exception occurred:

Traceback (most recent call last):
  File "/home/eddie/.local/lib/python3.10/site-packages/pycaret/internal/metrics.py", line 182, in _score
    return super()._score(
  File "/home/eddie/.local/lib/python3.10/site-packages/sklearn/metrics/_scorer.py", line 316, in _score
    y_pred = method_caller(clf, "predict_proba", X)
  File "/home/eddie/.local/lib/python3.10/site-packages/sklearn/metrics/_scorer.py", line 78, in _cached_call
    result = getattr(estimator, method)(*args, **kwargs)
  File "/home/eddie/.local/lib/python3.10/site-packages/pycaret/internal/pipeline.py", line 127, in __getattr__
    return getattr(self._final_estimator, name)
AttributeError: 'RidgeClassifier' object has no attribute 'predict_proba'

  warnings.warn(

2024-02-14 15:21:44,331:WARNING:/home/eddie/.local/lib/python3.10/site-packages/sklearn/metrics/_classification.py:1396: UserWarning: Note that pos_label (set to 'Normal') is ignored when average != 'binary' (got 'weighted'). You may use labels=[pos_label] to specify a single positive class.
  warnings.warn(

2024-02-14 15:21:44,336:WARNING:/home/eddie/.local/lib/python3.10/site-packages/sklearn/metrics/_classification.py:1396: UserWarning: Note that pos_label (set to 'Normal') is ignored when average != 'binary' (got 'weighted'). You may use labels=[pos_label] to specify a single positive class.
  warnings.warn(

2024-02-14 15:21:44,343:WARNING:/home/eddie/.local/lib/python3.10/site-packages/sklearn/metrics/_classification.py:1396: UserWarning: Note that pos_label (set to 'Normal') is ignored when average != 'binary' (got 'weighted'). You may use labels=[pos_label] to specify a single positive class.
  warnings.warn(

2024-02-14 15:21:44,426:WARNING:/home/eddie/.local/lib/python3.10/site-packages/pycaret/internal/metrics.py:190: FitFailedWarning: Metric 'make_scorer(roc_auc_score, needs_proba=True, error_score=0.0, average=weighted, multi_class=ovr)' failed and error score 0.0 has been returned instead. If this is a custom metric, this usually means that the error is in the metric code. Full exception below:
Traceback (most recent call last):
  File "/home/eddie/.local/lib/python3.10/site-packages/sklearn/metrics/_scorer.py", line 76, in _cached_call
    return cache[method]
KeyError: 'predict_proba'

During handling of the above exception, another exception occurred:

Traceback (most recent call last):
  File "/home/eddie/.local/lib/python3.10/site-packages/pycaret/internal/metrics.py", line 182, in _score
    return super()._score(
  File "/home/eddie/.local/lib/python3.10/site-packages/sklearn/metrics/_scorer.py", line 316, in _score
    y_pred = method_caller(clf, "predict_proba", X)
  File "/home/eddie/.local/lib/python3.10/site-packages/sklearn/metrics/_scorer.py", line 78, in _cached_call
    result = getattr(estimator, method)(*args, **kwargs)
  File "/home/eddie/.local/lib/python3.10/site-packages/pycaret/internal/pipeline.py", line 127, in __getattr__
    return getattr(self._final_estimator, name)
AttributeError: 'RidgeClassifier' object has no attribute 'predict_proba'

  warnings.warn(

2024-02-14 15:21:44,428:WARNING:/home/eddie/.local/lib/python3.10/site-packages/sklearn/metrics/_classification.py:1396: UserWarning: Note that pos_label (set to 'Normal') is ignored when average != 'binary' (got 'weighted'). You may use labels=[pos_label] to specify a single positive class.
  warnings.warn(

2024-02-14 15:21:44,435:WARNING:/home/eddie/.local/lib/python3.10/site-packages/sklearn/metrics/_classification.py:1396: UserWarning: Note that pos_label (set to 'Normal') is ignored when average != 'binary' (got 'weighted'). You may use labels=[pos_label] to specify a single positive class.
  warnings.warn(

2024-02-14 15:21:44,440:WARNING:/home/eddie/.local/lib/python3.10/site-packages/sklearn/metrics/_classification.py:1396: UserWarning: Note that pos_label (set to 'Normal') is ignored when average != 'binary' (got 'weighted'). You may use labels=[pos_label] to specify a single positive class.
  warnings.warn(

2024-02-14 15:21:44,532:WARNING:/home/eddie/.local/lib/python3.10/site-packages/pycaret/internal/metrics.py:190: FitFailedWarning: Metric 'make_scorer(roc_auc_score, needs_proba=True, error_score=0.0, average=weighted, multi_class=ovr)' failed and error score 0.0 has been returned instead. If this is a custom metric, this usually means that the error is in the metric code. Full exception below:
Traceback (most recent call last):
  File "/home/eddie/.local/lib/python3.10/site-packages/sklearn/metrics/_scorer.py", line 76, in _cached_call
    return cache[method]
KeyError: 'predict_proba'

During handling of the above exception, another exception occurred:

Traceback (most recent call last):
  File "/home/eddie/.local/lib/python3.10/site-packages/pycaret/internal/metrics.py", line 182, in _score
    return super()._score(
  File "/home/eddie/.local/lib/python3.10/site-packages/sklearn/metrics/_scorer.py", line 316, in _score
    y_pred = method_caller(clf, "predict_proba", X)
  File "/home/eddie/.local/lib/python3.10/site-packages/sklearn/metrics/_scorer.py", line 78, in _cached_call
    result = getattr(estimator, method)(*args, **kwargs)
  File "/home/eddie/.local/lib/python3.10/site-packages/pycaret/internal/pipeline.py", line 127, in __getattr__
    return getattr(self._final_estimator, name)
AttributeError: 'RidgeClassifier' object has no attribute 'predict_proba'

  warnings.warn(

2024-02-14 15:21:44,535:WARNING:/home/eddie/.local/lib/python3.10/site-packages/sklearn/metrics/_classification.py:1396: UserWarning: Note that pos_label (set to 'Normal') is ignored when average != 'binary' (got 'weighted'). You may use labels=[pos_label] to specify a single positive class.
  warnings.warn(

2024-02-14 15:21:44,535:WARNING:/home/eddie/.local/lib/python3.10/site-packages/pycaret/internal/metrics.py:190: FitFailedWarning: Metric 'make_scorer(roc_auc_score, needs_proba=True, error_score=0.0, average=weighted, multi_class=ovr)' failed and error score 0.0 has been returned instead. If this is a custom metric, this usually means that the error is in the metric code. Full exception below:
Traceback (most recent call last):
  File "/home/eddie/.local/lib/python3.10/site-packages/sklearn/metrics/_scorer.py", line 76, in _cached_call
    return cache[method]
KeyError: 'predict_proba'

During handling of the above exception, another exception occurred:

Traceback (most recent call last):
  File "/home/eddie/.local/lib/python3.10/site-packages/pycaret/internal/metrics.py", line 182, in _score
    return super()._score(
  File "/home/eddie/.local/lib/python3.10/site-packages/sklearn/metrics/_scorer.py", line 316, in _score
    y_pred = method_caller(clf, "predict_proba", X)
  File "/home/eddie/.local/lib/python3.10/site-packages/sklearn/metrics/_scorer.py", line 78, in _cached_call
    result = getattr(estimator, method)(*args, **kwargs)
  File "/home/eddie/.local/lib/python3.10/site-packages/pycaret/internal/pipeline.py", line 127, in __getattr__
    return getattr(self._final_estimator, name)
AttributeError: 'RidgeClassifier' object has no attribute 'predict_proba'

  warnings.warn(

2024-02-14 15:21:44,538:WARNING:/home/eddie/.local/lib/python3.10/site-packages/sklearn/metrics/_classification.py:1396: UserWarning: Note that pos_label (set to 'Normal') is ignored when average != 'binary' (got 'weighted'). You may use labels=[pos_label] to specify a single positive class.
  warnings.warn(

2024-02-14 15:21:44,540:WARNING:/home/eddie/.local/lib/python3.10/site-packages/sklearn/metrics/_classification.py:1396: UserWarning: Note that pos_label (set to 'Normal') is ignored when average != 'binary' (got 'weighted'). You may use labels=[pos_label] to specify a single positive class.
  warnings.warn(

2024-02-14 15:21:44,541:WARNING:/home/eddie/.local/lib/python3.10/site-packages/pycaret/internal/metrics.py:190: FitFailedWarning: Metric 'make_scorer(roc_auc_score, needs_proba=True, error_score=0.0, average=weighted, multi_class=ovr)' failed and error score 0.0 has been returned instead. If this is a custom metric, this usually means that the error is in the metric code. Full exception below:
Traceback (most recent call last):
  File "/home/eddie/.local/lib/python3.10/site-packages/sklearn/metrics/_scorer.py", line 76, in _cached_call
    return cache[method]
KeyError: 'predict_proba'

During handling of the above exception, another exception occurred:

Traceback (most recent call last):
  File "/home/eddie/.local/lib/python3.10/site-packages/pycaret/internal/metrics.py", line 182, in _score
    return super()._score(
  File "/home/eddie/.local/lib/python3.10/site-packages/sklearn/metrics/_scorer.py", line 316, in _score
    y_pred = method_caller(clf, "predict_proba", X)
  File "/home/eddie/.local/lib/python3.10/site-packages/sklearn/metrics/_scorer.py", line 78, in _cached_call
    result = getattr(estimator, method)(*args, **kwargs)
  File "/home/eddie/.local/lib/python3.10/site-packages/pycaret/internal/pipeline.py", line 127, in __getattr__
    return getattr(self._final_estimator, name)
AttributeError: 'RidgeClassifier' object has no attribute 'predict_proba'

  warnings.warn(

2024-02-14 15:21:44,542:WARNING:/home/eddie/.local/lib/python3.10/site-packages/sklearn/metrics/_classification.py:1396: UserWarning: Note that pos_label (set to 'Normal') is ignored when average != 'binary' (got 'weighted'). You may use labels=[pos_label] to specify a single positive class.
  warnings.warn(

2024-02-14 15:21:44,542:WARNING:/home/eddie/.local/lib/python3.10/site-packages/sklearn/metrics/_classification.py:1396: UserWarning: Note that pos_label (set to 'Normal') is ignored when average != 'binary' (got 'weighted'). You may use labels=[pos_label] to specify a single positive class.
  warnings.warn(

2024-02-14 15:21:44,544:WARNING:/home/eddie/.local/lib/python3.10/site-packages/sklearn/metrics/_classification.py:1396: UserWarning: Note that pos_label (set to 'Normal') is ignored when average != 'binary' (got 'weighted'). You may use labels=[pos_label] to specify a single positive class.
  warnings.warn(

2024-02-14 15:21:44,546:WARNING:/home/eddie/.local/lib/python3.10/site-packages/sklearn/metrics/_classification.py:1396: UserWarning: Note that pos_label (set to 'Normal') is ignored when average != 'binary' (got 'weighted'). You may use labels=[pos_label] to specify a single positive class.
  warnings.warn(

2024-02-14 15:21:44,547:WARNING:/home/eddie/.local/lib/python3.10/site-packages/sklearn/metrics/_classification.py:1396: UserWarning: Note that pos_label (set to 'Normal') is ignored when average != 'binary' (got 'weighted'). You may use labels=[pos_label] to specify a single positive class.
  warnings.warn(

2024-02-14 15:21:44,550:WARNING:/home/eddie/.local/lib/python3.10/site-packages/sklearn/metrics/_classification.py:1396: UserWarning: Note that pos_label (set to 'Normal') is ignored when average != 'binary' (got 'weighted'). You may use labels=[pos_label] to specify a single positive class.
  warnings.warn(

2024-02-14 15:21:44,551:WARNING:/home/eddie/.local/lib/python3.10/site-packages/pycaret/internal/metrics.py:190: FitFailedWarning: Metric 'make_scorer(roc_auc_score, needs_proba=True, error_score=0.0, average=weighted, multi_class=ovr)' failed and error score 0.0 has been returned instead. If this is a custom metric, this usually means that the error is in the metric code. Full exception below:
Traceback (most recent call last):
  File "/home/eddie/.local/lib/python3.10/site-packages/sklearn/metrics/_scorer.py", line 76, in _cached_call
    return cache[method]
KeyError: 'predict_proba'

During handling of the above exception, another exception occurred:

Traceback (most recent call last):
  File "/home/eddie/.local/lib/python3.10/site-packages/pycaret/internal/metrics.py", line 182, in _score
    return super()._score(
  File "/home/eddie/.local/lib/python3.10/site-packages/sklearn/metrics/_scorer.py", line 316, in _score
    y_pred = method_caller(clf, "predict_proba", X)
  File "/home/eddie/.local/lib/python3.10/site-packages/sklearn/metrics/_scorer.py", line 78, in _cached_call
    result = getattr(estimator, method)(*args, **kwargs)
  File "/home/eddie/.local/lib/python3.10/site-packages/pycaret/internal/pipeline.py", line 127, in __getattr__
    return getattr(self._final_estimator, name)
AttributeError: 'RidgeClassifier' object has no attribute 'predict_proba'

  warnings.warn(

2024-02-14 15:21:44,552:WARNING:/home/eddie/.local/lib/python3.10/site-packages/sklearn/metrics/_classification.py:1396: UserWarning: Note that pos_label (set to 'Normal') is ignored when average != 'binary' (got 'weighted'). You may use labels=[pos_label] to specify a single positive class.
  warnings.warn(

2024-02-14 15:21:44,556:WARNING:/home/eddie/.local/lib/python3.10/site-packages/sklearn/metrics/_classification.py:1396: UserWarning: Note that pos_label (set to 'Normal') is ignored when average != 'binary' (got 'weighted'). You may use labels=[pos_label] to specify a single positive class.
  warnings.warn(

2024-02-14 15:21:44,559:WARNING:/home/eddie/.local/lib/python3.10/site-packages/sklearn/metrics/_classification.py:1396: UserWarning: Note that pos_label (set to 'Normal') is ignored when average != 'binary' (got 'weighted'). You may use labels=[pos_label] to specify a single positive class.
  warnings.warn(

2024-02-14 15:21:44,560:WARNING:/home/eddie/.local/lib/python3.10/site-packages/pycaret/internal/metrics.py:190: FitFailedWarning: Metric 'make_scorer(roc_auc_score, needs_proba=True, error_score=0.0, average=weighted, multi_class=ovr)' failed and error score 0.0 has been returned instead. If this is a custom metric, this usually means that the error is in the metric code. Full exception below:
Traceback (most recent call last):
  File "/home/eddie/.local/lib/python3.10/site-packages/sklearn/metrics/_scorer.py", line 76, in _cached_call
    return cache[method]
KeyError: 'predict_proba'

During handling of the above exception, another exception occurred:

Traceback (most recent call last):
  File "/home/eddie/.local/lib/python3.10/site-packages/pycaret/internal/metrics.py", line 182, in _score
    return super()._score(
  File "/home/eddie/.local/lib/python3.10/site-packages/sklearn/metrics/_scorer.py", line 316, in _score
    y_pred = method_caller(clf, "predict_proba", X)
  File "/home/eddie/.local/lib/python3.10/site-packages/sklearn/metrics/_scorer.py", line 78, in _cached_call
    result = getattr(estimator, method)(*args, **kwargs)
  File "/home/eddie/.local/lib/python3.10/site-packages/pycaret/internal/pipeline.py", line 127, in __getattr__
    return getattr(self._final_estimator, name)
AttributeError: 'RidgeClassifier' object has no attribute 'predict_proba'

  warnings.warn(

2024-02-14 15:21:44,562:WARNING:/home/eddie/.local/lib/python3.10/site-packages/sklearn/metrics/_classification.py:1396: UserWarning: Note that pos_label (set to 'Normal') is ignored when average != 'binary' (got 'weighted'). You may use labels=[pos_label] to specify a single positive class.
  warnings.warn(

2024-02-14 15:21:44,565:WARNING:/home/eddie/.local/lib/python3.10/site-packages/sklearn/metrics/_classification.py:1396: UserWarning: Note that pos_label (set to 'Normal') is ignored when average != 'binary' (got 'weighted'). You may use labels=[pos_label] to specify a single positive class.
  warnings.warn(

2024-02-14 15:21:44,567:WARNING:/home/eddie/.local/lib/python3.10/site-packages/pycaret/internal/metrics.py:190: FitFailedWarning: Metric 'make_scorer(roc_auc_score, needs_proba=True, error_score=0.0, average=weighted, multi_class=ovr)' failed and error score 0.0 has been returned instead. If this is a custom metric, this usually means that the error is in the metric code. Full exception below:
Traceback (most recent call last):
  File "/home/eddie/.local/lib/python3.10/site-packages/sklearn/metrics/_scorer.py", line 76, in _cached_call
    return cache[method]
KeyError: 'predict_proba'

During handling of the above exception, another exception occurred:

Traceback (most recent call last):
  File "/home/eddie/.local/lib/python3.10/site-packages/pycaret/internal/metrics.py", line 182, in _score
    return super()._score(
  File "/home/eddie/.local/lib/python3.10/site-packages/sklearn/metrics/_scorer.py", line 316, in _score
    y_pred = method_caller(clf, "predict_proba", X)
  File "/home/eddie/.local/lib/python3.10/site-packages/sklearn/metrics/_scorer.py", line 78, in _cached_call
    result = getattr(estimator, method)(*args, **kwargs)
  File "/home/eddie/.local/lib/python3.10/site-packages/pycaret/internal/pipeline.py", line 127, in __getattr__
    return getattr(self._final_estimator, name)
AttributeError: 'RidgeClassifier' object has no attribute 'predict_proba'

  warnings.warn(

2024-02-14 15:21:44,569:WARNING:/home/eddie/.local/lib/python3.10/site-packages/sklearn/metrics/_classification.py:1396: UserWarning: Note that pos_label (set to 'Normal') is ignored when average != 'binary' (got 'weighted'). You may use labels=[pos_label] to specify a single positive class.
  warnings.warn(

2024-02-14 15:21:44,569:WARNING:/home/eddie/.local/lib/python3.10/site-packages/sklearn/metrics/_classification.py:1396: UserWarning: Note that pos_label (set to 'Normal') is ignored when average != 'binary' (got 'weighted'). You may use labels=[pos_label] to specify a single positive class.
  warnings.warn(

2024-02-14 15:21:44,572:WARNING:/home/eddie/.local/lib/python3.10/site-packages/sklearn/metrics/_classification.py:1396: UserWarning: Note that pos_label (set to 'Normal') is ignored when average != 'binary' (got 'weighted'). You may use labels=[pos_label] to specify a single positive class.
  warnings.warn(

2024-02-14 15:21:44,574:WARNING:/home/eddie/.local/lib/python3.10/site-packages/sklearn/metrics/_classification.py:1396: UserWarning: Note that pos_label (set to 'Normal') is ignored when average != 'binary' (got 'weighted'). You may use labels=[pos_label] to specify a single positive class.
  warnings.warn(

2024-02-14 15:21:44,590:WARNING:/home/eddie/.local/lib/python3.10/site-packages/pycaret/internal/metrics.py:190: FitFailedWarning: Metric 'make_scorer(roc_auc_score, needs_proba=True, error_score=0.0, average=weighted, multi_class=ovr)' failed and error score 0.0 has been returned instead. If this is a custom metric, this usually means that the error is in the metric code. Full exception below:
Traceback (most recent call last):
  File "/home/eddie/.local/lib/python3.10/site-packages/sklearn/metrics/_scorer.py", line 76, in _cached_call
    return cache[method]
KeyError: 'predict_proba'

During handling of the above exception, another exception occurred:

Traceback (most recent call last):
  File "/home/eddie/.local/lib/python3.10/site-packages/pycaret/internal/metrics.py", line 182, in _score
    return super()._score(
  File "/home/eddie/.local/lib/python3.10/site-packages/sklearn/metrics/_scorer.py", line 316, in _score
    y_pred = method_caller(clf, "predict_proba", X)
  File "/home/eddie/.local/lib/python3.10/site-packages/sklearn/metrics/_scorer.py", line 78, in _cached_call
    result = getattr(estimator, method)(*args, **kwargs)
  File "/home/eddie/.local/lib/python3.10/site-packages/pycaret/internal/pipeline.py", line 127, in __getattr__
    return getattr(self._final_estimator, name)
AttributeError: 'RidgeClassifier' object has no attribute 'predict_proba'

  warnings.warn(

2024-02-14 15:21:44,591:WARNING:/home/eddie/.local/lib/python3.10/site-packages/sklearn/metrics/_classification.py:1396: UserWarning: Note that pos_label (set to 'Normal') is ignored when average != 'binary' (got 'weighted'). You may use labels=[pos_label] to specify a single positive class.
  warnings.warn(

2024-02-14 15:21:44,595:WARNING:/home/eddie/.local/lib/python3.10/site-packages/sklearn/metrics/_classification.py:1396: UserWarning: Note that pos_label (set to 'Normal') is ignored when average != 'binary' (got 'weighted'). You may use labels=[pos_label] to specify a single positive class.
  warnings.warn(

2024-02-14 15:21:44,598:WARNING:/home/eddie/.local/lib/python3.10/site-packages/sklearn/metrics/_classification.py:1396: UserWarning: Note that pos_label (set to 'Normal') is ignored when average != 'binary' (got 'weighted'). You may use labels=[pos_label] to specify a single positive class.
  warnings.warn(

2024-02-14 15:21:44,601:WARNING:/home/eddie/.local/lib/python3.10/site-packages/pycaret/internal/metrics.py:190: FitFailedWarning: Metric 'make_scorer(roc_auc_score, needs_proba=True, error_score=0.0, average=weighted, multi_class=ovr)' failed and error score 0.0 has been returned instead. If this is a custom metric, this usually means that the error is in the metric code. Full exception below:
Traceback (most recent call last):
  File "/home/eddie/.local/lib/python3.10/site-packages/sklearn/metrics/_scorer.py", line 76, in _cached_call
    return cache[method]
KeyError: 'predict_proba'

During handling of the above exception, another exception occurred:

Traceback (most recent call last):
  File "/home/eddie/.local/lib/python3.10/site-packages/pycaret/internal/metrics.py", line 182, in _score
    return super()._score(
  File "/home/eddie/.local/lib/python3.10/site-packages/sklearn/metrics/_scorer.py", line 316, in _score
    y_pred = method_caller(clf, "predict_proba", X)
  File "/home/eddie/.local/lib/python3.10/site-packages/sklearn/metrics/_scorer.py", line 78, in _cached_call
    result = getattr(estimator, method)(*args, **kwargs)
  File "/home/eddie/.local/lib/python3.10/site-packages/pycaret/internal/pipeline.py", line 127, in __getattr__
    return getattr(self._final_estimator, name)
AttributeError: 'RidgeClassifier' object has no attribute 'predict_proba'

  warnings.warn(

2024-02-14 15:21:44,603:WARNING:/home/eddie/.local/lib/python3.10/site-packages/sklearn/metrics/_classification.py:1396: UserWarning: Note that pos_label (set to 'Normal') is ignored when average != 'binary' (got 'weighted'). You may use labels=[pos_label] to specify a single positive class.
  warnings.warn(

2024-02-14 15:21:44,605:WARNING:/home/eddie/.local/lib/python3.10/site-packages/sklearn/metrics/_classification.py:1396: UserWarning: Note that pos_label (set to 'Normal') is ignored when average != 'binary' (got 'weighted'). You may use labels=[pos_label] to specify a single positive class.
  warnings.warn(

2024-02-14 15:21:44,607:WARNING:/home/eddie/.local/lib/python3.10/site-packages/sklearn/metrics/_classification.py:1396: UserWarning: Note that pos_label (set to 'Normal') is ignored when average != 'binary' (got 'weighted'). You may use labels=[pos_label] to specify a single positive class.
  warnings.warn(

2024-02-14 15:21:44,720:INFO:Calculating mean and std
2024-02-14 15:21:44,721:INFO:Creating metrics dataframe
2024-02-14 15:21:44,724:INFO:Uploading results into container
2024-02-14 15:21:44,724:INFO:Uploading model into container now
2024-02-14 15:21:44,724:INFO:_master_model_container: 6
2024-02-14 15:21:44,724:INFO:_display_container: 2
2024-02-14 15:21:44,724:INFO:RidgeClassifier(alpha=1.0, class_weight=None, copy_X=True, fit_intercept=True,
                max_iter=None, positive=False, random_state=1234, solver='auto',
                tol=0.0001)
2024-02-14 15:21:44,724:INFO:create_model() successfully completed......................................
2024-02-14 15:21:44,807:INFO:SubProcess create_model() end ==================================
2024-02-14 15:21:44,808:INFO:Creating metrics dataframe
2024-02-14 15:21:44,815:INFO:Initializing Random Forest Classifier
2024-02-14 15:21:44,815:INFO:Total runtime is 1.9954010566075642 minutes
2024-02-14 15:21:44,817:INFO:SubProcess create_model() called ==================================
2024-02-14 15:21:44,817:INFO:Initializing create_model()
2024-02-14 15:21:44,817:INFO:create_model(self=<pycaret.classification.oop.ClassificationExperiment object at 0x7f07421274f0>, estimator=rf, fold=StratifiedKFold(n_splits=10, random_state=None, shuffle=False), round=4, cross_validation=True, predict=True, fit_kwargs={}, groups=None, refit=False, probability_threshold=None, experiment_custom_tags=None, verbose=False, system=False, add_to_model_list=True, metrics=None, display=<pycaret.internal.display.display.CommonDisplay object at 0x7f07ac6650f0>, model_only=True, return_train_score=False, error_score=0.0, kwargs={})
2024-02-14 15:21:44,817:INFO:Checking exceptions
2024-02-14 15:21:44,817:INFO:Importing libraries
2024-02-14 15:21:44,817:INFO:Copying training dataset
2024-02-14 15:21:44,867:INFO:Defining folds
2024-02-14 15:21:44,867:INFO:Declaring metric variables
2024-02-14 15:21:44,870:INFO:Importing untrained model
2024-02-14 15:21:44,872:INFO:Random Forest Classifier Imported successfully
2024-02-14 15:21:44,876:INFO:Starting cross validation
2024-02-14 15:21:44,882:INFO:Cross validating with StratifiedKFold(n_splits=10, random_state=None, shuffle=False), n_jobs=-1
2024-02-14 15:21:52,696:WARNING:/home/eddie/.local/lib/python3.10/site-packages/sklearn/metrics/_classification.py:1396: UserWarning: Note that pos_label (set to 'Normal') is ignored when average != 'binary' (got 'weighted'). You may use labels=[pos_label] to specify a single positive class.
  warnings.warn(

2024-02-14 15:21:52,702:WARNING:/home/eddie/.local/lib/python3.10/site-packages/sklearn/metrics/_classification.py:1396: UserWarning: Note that pos_label (set to 'Normal') is ignored when average != 'binary' (got 'weighted'). You may use labels=[pos_label] to specify a single positive class.
  warnings.warn(

2024-02-14 15:21:52,708:WARNING:/home/eddie/.local/lib/python3.10/site-packages/sklearn/metrics/_classification.py:1396: UserWarning: Note that pos_label (set to 'Normal') is ignored when average != 'binary' (got 'weighted'). You may use labels=[pos_label] to specify a single positive class.
  warnings.warn(

2024-02-14 15:21:52,708:WARNING:/home/eddie/.local/lib/python3.10/site-packages/sklearn/metrics/_classification.py:1396: UserWarning: Note that pos_label (set to 'Normal') is ignored when average != 'binary' (got 'weighted'). You may use labels=[pos_label] to specify a single positive class.
  warnings.warn(

2024-02-14 15:21:52,712:WARNING:/home/eddie/.local/lib/python3.10/site-packages/sklearn/metrics/_classification.py:1396: UserWarning: Note that pos_label (set to 'Normal') is ignored when average != 'binary' (got 'weighted'). You may use labels=[pos_label] to specify a single positive class.
  warnings.warn(

2024-02-14 15:21:52,716:WARNING:/home/eddie/.local/lib/python3.10/site-packages/sklearn/metrics/_classification.py:1396: UserWarning: Note that pos_label (set to 'Normal') is ignored when average != 'binary' (got 'weighted'). You may use labels=[pos_label] to specify a single positive class.
  warnings.warn(

2024-02-14 15:21:52,731:WARNING:/home/eddie/.local/lib/python3.10/site-packages/sklearn/metrics/_classification.py:1396: UserWarning: Note that pos_label (set to 'Normal') is ignored when average != 'binary' (got 'weighted'). You may use labels=[pos_label] to specify a single positive class.
  warnings.warn(

2024-02-14 15:21:52,734:WARNING:/home/eddie/.local/lib/python3.10/site-packages/sklearn/metrics/_classification.py:1396: UserWarning: Note that pos_label (set to 'Normal') is ignored when average != 'binary' (got 'weighted'). You may use labels=[pos_label] to specify a single positive class.
  warnings.warn(

2024-02-14 15:21:52,738:WARNING:/home/eddie/.local/lib/python3.10/site-packages/sklearn/metrics/_classification.py:1396: UserWarning: Note that pos_label (set to 'Normal') is ignored when average != 'binary' (got 'weighted'). You may use labels=[pos_label] to specify a single positive class.
  warnings.warn(

2024-02-14 15:21:52,738:WARNING:/home/eddie/.local/lib/python3.10/site-packages/sklearn/metrics/_classification.py:1396: UserWarning: Note that pos_label (set to 'Normal') is ignored when average != 'binary' (got 'weighted'). You may use labels=[pos_label] to specify a single positive class.
  warnings.warn(

2024-02-14 15:21:52,741:WARNING:/home/eddie/.local/lib/python3.10/site-packages/sklearn/metrics/_classification.py:1396: UserWarning: Note that pos_label (set to 'Normal') is ignored when average != 'binary' (got 'weighted'). You may use labels=[pos_label] to specify a single positive class.
  warnings.warn(

2024-02-14 15:21:52,747:WARNING:/home/eddie/.local/lib/python3.10/site-packages/sklearn/metrics/_classification.py:1396: UserWarning: Note that pos_label (set to 'Normal') is ignored when average != 'binary' (got 'weighted'). You may use labels=[pos_label] to specify a single positive class.
  warnings.warn(

2024-02-14 15:21:52,757:WARNING:/home/eddie/.local/lib/python3.10/site-packages/sklearn/metrics/_classification.py:1396: UserWarning: Note that pos_label (set to 'Normal') is ignored when average != 'binary' (got 'weighted'). You may use labels=[pos_label] to specify a single positive class.
  warnings.warn(

2024-02-14 15:21:52,761:WARNING:/home/eddie/.local/lib/python3.10/site-packages/sklearn/metrics/_classification.py:1396: UserWarning: Note that pos_label (set to 'Normal') is ignored when average != 'binary' (got 'weighted'). You may use labels=[pos_label] to specify a single positive class.
  warnings.warn(

2024-02-14 15:21:52,765:WARNING:/home/eddie/.local/lib/python3.10/site-packages/sklearn/metrics/_classification.py:1396: UserWarning: Note that pos_label (set to 'Normal') is ignored when average != 'binary' (got 'weighted'). You may use labels=[pos_label] to specify a single positive class.
  warnings.warn(

2024-02-14 15:21:52,771:WARNING:/home/eddie/.local/lib/python3.10/site-packages/sklearn/metrics/_classification.py:1396: UserWarning: Note that pos_label (set to 'Normal') is ignored when average != 'binary' (got 'weighted'). You may use labels=[pos_label] to specify a single positive class.
  warnings.warn(

2024-02-14 15:21:52,774:WARNING:/home/eddie/.local/lib/python3.10/site-packages/sklearn/metrics/_classification.py:1396: UserWarning: Note that pos_label (set to 'Normal') is ignored when average != 'binary' (got 'weighted'). You may use labels=[pos_label] to specify a single positive class.
  warnings.warn(

2024-02-14 15:21:52,778:WARNING:/home/eddie/.local/lib/python3.10/site-packages/sklearn/metrics/_classification.py:1396: UserWarning: Note that pos_label (set to 'Normal') is ignored when average != 'binary' (got 'weighted'). You may use labels=[pos_label] to specify a single positive class.
  warnings.warn(

2024-02-14 15:21:52,790:WARNING:/home/eddie/.local/lib/python3.10/site-packages/sklearn/metrics/_classification.py:1396: UserWarning: Note that pos_label (set to 'Normal') is ignored when average != 'binary' (got 'weighted'). You may use labels=[pos_label] to specify a single positive class.
  warnings.warn(

2024-02-14 15:21:52,793:WARNING:/home/eddie/.local/lib/python3.10/site-packages/sklearn/metrics/_classification.py:1396: UserWarning: Note that pos_label (set to 'Normal') is ignored when average != 'binary' (got 'weighted'). You may use labels=[pos_label] to specify a single positive class.
  warnings.warn(

2024-02-14 15:21:52,794:WARNING:/home/eddie/.local/lib/python3.10/site-packages/sklearn/metrics/_classification.py:1396: UserWarning: Note that pos_label (set to 'Normal') is ignored when average != 'binary' (got 'weighted'). You may use labels=[pos_label] to specify a single positive class.
  warnings.warn(

2024-02-14 15:21:52,795:WARNING:/home/eddie/.local/lib/python3.10/site-packages/sklearn/metrics/_classification.py:1396: UserWarning: Note that pos_label (set to 'Normal') is ignored when average != 'binary' (got 'weighted'). You may use labels=[pos_label] to specify a single positive class.
  warnings.warn(

2024-02-14 15:21:52,796:WARNING:/home/eddie/.local/lib/python3.10/site-packages/sklearn/metrics/_classification.py:1396: UserWarning: Note that pos_label (set to 'Normal') is ignored when average != 'binary' (got 'weighted'). You may use labels=[pos_label] to specify a single positive class.
  warnings.warn(

2024-02-14 15:21:52,797:WARNING:/home/eddie/.local/lib/python3.10/site-packages/sklearn/metrics/_classification.py:1396: UserWarning: Note that pos_label (set to 'Normal') is ignored when average != 'binary' (got 'weighted'). You may use labels=[pos_label] to specify a single positive class.
  warnings.warn(

2024-02-14 15:21:52,798:WARNING:/home/eddie/.local/lib/python3.10/site-packages/sklearn/metrics/_classification.py:1396: UserWarning: Note that pos_label (set to 'Normal') is ignored when average != 'binary' (got 'weighted'). You may use labels=[pos_label] to specify a single positive class.
  warnings.warn(

2024-02-14 15:21:52,800:WARNING:/home/eddie/.local/lib/python3.10/site-packages/sklearn/metrics/_classification.py:1396: UserWarning: Note that pos_label (set to 'Normal') is ignored when average != 'binary' (got 'weighted'). You may use labels=[pos_label] to specify a single positive class.
  warnings.warn(

2024-02-14 15:21:52,801:WARNING:/home/eddie/.local/lib/python3.10/site-packages/sklearn/metrics/_classification.py:1396: UserWarning: Note that pos_label (set to 'Normal') is ignored when average != 'binary' (got 'weighted'). You may use labels=[pos_label] to specify a single positive class.
  warnings.warn(

2024-02-14 15:21:52,815:WARNING:/home/eddie/.local/lib/python3.10/site-packages/sklearn/metrics/_classification.py:1396: UserWarning: Note that pos_label (set to 'Normal') is ignored when average != 'binary' (got 'weighted'). You may use labels=[pos_label] to specify a single positive class.
  warnings.warn(

2024-02-14 15:21:52,817:WARNING:/home/eddie/.local/lib/python3.10/site-packages/sklearn/metrics/_classification.py:1396: UserWarning: Note that pos_label (set to 'Normal') is ignored when average != 'binary' (got 'weighted'). You may use labels=[pos_label] to specify a single positive class.
  warnings.warn(

2024-02-14 15:21:52,819:WARNING:/home/eddie/.local/lib/python3.10/site-packages/sklearn/metrics/_classification.py:1396: UserWarning: Note that pos_label (set to 'Normal') is ignored when average != 'binary' (got 'weighted'). You may use labels=[pos_label] to specify a single positive class.
  warnings.warn(

2024-02-14 15:21:52,930:INFO:Calculating mean and std
2024-02-14 15:21:52,931:INFO:Creating metrics dataframe
2024-02-14 15:21:52,933:INFO:Uploading results into container
2024-02-14 15:21:52,934:INFO:Uploading model into container now
2024-02-14 15:21:52,934:INFO:_master_model_container: 7
2024-02-14 15:21:52,934:INFO:_display_container: 2
2024-02-14 15:21:52,934:INFO:RandomForestClassifier(bootstrap=True, ccp_alpha=0.0, class_weight=None,
                       criterion='gini', max_depth=None, max_features='sqrt',
                       max_leaf_nodes=None, max_samples=None,
                       min_impurity_decrease=0.0, min_samples_leaf=1,
                       min_samples_split=2, min_weight_fraction_leaf=0.0,
                       n_estimators=100, n_jobs=-1, oob_score=False,
                       random_state=1234, verbose=0, warm_start=False)
2024-02-14 15:21:52,934:INFO:create_model() successfully completed......................................
2024-02-14 15:21:53,012:INFO:SubProcess create_model() end ==================================
2024-02-14 15:21:53,012:INFO:Creating metrics dataframe
2024-02-14 15:21:53,020:INFO:Initializing Quadratic Discriminant Analysis
2024-02-14 15:21:53,021:INFO:Total runtime is 2.1321613589922586 minutes
2024-02-14 15:21:53,023:INFO:SubProcess create_model() called ==================================
2024-02-14 15:21:53,023:INFO:Initializing create_model()
2024-02-14 15:21:53,023:INFO:create_model(self=<pycaret.classification.oop.ClassificationExperiment object at 0x7f07421274f0>, estimator=qda, fold=StratifiedKFold(n_splits=10, random_state=None, shuffle=False), round=4, cross_validation=True, predict=True, fit_kwargs={}, groups=None, refit=False, probability_threshold=None, experiment_custom_tags=None, verbose=False, system=False, add_to_model_list=True, metrics=None, display=<pycaret.internal.display.display.CommonDisplay object at 0x7f07ac6650f0>, model_only=True, return_train_score=False, error_score=0.0, kwargs={})
2024-02-14 15:21:53,023:INFO:Checking exceptions
2024-02-14 15:21:53,023:INFO:Importing libraries
2024-02-14 15:21:53,023:INFO:Copying training dataset
2024-02-14 15:21:53,072:INFO:Defining folds
2024-02-14 15:21:53,072:INFO:Declaring metric variables
2024-02-14 15:21:53,074:INFO:Importing untrained model
2024-02-14 15:21:53,077:INFO:Quadratic Discriminant Analysis Imported successfully
2024-02-14 15:21:53,081:INFO:Starting cross validation
2024-02-14 15:21:53,087:INFO:Cross validating with StratifiedKFold(n_splits=10, random_state=None, shuffle=False), n_jobs=-1
2024-02-14 15:21:54,406:WARNING:/home/eddie/.local/lib/python3.10/site-packages/sklearn/discriminant_analysis.py:926: UserWarning: Variables are collinear
  warnings.warn("Variables are collinear")

2024-02-14 15:21:54,536:WARNING:/home/eddie/.local/lib/python3.10/site-packages/sklearn/discriminant_analysis.py:926: UserWarning: Variables are collinear
  warnings.warn("Variables are collinear")

2024-02-14 15:21:54,538:WARNING:/home/eddie/.local/lib/python3.10/site-packages/sklearn/discriminant_analysis.py:926: UserWarning: Variables are collinear
  warnings.warn("Variables are collinear")

2024-02-14 15:21:54,771:WARNING:/home/eddie/.local/lib/python3.10/site-packages/sklearn/discriminant_analysis.py:926: UserWarning: Variables are collinear
  warnings.warn("Variables are collinear")

2024-02-14 15:21:54,833:WARNING:/home/eddie/.local/lib/python3.10/site-packages/sklearn/discriminant_analysis.py:926: UserWarning: Variables are collinear
  warnings.warn("Variables are collinear")

2024-02-14 15:21:54,836:WARNING:/home/eddie/.local/lib/python3.10/site-packages/sklearn/discriminant_analysis.py:926: UserWarning: Variables are collinear
  warnings.warn("Variables are collinear")

2024-02-14 15:21:54,877:WARNING:/home/eddie/.local/lib/python3.10/site-packages/sklearn/discriminant_analysis.py:926: UserWarning: Variables are collinear
  warnings.warn("Variables are collinear")

2024-02-14 15:21:54,889:WARNING:/home/eddie/.local/lib/python3.10/site-packages/sklearn/discriminant_analysis.py:926: UserWarning: Variables are collinear
  warnings.warn("Variables are collinear")

2024-02-14 15:21:54,922:WARNING:/home/eddie/.local/lib/python3.10/site-packages/sklearn/discriminant_analysis.py:926: UserWarning: Variables are collinear
  warnings.warn("Variables are collinear")

2024-02-14 15:21:54,945:WARNING:/home/eddie/.local/lib/python3.10/site-packages/sklearn/discriminant_analysis.py:926: UserWarning: Variables are collinear
  warnings.warn("Variables are collinear")

2024-02-14 15:21:57,390:WARNING:/home/eddie/.local/lib/python3.10/site-packages/sklearn/metrics/_classification.py:1396: UserWarning: Note that pos_label (set to 'Normal') is ignored when average != 'binary' (got 'weighted'). You may use labels=[pos_label] to specify a single positive class.
  warnings.warn(

2024-02-14 15:21:57,398:WARNING:/home/eddie/.local/lib/python3.10/site-packages/sklearn/metrics/_classification.py:1396: UserWarning: Note that pos_label (set to 'Normal') is ignored when average != 'binary' (got 'weighted'). You may use labels=[pos_label] to specify a single positive class.
  warnings.warn(

2024-02-14 15:21:57,401:WARNING:/home/eddie/.local/lib/python3.10/site-packages/sklearn/metrics/_classification.py:1344: UndefinedMetricWarning: Precision is ill-defined and being set to 0.0 in labels with no predicted samples. Use `zero_division` parameter to control this behavior.
  _warn_prf(average, modifier, msg_start, len(result))

2024-02-14 15:21:57,406:WARNING:/home/eddie/.local/lib/python3.10/site-packages/sklearn/metrics/_classification.py:1396: UserWarning: Note that pos_label (set to 'Normal') is ignored when average != 'binary' (got 'weighted'). You may use labels=[pos_label] to specify a single positive class.
  warnings.warn(

2024-02-14 15:21:57,527:WARNING:/home/eddie/.local/lib/python3.10/site-packages/sklearn/metrics/_classification.py:1396: UserWarning: Note that pos_label (set to 'Normal') is ignored when average != 'binary' (got 'weighted'). You may use labels=[pos_label] to specify a single positive class.
  warnings.warn(

2024-02-14 15:21:57,536:WARNING:/home/eddie/.local/lib/python3.10/site-packages/sklearn/metrics/_classification.py:1396: UserWarning: Note that pos_label (set to 'Normal') is ignored when average != 'binary' (got 'weighted'). You may use labels=[pos_label] to specify a single positive class.
  warnings.warn(

2024-02-14 15:21:57,539:WARNING:/home/eddie/.local/lib/python3.10/site-packages/sklearn/metrics/_classification.py:1344: UndefinedMetricWarning: Precision is ill-defined and being set to 0.0 in labels with no predicted samples. Use `zero_division` parameter to control this behavior.
  _warn_prf(average, modifier, msg_start, len(result))

2024-02-14 15:21:57,544:WARNING:/home/eddie/.local/lib/python3.10/site-packages/sklearn/metrics/_classification.py:1396: UserWarning: Note that pos_label (set to 'Normal') is ignored when average != 'binary' (got 'weighted'). You may use labels=[pos_label] to specify a single positive class.
  warnings.warn(

2024-02-14 15:21:57,712:WARNING:/home/eddie/.local/lib/python3.10/site-packages/sklearn/metrics/_classification.py:1396: UserWarning: Note that pos_label (set to 'Normal') is ignored when average != 'binary' (got 'weighted'). You may use labels=[pos_label] to specify a single positive class.
  warnings.warn(

2024-02-14 15:21:57,713:WARNING:/home/eddie/.local/lib/python3.10/site-packages/sklearn/metrics/_classification.py:1396: UserWarning: Note that pos_label (set to 'Normal') is ignored when average != 'binary' (got 'weighted'). You may use labels=[pos_label] to specify a single positive class.
  warnings.warn(

2024-02-14 15:21:57,717:WARNING:/home/eddie/.local/lib/python3.10/site-packages/sklearn/metrics/_classification.py:1396: UserWarning: Note that pos_label (set to 'Normal') is ignored when average != 'binary' (got 'weighted'). You may use labels=[pos_label] to specify a single positive class.
  warnings.warn(

2024-02-14 15:21:57,719:WARNING:/home/eddie/.local/lib/python3.10/site-packages/sklearn/metrics/_classification.py:1344: UndefinedMetricWarning: Precision is ill-defined and being set to 0.0 in labels with no predicted samples. Use `zero_division` parameter to control this behavior.
  _warn_prf(average, modifier, msg_start, len(result))

2024-02-14 15:21:57,719:WARNING:/home/eddie/.local/lib/python3.10/site-packages/sklearn/metrics/_classification.py:1396: UserWarning: Note that pos_label (set to 'Normal') is ignored when average != 'binary' (got 'weighted'). You may use labels=[pos_label] to specify a single positive class.
  warnings.warn(

2024-02-14 15:21:57,721:WARNING:/home/eddie/.local/lib/python3.10/site-packages/sklearn/metrics/_classification.py:1396: UserWarning: Note that pos_label (set to 'Normal') is ignored when average != 'binary' (got 'weighted'). You may use labels=[pos_label] to specify a single positive class.
  warnings.warn(

2024-02-14 15:21:57,722:WARNING:/home/eddie/.local/lib/python3.10/site-packages/sklearn/metrics/_classification.py:1344: UndefinedMetricWarning: Precision is ill-defined and being set to 0.0 in labels with no predicted samples. Use `zero_division` parameter to control this behavior.
  _warn_prf(average, modifier, msg_start, len(result))

2024-02-14 15:21:57,725:WARNING:/home/eddie/.local/lib/python3.10/site-packages/sklearn/metrics/_classification.py:1396: UserWarning: Note that pos_label (set to 'Normal') is ignored when average != 'binary' (got 'weighted'). You may use labels=[pos_label] to specify a single positive class.
  warnings.warn(

2024-02-14 15:21:57,819:WARNING:/home/eddie/.local/lib/python3.10/site-packages/sklearn/metrics/_classification.py:1396: UserWarning: Note that pos_label (set to 'Normal') is ignored when average != 'binary' (got 'weighted'). You may use labels=[pos_label] to specify a single positive class.
  warnings.warn(

2024-02-14 15:21:57,823:WARNING:/home/eddie/.local/lib/python3.10/site-packages/sklearn/metrics/_classification.py:1396: UserWarning: Note that pos_label (set to 'Normal') is ignored when average != 'binary' (got 'weighted'). You may use labels=[pos_label] to specify a single positive class.
  warnings.warn(

2024-02-14 15:21:57,825:WARNING:/home/eddie/.local/lib/python3.10/site-packages/sklearn/metrics/_classification.py:1344: UndefinedMetricWarning: Precision is ill-defined and being set to 0.0 in labels with no predicted samples. Use `zero_division` parameter to control this behavior.
  _warn_prf(average, modifier, msg_start, len(result))

2024-02-14 15:21:57,825:WARNING:/home/eddie/.local/lib/python3.10/site-packages/sklearn/metrics/_classification.py:1396: UserWarning: Note that pos_label (set to 'Normal') is ignored when average != 'binary' (got 'weighted'). You may use labels=[pos_label] to specify a single positive class.
  warnings.warn(

2024-02-14 15:21:57,828:WARNING:/home/eddie/.local/lib/python3.10/site-packages/sklearn/metrics/_classification.py:1396: UserWarning: Note that pos_label (set to 'Normal') is ignored when average != 'binary' (got 'weighted'). You may use labels=[pos_label] to specify a single positive class.
  warnings.warn(

2024-02-14 15:21:57,829:WARNING:/home/eddie/.local/lib/python3.10/site-packages/sklearn/metrics/_classification.py:1396: UserWarning: Note that pos_label (set to 'Normal') is ignored when average != 'binary' (got 'weighted'). You may use labels=[pos_label] to specify a single positive class.
  warnings.warn(

2024-02-14 15:21:57,831:WARNING:/home/eddie/.local/lib/python3.10/site-packages/sklearn/metrics/_classification.py:1344: UndefinedMetricWarning: Precision is ill-defined and being set to 0.0 in labels with no predicted samples. Use `zero_division` parameter to control this behavior.
  _warn_prf(average, modifier, msg_start, len(result))

2024-02-14 15:21:57,832:WARNING:/home/eddie/.local/lib/python3.10/site-packages/sklearn/metrics/_classification.py:1396: UserWarning: Note that pos_label (set to 'Normal') is ignored when average != 'binary' (got 'weighted'). You may use labels=[pos_label] to specify a single positive class.
  warnings.warn(

2024-02-14 15:21:57,875:WARNING:/home/eddie/.local/lib/python3.10/site-packages/sklearn/metrics/_classification.py:1396: UserWarning: Note that pos_label (set to 'Normal') is ignored when average != 'binary' (got 'weighted'). You may use labels=[pos_label] to specify a single positive class.
  warnings.warn(

2024-02-14 15:21:57,878:WARNING:/home/eddie/.local/lib/python3.10/site-packages/sklearn/metrics/_classification.py:1396: UserWarning: Note that pos_label (set to 'Normal') is ignored when average != 'binary' (got 'weighted'). You may use labels=[pos_label] to specify a single positive class.
  warnings.warn(

2024-02-14 15:21:57,880:WARNING:/home/eddie/.local/lib/python3.10/site-packages/sklearn/metrics/_classification.py:1344: UndefinedMetricWarning: Precision is ill-defined and being set to 0.0 in labels with no predicted samples. Use `zero_division` parameter to control this behavior.
  _warn_prf(average, modifier, msg_start, len(result))

2024-02-14 15:21:57,881:WARNING:/home/eddie/.local/lib/python3.10/site-packages/sklearn/metrics/_classification.py:1396: UserWarning: Note that pos_label (set to 'Normal') is ignored when average != 'binary' (got 'weighted'). You may use labels=[pos_label] to specify a single positive class.
  warnings.warn(

2024-02-14 15:21:57,895:WARNING:/home/eddie/.local/lib/python3.10/site-packages/sklearn/metrics/_classification.py:1396: UserWarning: Note that pos_label (set to 'Normal') is ignored when average != 'binary' (got 'weighted'). You may use labels=[pos_label] to specify a single positive class.
  warnings.warn(

2024-02-14 15:21:57,897:WARNING:/home/eddie/.local/lib/python3.10/site-packages/sklearn/metrics/_classification.py:1396: UserWarning: Note that pos_label (set to 'Normal') is ignored when average != 'binary' (got 'weighted'). You may use labels=[pos_label] to specify a single positive class.
  warnings.warn(

2024-02-14 15:21:57,899:WARNING:/home/eddie/.local/lib/python3.10/site-packages/sklearn/metrics/_classification.py:1344: UndefinedMetricWarning: Precision is ill-defined and being set to 0.0 in labels with no predicted samples. Use `zero_division` parameter to control this behavior.
  _warn_prf(average, modifier, msg_start, len(result))

2024-02-14 15:21:57,900:WARNING:/home/eddie/.local/lib/python3.10/site-packages/sklearn/metrics/_classification.py:1396: UserWarning: Note that pos_label (set to 'Normal') is ignored when average != 'binary' (got 'weighted'). You may use labels=[pos_label] to specify a single positive class.
  warnings.warn(

2024-02-14 15:21:57,967:WARNING:/home/eddie/.local/lib/python3.10/site-packages/sklearn/metrics/_classification.py:1396: UserWarning: Note that pos_label (set to 'Normal') is ignored when average != 'binary' (got 'weighted'). You may use labels=[pos_label] to specify a single positive class.
  warnings.warn(

2024-02-14 15:21:57,969:WARNING:/home/eddie/.local/lib/python3.10/site-packages/sklearn/metrics/_classification.py:1396: UserWarning: Note that pos_label (set to 'Normal') is ignored when average != 'binary' (got 'weighted'). You may use labels=[pos_label] to specify a single positive class.
  warnings.warn(

2024-02-14 15:21:57,970:WARNING:/home/eddie/.local/lib/python3.10/site-packages/sklearn/metrics/_classification.py:1344: UndefinedMetricWarning: Precision is ill-defined and being set to 0.0 in labels with no predicted samples. Use `zero_division` parameter to control this behavior.
  _warn_prf(average, modifier, msg_start, len(result))

2024-02-14 15:21:57,971:WARNING:/home/eddie/.local/lib/python3.10/site-packages/sklearn/metrics/_classification.py:1396: UserWarning: Note that pos_label (set to 'Normal') is ignored when average != 'binary' (got 'weighted'). You may use labels=[pos_label] to specify a single positive class.
  warnings.warn(

2024-02-14 15:21:57,973:WARNING:/home/eddie/.local/lib/python3.10/site-packages/sklearn/metrics/_classification.py:1396: UserWarning: Note that pos_label (set to 'Normal') is ignored when average != 'binary' (got 'weighted'). You may use labels=[pos_label] to specify a single positive class.
  warnings.warn(

2024-02-14 15:21:57,975:WARNING:/home/eddie/.local/lib/python3.10/site-packages/sklearn/metrics/_classification.py:1396: UserWarning: Note that pos_label (set to 'Normal') is ignored when average != 'binary' (got 'weighted'). You may use labels=[pos_label] to specify a single positive class.
  warnings.warn(

2024-02-14 15:21:57,976:WARNING:/home/eddie/.local/lib/python3.10/site-packages/sklearn/metrics/_classification.py:1344: UndefinedMetricWarning: Precision is ill-defined and being set to 0.0 in labels with no predicted samples. Use `zero_division` parameter to control this behavior.
  _warn_prf(average, modifier, msg_start, len(result))

2024-02-14 15:21:57,978:WARNING:/home/eddie/.local/lib/python3.10/site-packages/sklearn/metrics/_classification.py:1396: UserWarning: Note that pos_label (set to 'Normal') is ignored when average != 'binary' (got 'weighted'). You may use labels=[pos_label] to specify a single positive class.
  warnings.warn(

2024-02-14 15:21:58,086:INFO:Calculating mean and std
2024-02-14 15:21:58,088:INFO:Creating metrics dataframe
2024-02-14 15:21:58,091:INFO:Uploading results into container
2024-02-14 15:21:58,091:INFO:Uploading model into container now
2024-02-14 15:21:58,091:INFO:_master_model_container: 8
2024-02-14 15:21:58,091:INFO:_display_container: 2
2024-02-14 15:21:58,092:INFO:QuadraticDiscriminantAnalysis(priors=None, reg_param=0.0,
                              store_covariance=False, tol=0.0001)
2024-02-14 15:21:58,092:INFO:create_model() successfully completed......................................
2024-02-14 15:21:58,171:INFO:SubProcess create_model() end ==================================
2024-02-14 15:21:58,171:INFO:Creating metrics dataframe
2024-02-14 15:21:58,180:INFO:Initializing Ada Boost Classifier
2024-02-14 15:21:58,180:INFO:Total runtime is 2.2181543469429013 minutes
2024-02-14 15:21:58,182:INFO:SubProcess create_model() called ==================================
2024-02-14 15:21:58,183:INFO:Initializing create_model()
2024-02-14 15:21:58,183:INFO:create_model(self=<pycaret.classification.oop.ClassificationExperiment object at 0x7f07421274f0>, estimator=ada, fold=StratifiedKFold(n_splits=10, random_state=None, shuffle=False), round=4, cross_validation=True, predict=True, fit_kwargs={}, groups=None, refit=False, probability_threshold=None, experiment_custom_tags=None, verbose=False, system=False, add_to_model_list=True, metrics=None, display=<pycaret.internal.display.display.CommonDisplay object at 0x7f07ac6650f0>, model_only=True, return_train_score=False, error_score=0.0, kwargs={})
2024-02-14 15:21:58,183:INFO:Checking exceptions
2024-02-14 15:21:58,183:INFO:Importing libraries
2024-02-14 15:21:58,183:INFO:Copying training dataset
2024-02-14 15:21:58,233:INFO:Defining folds
2024-02-14 15:21:58,233:INFO:Declaring metric variables
2024-02-14 15:21:58,235:INFO:Importing untrained model
2024-02-14 15:21:58,237:INFO:Ada Boost Classifier Imported successfully
2024-02-14 15:21:58,241:INFO:Starting cross validation
2024-02-14 15:21:58,247:INFO:Cross validating with StratifiedKFold(n_splits=10, random_state=None, shuffle=False), n_jobs=-1
2024-02-14 15:22:34,628:WARNING:/home/eddie/.local/lib/python3.10/site-packages/sklearn/metrics/_classification.py:1396: UserWarning: Note that pos_label (set to 'Normal') is ignored when average != 'binary' (got 'weighted'). You may use labels=[pos_label] to specify a single positive class.
  warnings.warn(

2024-02-14 15:22:34,633:WARNING:/home/eddie/.local/lib/python3.10/site-packages/sklearn/metrics/_classification.py:1396: UserWarning: Note that pos_label (set to 'Normal') is ignored when average != 'binary' (got 'weighted'). You may use labels=[pos_label] to specify a single positive class.
  warnings.warn(

2024-02-14 15:22:34,637:WARNING:/home/eddie/.local/lib/python3.10/site-packages/sklearn/metrics/_classification.py:1396: UserWarning: Note that pos_label (set to 'Normal') is ignored when average != 'binary' (got 'weighted'). You may use labels=[pos_label] to specify a single positive class.
  warnings.warn(

2024-02-14 15:22:36,076:WARNING:/home/eddie/.local/lib/python3.10/site-packages/sklearn/metrics/_classification.py:1396: UserWarning: Note that pos_label (set to 'Normal') is ignored when average != 'binary' (got 'weighted'). You may use labels=[pos_label] to specify a single positive class.
  warnings.warn(

2024-02-14 15:22:36,081:WARNING:/home/eddie/.local/lib/python3.10/site-packages/sklearn/metrics/_classification.py:1396: UserWarning: Note that pos_label (set to 'Normal') is ignored when average != 'binary' (got 'weighted'). You may use labels=[pos_label] to specify a single positive class.
  warnings.warn(

2024-02-14 15:22:36,085:WARNING:/home/eddie/.local/lib/python3.10/site-packages/sklearn/metrics/_classification.py:1396: UserWarning: Note that pos_label (set to 'Normal') is ignored when average != 'binary' (got 'weighted'). You may use labels=[pos_label] to specify a single positive class.
  warnings.warn(

2024-02-14 15:22:36,085:WARNING:/home/eddie/.local/lib/python3.10/site-packages/sklearn/metrics/_classification.py:1396: UserWarning: Note that pos_label (set to 'Normal') is ignored when average != 'binary' (got 'weighted'). You may use labels=[pos_label] to specify a single positive class.
  warnings.warn(

2024-02-14 15:22:36,089:WARNING:/home/eddie/.local/lib/python3.10/site-packages/sklearn/metrics/_classification.py:1396: UserWarning: Note that pos_label (set to 'Normal') is ignored when average != 'binary' (got 'weighted'). You may use labels=[pos_label] to specify a single positive class.
  warnings.warn(

2024-02-14 15:22:36,094:WARNING:/home/eddie/.local/lib/python3.10/site-packages/sklearn/metrics/_classification.py:1396: UserWarning: Note that pos_label (set to 'Normal') is ignored when average != 'binary' (got 'weighted'). You may use labels=[pos_label] to specify a single positive class.
  warnings.warn(

2024-02-14 15:22:36,375:WARNING:/home/eddie/.local/lib/python3.10/site-packages/sklearn/metrics/_classification.py:1396: UserWarning: Note that pos_label (set to 'Normal') is ignored when average != 'binary' (got 'weighted'). You may use labels=[pos_label] to specify a single positive class.
  warnings.warn(

2024-02-14 15:22:36,378:WARNING:/home/eddie/.local/lib/python3.10/site-packages/sklearn/metrics/_classification.py:1396: UserWarning: Note that pos_label (set to 'Normal') is ignored when average != 'binary' (got 'weighted'). You may use labels=[pos_label] to specify a single positive class.
  warnings.warn(

2024-02-14 15:22:36,381:WARNING:/home/eddie/.local/lib/python3.10/site-packages/sklearn/metrics/_classification.py:1396: UserWarning: Note that pos_label (set to 'Normal') is ignored when average != 'binary' (got 'weighted'). You may use labels=[pos_label] to specify a single positive class.
  warnings.warn(

2024-02-14 15:22:36,424:WARNING:/home/eddie/.local/lib/python3.10/site-packages/sklearn/metrics/_classification.py:1396: UserWarning: Note that pos_label (set to 'Normal') is ignored when average != 'binary' (got 'weighted'). You may use labels=[pos_label] to specify a single positive class.
  warnings.warn(

2024-02-14 15:22:36,427:WARNING:/home/eddie/.local/lib/python3.10/site-packages/sklearn/metrics/_classification.py:1396: UserWarning: Note that pos_label (set to 'Normal') is ignored when average != 'binary' (got 'weighted'). You may use labels=[pos_label] to specify a single positive class.
  warnings.warn(

2024-02-14 15:22:36,430:WARNING:/home/eddie/.local/lib/python3.10/site-packages/sklearn/metrics/_classification.py:1396: UserWarning: Note that pos_label (set to 'Normal') is ignored when average != 'binary' (got 'weighted'). You may use labels=[pos_label] to specify a single positive class.
  warnings.warn(

2024-02-14 15:22:36,541:WARNING:/home/eddie/.local/lib/python3.10/site-packages/sklearn/metrics/_classification.py:1396: UserWarning: Note that pos_label (set to 'Normal') is ignored when average != 'binary' (got 'weighted'). You may use labels=[pos_label] to specify a single positive class.
  warnings.warn(

2024-02-14 15:22:36,544:WARNING:/home/eddie/.local/lib/python3.10/site-packages/sklearn/metrics/_classification.py:1396: UserWarning: Note that pos_label (set to 'Normal') is ignored when average != 'binary' (got 'weighted'). You may use labels=[pos_label] to specify a single positive class.
  warnings.warn(

2024-02-14 15:22:36,547:WARNING:/home/eddie/.local/lib/python3.10/site-packages/sklearn/metrics/_classification.py:1396: UserWarning: Note that pos_label (set to 'Normal') is ignored when average != 'binary' (got 'weighted'). You may use labels=[pos_label] to specify a single positive class.
  warnings.warn(

2024-02-14 15:22:36,824:WARNING:/home/eddie/.local/lib/python3.10/site-packages/sklearn/metrics/_classification.py:1396: UserWarning: Note that pos_label (set to 'Normal') is ignored when average != 'binary' (got 'weighted'). You may use labels=[pos_label] to specify a single positive class.
  warnings.warn(

2024-02-14 15:22:36,827:WARNING:/home/eddie/.local/lib/python3.10/site-packages/sklearn/metrics/_classification.py:1396: UserWarning: Note that pos_label (set to 'Normal') is ignored when average != 'binary' (got 'weighted'). You may use labels=[pos_label] to specify a single positive class.
  warnings.warn(

2024-02-14 15:22:36,829:WARNING:/home/eddie/.local/lib/python3.10/site-packages/sklearn/metrics/_classification.py:1396: UserWarning: Note that pos_label (set to 'Normal') is ignored when average != 'binary' (got 'weighted'). You may use labels=[pos_label] to specify a single positive class.
  warnings.warn(

2024-02-14 15:22:36,914:WARNING:/home/eddie/.local/lib/python3.10/site-packages/sklearn/metrics/_classification.py:1396: UserWarning: Note that pos_label (set to 'Normal') is ignored when average != 'binary' (got 'weighted'). You may use labels=[pos_label] to specify a single positive class.
  warnings.warn(

2024-02-14 15:22:36,917:WARNING:/home/eddie/.local/lib/python3.10/site-packages/sklearn/metrics/_classification.py:1396: UserWarning: Note that pos_label (set to 'Normal') is ignored when average != 'binary' (got 'weighted'). You may use labels=[pos_label] to specify a single positive class.
  warnings.warn(

2024-02-14 15:22:36,919:WARNING:/home/eddie/.local/lib/python3.10/site-packages/sklearn/metrics/_classification.py:1396: UserWarning: Note that pos_label (set to 'Normal') is ignored when average != 'binary' (got 'weighted'). You may use labels=[pos_label] to specify a single positive class.
  warnings.warn(

2024-02-14 15:22:36,969:WARNING:/home/eddie/.local/lib/python3.10/site-packages/sklearn/metrics/_classification.py:1396: UserWarning: Note that pos_label (set to 'Normal') is ignored when average != 'binary' (got 'weighted'). You may use labels=[pos_label] to specify a single positive class.
  warnings.warn(

2024-02-14 15:22:36,971:WARNING:/home/eddie/.local/lib/python3.10/site-packages/sklearn/metrics/_classification.py:1396: UserWarning: Note that pos_label (set to 'Normal') is ignored when average != 'binary' (got 'weighted'). You may use labels=[pos_label] to specify a single positive class.
  warnings.warn(

2024-02-14 15:22:36,974:WARNING:/home/eddie/.local/lib/python3.10/site-packages/sklearn/metrics/_classification.py:1396: UserWarning: Note that pos_label (set to 'Normal') is ignored when average != 'binary' (got 'weighted'). You may use labels=[pos_label] to specify a single positive class.
  warnings.warn(

2024-02-14 15:22:37,101:WARNING:/home/eddie/.local/lib/python3.10/site-packages/sklearn/metrics/_classification.py:1396: UserWarning: Note that pos_label (set to 'Normal') is ignored when average != 'binary' (got 'weighted'). You may use labels=[pos_label] to specify a single positive class.
  warnings.warn(

2024-02-14 15:22:37,103:WARNING:/home/eddie/.local/lib/python3.10/site-packages/sklearn/metrics/_classification.py:1396: UserWarning: Note that pos_label (set to 'Normal') is ignored when average != 'binary' (got 'weighted'). You may use labels=[pos_label] to specify a single positive class.
  warnings.warn(

2024-02-14 15:22:37,105:WARNING:/home/eddie/.local/lib/python3.10/site-packages/sklearn/metrics/_classification.py:1396: UserWarning: Note that pos_label (set to 'Normal') is ignored when average != 'binary' (got 'weighted'). You may use labels=[pos_label] to specify a single positive class.
  warnings.warn(

2024-02-14 15:22:37,219:INFO:Calculating mean and std
2024-02-14 15:22:37,221:INFO:Creating metrics dataframe
2024-02-14 15:22:37,226:INFO:Uploading results into container
2024-02-14 15:22:37,226:INFO:Uploading model into container now
2024-02-14 15:22:37,226:INFO:_master_model_container: 9
2024-02-14 15:22:37,226:INFO:_display_container: 2
2024-02-14 15:22:37,227:INFO:AdaBoostClassifier(algorithm='SAMME.R', base_estimator='deprecated',
                   estimator=None, learning_rate=1.0, n_estimators=50,
                   random_state=1234)
2024-02-14 15:22:37,227:INFO:create_model() successfully completed......................................
2024-02-14 15:22:37,349:INFO:SubProcess create_model() end ==================================
2024-02-14 15:22:37,349:INFO:Creating metrics dataframe
2024-02-14 15:22:37,358:INFO:Initializing Gradient Boosting Classifier
2024-02-14 15:22:37,358:INFO:Total runtime is 2.8711224913597104 minutes
2024-02-14 15:22:37,360:INFO:SubProcess create_model() called ==================================
2024-02-14 15:22:37,361:INFO:Initializing create_model()
2024-02-14 15:22:37,361:INFO:create_model(self=<pycaret.classification.oop.ClassificationExperiment object at 0x7f07421274f0>, estimator=gbc, fold=StratifiedKFold(n_splits=10, random_state=None, shuffle=False), round=4, cross_validation=True, predict=True, fit_kwargs={}, groups=None, refit=False, probability_threshold=None, experiment_custom_tags=None, verbose=False, system=False, add_to_model_list=True, metrics=None, display=<pycaret.internal.display.display.CommonDisplay object at 0x7f07ac6650f0>, model_only=True, return_train_score=False, error_score=0.0, kwargs={})
2024-02-14 15:22:37,361:INFO:Checking exceptions
2024-02-14 15:22:37,361:INFO:Importing libraries
2024-02-14 15:22:37,361:INFO:Copying training dataset
2024-02-14 15:22:37,422:INFO:Defining folds
2024-02-14 15:22:37,423:INFO:Declaring metric variables
2024-02-14 15:22:37,425:INFO:Importing untrained model
2024-02-14 15:22:37,428:INFO:Gradient Boosting Classifier Imported successfully
2024-02-14 15:22:37,432:INFO:Starting cross validation
2024-02-14 15:22:37,437:INFO:Cross validating with StratifiedKFold(n_splits=10, random_state=None, shuffle=False), n_jobs=-1
2024-02-14 15:31:55,014:WARNING:/home/eddie/.local/lib/python3.10/site-packages/sklearn/metrics/_classification.py:1396: UserWarning: Note that pos_label (set to 'Normal') is ignored when average != 'binary' (got 'weighted'). You may use labels=[pos_label] to specify a single positive class.
  warnings.warn(

2024-02-14 15:31:55,018:WARNING:/home/eddie/.local/lib/python3.10/site-packages/sklearn/metrics/_classification.py:1396: UserWarning: Note that pos_label (set to 'Normal') is ignored when average != 'binary' (got 'weighted'). You may use labels=[pos_label] to specify a single positive class.
  warnings.warn(

2024-02-14 15:31:55,022:WARNING:/home/eddie/.local/lib/python3.10/site-packages/sklearn/metrics/_classification.py:1396: UserWarning: Note that pos_label (set to 'Normal') is ignored when average != 'binary' (got 'weighted'). You may use labels=[pos_label] to specify a single positive class.
  warnings.warn(

2024-02-14 15:31:55,940:WARNING:/home/eddie/.local/lib/python3.10/site-packages/sklearn/metrics/_classification.py:1396: UserWarning: Note that pos_label (set to 'Normal') is ignored when average != 'binary' (got 'weighted'). You may use labels=[pos_label] to specify a single positive class.
  warnings.warn(

2024-02-14 15:31:55,944:WARNING:/home/eddie/.local/lib/python3.10/site-packages/sklearn/metrics/_classification.py:1396: UserWarning: Note that pos_label (set to 'Normal') is ignored when average != 'binary' (got 'weighted'). You may use labels=[pos_label] to specify a single positive class.
  warnings.warn(

2024-02-14 15:31:55,948:WARNING:/home/eddie/.local/lib/python3.10/site-packages/sklearn/metrics/_classification.py:1396: UserWarning: Note that pos_label (set to 'Normal') is ignored when average != 'binary' (got 'weighted'). You may use labels=[pos_label] to specify a single positive class.
  warnings.warn(

2024-02-14 15:31:56,063:WARNING:/home/eddie/.local/lib/python3.10/site-packages/sklearn/metrics/_classification.py:1396: UserWarning: Note that pos_label (set to 'Normal') is ignored when average != 'binary' (got 'weighted'). You may use labels=[pos_label] to specify a single positive class.
  warnings.warn(

2024-02-14 15:31:56,067:WARNING:/home/eddie/.local/lib/python3.10/site-packages/sklearn/metrics/_classification.py:1396: UserWarning: Note that pos_label (set to 'Normal') is ignored when average != 'binary' (got 'weighted'). You may use labels=[pos_label] to specify a single positive class.
  warnings.warn(

2024-02-14 15:31:56,070:WARNING:/home/eddie/.local/lib/python3.10/site-packages/sklearn/metrics/_classification.py:1396: UserWarning: Note that pos_label (set to 'Normal') is ignored when average != 'binary' (got 'weighted'). You may use labels=[pos_label] to specify a single positive class.
  warnings.warn(

2024-02-14 15:31:57,650:WARNING:/home/eddie/.local/lib/python3.10/site-packages/sklearn/metrics/_classification.py:1396: UserWarning: Note that pos_label (set to 'Normal') is ignored when average != 'binary' (got 'weighted'). You may use labels=[pos_label] to specify a single positive class.
  warnings.warn(

2024-02-14 15:31:57,654:WARNING:/home/eddie/.local/lib/python3.10/site-packages/sklearn/metrics/_classification.py:1396: UserWarning: Note that pos_label (set to 'Normal') is ignored when average != 'binary' (got 'weighted'). You may use labels=[pos_label] to specify a single positive class.
  warnings.warn(

2024-02-14 15:31:57,658:WARNING:/home/eddie/.local/lib/python3.10/site-packages/sklearn/metrics/_classification.py:1396: UserWarning: Note that pos_label (set to 'Normal') is ignored when average != 'binary' (got 'weighted'). You may use labels=[pos_label] to specify a single positive class.
  warnings.warn(

2024-02-14 15:31:58,965:WARNING:/home/eddie/.local/lib/python3.10/site-packages/sklearn/metrics/_classification.py:1396: UserWarning: Note that pos_label (set to 'Normal') is ignored when average != 'binary' (got 'weighted'). You may use labels=[pos_label] to specify a single positive class.
  warnings.warn(

2024-02-14 15:31:58,968:WARNING:/home/eddie/.local/lib/python3.10/site-packages/sklearn/metrics/_classification.py:1396: UserWarning: Note that pos_label (set to 'Normal') is ignored when average != 'binary' (got 'weighted'). You may use labels=[pos_label] to specify a single positive class.
  warnings.warn(

2024-02-14 15:31:58,971:WARNING:/home/eddie/.local/lib/python3.10/site-packages/sklearn/metrics/_classification.py:1396: UserWarning: Note that pos_label (set to 'Normal') is ignored when average != 'binary' (got 'weighted'). You may use labels=[pos_label] to specify a single positive class.
  warnings.warn(

2024-02-14 15:31:59,174:WARNING:/home/eddie/.local/lib/python3.10/site-packages/sklearn/metrics/_classification.py:1396: UserWarning: Note that pos_label (set to 'Normal') is ignored when average != 'binary' (got 'weighted'). You may use labels=[pos_label] to specify a single positive class.
  warnings.warn(

2024-02-14 15:31:59,177:WARNING:/home/eddie/.local/lib/python3.10/site-packages/sklearn/metrics/_classification.py:1396: UserWarning: Note that pos_label (set to 'Normal') is ignored when average != 'binary' (got 'weighted'). You may use labels=[pos_label] to specify a single positive class.
  warnings.warn(

2024-02-14 15:31:59,180:WARNING:/home/eddie/.local/lib/python3.10/site-packages/sklearn/metrics/_classification.py:1396: UserWarning: Note that pos_label (set to 'Normal') is ignored when average != 'binary' (got 'weighted'). You may use labels=[pos_label] to specify a single positive class.
  warnings.warn(

2024-02-14 15:31:59,696:WARNING:/home/eddie/.local/lib/python3.10/site-packages/sklearn/metrics/_classification.py:1396: UserWarning: Note that pos_label (set to 'Normal') is ignored when average != 'binary' (got 'weighted'). You may use labels=[pos_label] to specify a single positive class.
  warnings.warn(

2024-02-14 15:31:59,699:WARNING:/home/eddie/.local/lib/python3.10/site-packages/sklearn/metrics/_classification.py:1396: UserWarning: Note that pos_label (set to 'Normal') is ignored when average != 'binary' (got 'weighted'). You may use labels=[pos_label] to specify a single positive class.
  warnings.warn(

2024-02-14 15:31:59,701:WARNING:/home/eddie/.local/lib/python3.10/site-packages/sklearn/metrics/_classification.py:1396: UserWarning: Note that pos_label (set to 'Normal') is ignored when average != 'binary' (got 'weighted'). You may use labels=[pos_label] to specify a single positive class.
  warnings.warn(

2024-02-14 15:32:01,728:WARNING:/home/eddie/.local/lib/python3.10/site-packages/sklearn/metrics/_classification.py:1396: UserWarning: Note that pos_label (set to 'Normal') is ignored when average != 'binary' (got 'weighted'). You may use labels=[pos_label] to specify a single positive class.
  warnings.warn(

2024-02-14 15:32:01,730:WARNING:/home/eddie/.local/lib/python3.10/site-packages/sklearn/metrics/_classification.py:1396: UserWarning: Note that pos_label (set to 'Normal') is ignored when average != 'binary' (got 'weighted'). You may use labels=[pos_label] to specify a single positive class.
  warnings.warn(

2024-02-14 15:32:01,732:WARNING:/home/eddie/.local/lib/python3.10/site-packages/sklearn/metrics/_classification.py:1396: UserWarning: Note that pos_label (set to 'Normal') is ignored when average != 'binary' (got 'weighted'). You may use labels=[pos_label] to specify a single positive class.
  warnings.warn(

2024-02-14 15:32:01,965:WARNING:/home/eddie/.local/lib/python3.10/site-packages/sklearn/metrics/_classification.py:1396: UserWarning: Note that pos_label (set to 'Normal') is ignored when average != 'binary' (got 'weighted'). You may use labels=[pos_label] to specify a single positive class.
  warnings.warn(

2024-02-14 15:32:01,967:WARNING:/home/eddie/.local/lib/python3.10/site-packages/sklearn/metrics/_classification.py:1396: UserWarning: Note that pos_label (set to 'Normal') is ignored when average != 'binary' (got 'weighted'). You may use labels=[pos_label] to specify a single positive class.
  warnings.warn(

2024-02-14 15:32:01,969:WARNING:/home/eddie/.local/lib/python3.10/site-packages/sklearn/metrics/_classification.py:1396: UserWarning: Note that pos_label (set to 'Normal') is ignored when average != 'binary' (got 'weighted'). You may use labels=[pos_label] to specify a single positive class.
  warnings.warn(

2024-02-14 15:32:02,736:WARNING:/home/eddie/.local/lib/python3.10/site-packages/sklearn/metrics/_classification.py:1396: UserWarning: Note that pos_label (set to 'Normal') is ignored when average != 'binary' (got 'weighted'). You may use labels=[pos_label] to specify a single positive class.
  warnings.warn(

2024-02-14 15:32:02,738:WARNING:/home/eddie/.local/lib/python3.10/site-packages/sklearn/metrics/_classification.py:1396: UserWarning: Note that pos_label (set to 'Normal') is ignored when average != 'binary' (got 'weighted'). You may use labels=[pos_label] to specify a single positive class.
  warnings.warn(

2024-02-14 15:32:02,740:WARNING:/home/eddie/.local/lib/python3.10/site-packages/sklearn/metrics/_classification.py:1396: UserWarning: Note that pos_label (set to 'Normal') is ignored when average != 'binary' (got 'weighted'). You may use labels=[pos_label] to specify a single positive class.
  warnings.warn(

2024-02-14 15:32:02,849:INFO:Calculating mean and std
2024-02-14 15:32:02,850:INFO:Creating metrics dataframe
2024-02-14 15:32:02,854:INFO:Uploading results into container
2024-02-14 15:32:02,855:INFO:Uploading model into container now
2024-02-14 15:32:02,856:INFO:_master_model_container: 10
2024-02-14 15:32:02,856:INFO:_display_container: 2
2024-02-14 15:32:02,856:INFO:GradientBoostingClassifier(ccp_alpha=0.0, criterion='friedman_mse', init=None,
                           learning_rate=0.1, loss='log_loss', max_depth=3,
                           max_features=None, max_leaf_nodes=None,
                           min_impurity_decrease=0.0, min_samples_leaf=1,
                           min_samples_split=2, min_weight_fraction_leaf=0.0,
                           n_estimators=100, n_iter_no_change=None,
                           random_state=1234, subsample=1.0, tol=0.0001,
                           validation_fraction=0.1, verbose=0,
                           warm_start=False)
2024-02-14 15:32:02,856:INFO:create_model() successfully completed......................................
2024-02-14 15:32:02,968:INFO:SubProcess create_model() end ==================================
2024-02-14 15:32:02,969:INFO:Creating metrics dataframe
2024-02-14 15:32:02,978:INFO:Initializing Linear Discriminant Analysis
2024-02-14 15:32:02,978:INFO:Total runtime is 12.29811516602834 minutes
2024-02-14 15:32:02,981:INFO:SubProcess create_model() called ==================================
2024-02-14 15:32:02,981:INFO:Initializing create_model()
2024-02-14 15:32:02,981:INFO:create_model(self=<pycaret.classification.oop.ClassificationExperiment object at 0x7f07421274f0>, estimator=lda, fold=StratifiedKFold(n_splits=10, random_state=None, shuffle=False), round=4, cross_validation=True, predict=True, fit_kwargs={}, groups=None, refit=False, probability_threshold=None, experiment_custom_tags=None, verbose=False, system=False, add_to_model_list=True, metrics=None, display=<pycaret.internal.display.display.CommonDisplay object at 0x7f07ac6650f0>, model_only=True, return_train_score=False, error_score=0.0, kwargs={})
2024-02-14 15:32:02,981:INFO:Checking exceptions
2024-02-14 15:32:02,981:INFO:Importing libraries
2024-02-14 15:32:02,981:INFO:Copying training dataset
2024-02-14 15:32:03,043:INFO:Defining folds
2024-02-14 15:32:03,043:INFO:Declaring metric variables
2024-02-14 15:32:03,046:INFO:Importing untrained model
2024-02-14 15:32:03,049:INFO:Linear Discriminant Analysis Imported successfully
2024-02-14 15:32:03,054:INFO:Starting cross validation
2024-02-14 15:32:03,060:INFO:Cross validating with StratifiedKFold(n_splits=10, random_state=None, shuffle=False), n_jobs=-1
2024-02-14 15:32:48,979:WARNING:/home/eddie/.local/lib/python3.10/site-packages/sklearn/metrics/_classification.py:1396: UserWarning: Note that pos_label (set to 'Normal') is ignored when average != 'binary' (got 'weighted'). You may use labels=[pos_label] to specify a single positive class.
  warnings.warn(

2024-02-14 15:32:48,993:WARNING:/home/eddie/.local/lib/python3.10/site-packages/sklearn/metrics/_classification.py:1396: UserWarning: Note that pos_label (set to 'Normal') is ignored when average != 'binary' (got 'weighted'). You may use labels=[pos_label] to specify a single positive class.
  warnings.warn(

2024-02-14 15:32:49,007:WARNING:/home/eddie/.local/lib/python3.10/site-packages/sklearn/metrics/_classification.py:1396: UserWarning: Note that pos_label (set to 'Normal') is ignored when average != 'binary' (got 'weighted'). You may use labels=[pos_label] to specify a single positive class.
  warnings.warn(

2024-02-14 15:32:49,085:WARNING:/home/eddie/.local/lib/python3.10/site-packages/sklearn/metrics/_classification.py:1396: UserWarning: Note that pos_label (set to 'Normal') is ignored when average != 'binary' (got 'weighted'). You may use labels=[pos_label] to specify a single positive class.
  warnings.warn(

2024-02-14 15:32:49,099:WARNING:/home/eddie/.local/lib/python3.10/site-packages/sklearn/metrics/_classification.py:1396: UserWarning: Note that pos_label (set to 'Normal') is ignored when average != 'binary' (got 'weighted'). You may use labels=[pos_label] to specify a single positive class.
  warnings.warn(

2024-02-14 15:32:49,114:WARNING:/home/eddie/.local/lib/python3.10/site-packages/sklearn/metrics/_classification.py:1396: UserWarning: Note that pos_label (set to 'Normal') is ignored when average != 'binary' (got 'weighted'). You may use labels=[pos_label] to specify a single positive class.
  warnings.warn(

2024-02-14 15:32:49,628:WARNING:/home/eddie/.local/lib/python3.10/site-packages/sklearn/metrics/_classification.py:1396: UserWarning: Note that pos_label (set to 'Normal') is ignored when average != 'binary' (got 'weighted'). You may use labels=[pos_label] to specify a single positive class.
  warnings.warn(

2024-02-14 15:32:49,634:WARNING:/home/eddie/.local/lib/python3.10/site-packages/sklearn/metrics/_classification.py:1396: UserWarning: Note that pos_label (set to 'Normal') is ignored when average != 'binary' (got 'weighted'). You may use labels=[pos_label] to specify a single positive class.
  warnings.warn(

2024-02-14 15:32:49,638:WARNING:/home/eddie/.local/lib/python3.10/site-packages/sklearn/metrics/_classification.py:1396: UserWarning: Note that pos_label (set to 'Normal') is ignored when average != 'binary' (got 'weighted'). You may use labels=[pos_label] to specify a single positive class.
  warnings.warn(

2024-02-14 15:32:49,720:WARNING:/home/eddie/.local/lib/python3.10/site-packages/sklearn/metrics/_classification.py:1396: UserWarning: Note that pos_label (set to 'Normal') is ignored when average != 'binary' (got 'weighted'). You may use labels=[pos_label] to specify a single positive class.
  warnings.warn(

2024-02-14 15:32:49,724:WARNING:/home/eddie/.local/lib/python3.10/site-packages/sklearn/metrics/_classification.py:1396: UserWarning: Note that pos_label (set to 'Normal') is ignored when average != 'binary' (got 'weighted'). You may use labels=[pos_label] to specify a single positive class.
  warnings.warn(

2024-02-14 15:32:49,729:WARNING:/home/eddie/.local/lib/python3.10/site-packages/sklearn/metrics/_classification.py:1396: UserWarning: Note that pos_label (set to 'Normal') is ignored when average != 'binary' (got 'weighted'). You may use labels=[pos_label] to specify a single positive class.
  warnings.warn(

2024-02-14 15:32:49,758:WARNING:/home/eddie/.local/lib/python3.10/site-packages/sklearn/metrics/_classification.py:1396: UserWarning: Note that pos_label (set to 'Normal') is ignored when average != 'binary' (got 'weighted'). You may use labels=[pos_label] to specify a single positive class.
  warnings.warn(

2024-02-14 15:32:49,764:WARNING:/home/eddie/.local/lib/python3.10/site-packages/sklearn/metrics/_classification.py:1396: UserWarning: Note that pos_label (set to 'Normal') is ignored when average != 'binary' (got 'weighted'). You may use labels=[pos_label] to specify a single positive class.
  warnings.warn(

2024-02-14 15:32:49,768:WARNING:/home/eddie/.local/lib/python3.10/site-packages/sklearn/metrics/_classification.py:1396: UserWarning: Note that pos_label (set to 'Normal') is ignored when average != 'binary' (got 'weighted'). You may use labels=[pos_label] to specify a single positive class.
  warnings.warn(

2024-02-14 15:32:49,889:WARNING:/home/eddie/.local/lib/python3.10/site-packages/sklearn/metrics/_classification.py:1396: UserWarning: Note that pos_label (set to 'Normal') is ignored when average != 'binary' (got 'weighted'). You may use labels=[pos_label] to specify a single positive class.
  warnings.warn(

2024-02-14 15:32:49,889:WARNING:/home/eddie/.local/lib/python3.10/site-packages/sklearn/metrics/_classification.py:1396: UserWarning: Note that pos_label (set to 'Normal') is ignored when average != 'binary' (got 'weighted'). You may use labels=[pos_label] to specify a single positive class.
  warnings.warn(

2024-02-14 15:32:49,893:WARNING:/home/eddie/.local/lib/python3.10/site-packages/sklearn/metrics/_classification.py:1396: UserWarning: Note that pos_label (set to 'Normal') is ignored when average != 'binary' (got 'weighted'). You may use labels=[pos_label] to specify a single positive class.
  warnings.warn(

2024-02-14 15:32:49,893:WARNING:/home/eddie/.local/lib/python3.10/site-packages/sklearn/metrics/_classification.py:1396: UserWarning: Note that pos_label (set to 'Normal') is ignored when average != 'binary' (got 'weighted'). You may use labels=[pos_label] to specify a single positive class.
  warnings.warn(

2024-02-14 15:32:49,897:WARNING:/home/eddie/.local/lib/python3.10/site-packages/sklearn/metrics/_classification.py:1396: UserWarning: Note that pos_label (set to 'Normal') is ignored when average != 'binary' (got 'weighted'). You may use labels=[pos_label] to specify a single positive class.
  warnings.warn(

2024-02-14 15:32:49,897:WARNING:/home/eddie/.local/lib/python3.10/site-packages/sklearn/metrics/_classification.py:1396: UserWarning: Note that pos_label (set to 'Normal') is ignored when average != 'binary' (got 'weighted'). You may use labels=[pos_label] to specify a single positive class.
  warnings.warn(

2024-02-14 15:32:50,057:WARNING:/home/eddie/.local/lib/python3.10/site-packages/sklearn/metrics/_classification.py:1396: UserWarning: Note that pos_label (set to 'Normal') is ignored when average != 'binary' (got 'weighted'). You may use labels=[pos_label] to specify a single positive class.
  warnings.warn(

2024-02-14 15:32:50,060:WARNING:/home/eddie/.local/lib/python3.10/site-packages/sklearn/metrics/_classification.py:1396: UserWarning: Note that pos_label (set to 'Normal') is ignored when average != 'binary' (got 'weighted'). You may use labels=[pos_label] to specify a single positive class.
  warnings.warn(

2024-02-14 15:32:50,063:WARNING:/home/eddie/.local/lib/python3.10/site-packages/sklearn/metrics/_classification.py:1396: UserWarning: Note that pos_label (set to 'Normal') is ignored when average != 'binary' (got 'weighted'). You may use labels=[pos_label] to specify a single positive class.
  warnings.warn(

2024-02-14 15:32:50,070:WARNING:/home/eddie/.local/lib/python3.10/site-packages/sklearn/metrics/_classification.py:1396: UserWarning: Note that pos_label (set to 'Normal') is ignored when average != 'binary' (got 'weighted'). You may use labels=[pos_label] to specify a single positive class.
  warnings.warn(

2024-02-14 15:32:50,072:WARNING:/home/eddie/.local/lib/python3.10/site-packages/sklearn/metrics/_classification.py:1396: UserWarning: Note that pos_label (set to 'Normal') is ignored when average != 'binary' (got 'weighted'). You may use labels=[pos_label] to specify a single positive class.
  warnings.warn(

2024-02-14 15:32:50,075:WARNING:/home/eddie/.local/lib/python3.10/site-packages/sklearn/metrics/_classification.py:1396: UserWarning: Note that pos_label (set to 'Normal') is ignored when average != 'binary' (got 'weighted'). You may use labels=[pos_label] to specify a single positive class.
  warnings.warn(

2024-02-14 15:32:50,417:WARNING:/home/eddie/.local/lib/python3.10/site-packages/sklearn/metrics/_classification.py:1396: UserWarning: Note that pos_label (set to 'Normal') is ignored when average != 'binary' (got 'weighted'). You may use labels=[pos_label] to specify a single positive class.
  warnings.warn(

2024-02-14 15:32:50,419:WARNING:/home/eddie/.local/lib/python3.10/site-packages/sklearn/metrics/_classification.py:1396: UserWarning: Note that pos_label (set to 'Normal') is ignored when average != 'binary' (got 'weighted'). You may use labels=[pos_label] to specify a single positive class.
  warnings.warn(

2024-02-14 15:32:50,421:WARNING:/home/eddie/.local/lib/python3.10/site-packages/sklearn/metrics/_classification.py:1396: UserWarning: Note that pos_label (set to 'Normal') is ignored when average != 'binary' (got 'weighted'). You may use labels=[pos_label] to specify a single positive class.
  warnings.warn(

2024-02-14 15:32:50,529:INFO:Calculating mean and std
2024-02-14 15:32:50,531:INFO:Creating metrics dataframe
2024-02-14 15:32:50,534:INFO:Uploading results into container
2024-02-14 15:32:50,534:INFO:Uploading model into container now
2024-02-14 15:32:50,534:INFO:_master_model_container: 11
2024-02-14 15:32:50,534:INFO:_display_container: 2
2024-02-14 15:32:50,535:INFO:LinearDiscriminantAnalysis(covariance_estimator=None, n_components=None,
                           priors=None, shrinkage=None, solver='svd',
                           store_covariance=False, tol=0.0001)
2024-02-14 15:32:50,535:INFO:create_model() successfully completed......................................
2024-02-14 15:32:50,620:INFO:SubProcess create_model() end ==================================
2024-02-14 15:32:50,620:INFO:Creating metrics dataframe
2024-02-14 15:32:50,629:INFO:Initializing Extra Trees Classifier
2024-02-14 15:32:50,629:INFO:Total runtime is 13.09230493704478 minutes
2024-02-14 15:32:50,632:INFO:SubProcess create_model() called ==================================
2024-02-14 15:32:50,632:INFO:Initializing create_model()
2024-02-14 15:32:50,632:INFO:create_model(self=<pycaret.classification.oop.ClassificationExperiment object at 0x7f07421274f0>, estimator=et, fold=StratifiedKFold(n_splits=10, random_state=None, shuffle=False), round=4, cross_validation=True, predict=True, fit_kwargs={}, groups=None, refit=False, probability_threshold=None, experiment_custom_tags=None, verbose=False, system=False, add_to_model_list=True, metrics=None, display=<pycaret.internal.display.display.CommonDisplay object at 0x7f07ac6650f0>, model_only=True, return_train_score=False, error_score=0.0, kwargs={})
2024-02-14 15:32:50,632:INFO:Checking exceptions
2024-02-14 15:32:50,632:INFO:Importing libraries
2024-02-14 15:32:50,632:INFO:Copying training dataset
2024-02-14 15:32:50,680:INFO:Defining folds
2024-02-14 15:32:50,680:INFO:Declaring metric variables
2024-02-14 15:32:50,683:INFO:Importing untrained model
2024-02-14 15:32:50,685:INFO:Extra Trees Classifier Imported successfully
2024-02-14 15:32:50,689:INFO:Starting cross validation
2024-02-14 15:32:50,694:INFO:Cross validating with StratifiedKFold(n_splits=10, random_state=None, shuffle=False), n_jobs=-1
2024-02-14 15:32:53,131:WARNING:/home/eddie/.local/lib/python3.10/site-packages/sklearn/metrics/_classification.py:1396: UserWarning: Note that pos_label (set to 'Normal') is ignored when average != 'binary' (got 'weighted'). You may use labels=[pos_label] to specify a single positive class.
  warnings.warn(

2024-02-14 15:32:53,142:WARNING:/home/eddie/.local/lib/python3.10/site-packages/sklearn/metrics/_classification.py:1396: UserWarning: Note that pos_label (set to 'Normal') is ignored when average != 'binary' (got 'weighted'). You may use labels=[pos_label] to specify a single positive class.
  warnings.warn(

2024-02-14 15:32:53,145:WARNING:/home/eddie/.local/lib/python3.10/site-packages/sklearn/metrics/_classification.py:1396: UserWarning: Note that pos_label (set to 'Normal') is ignored when average != 'binary' (got 'weighted'). You may use labels=[pos_label] to specify a single positive class.
  warnings.warn(

2024-02-14 15:32:53,149:WARNING:/home/eddie/.local/lib/python3.10/site-packages/sklearn/metrics/_classification.py:1396: UserWarning: Note that pos_label (set to 'Normal') is ignored when average != 'binary' (got 'weighted'). You may use labels=[pos_label] to specify a single positive class.
  warnings.warn(

2024-02-14 15:32:53,150:WARNING:/home/eddie/.local/lib/python3.10/site-packages/sklearn/metrics/_classification.py:1396: UserWarning: Note that pos_label (set to 'Normal') is ignored when average != 'binary' (got 'weighted'). You may use labels=[pos_label] to specify a single positive class.
  warnings.warn(

2024-02-14 15:32:53,153:WARNING:/home/eddie/.local/lib/python3.10/site-packages/sklearn/metrics/_classification.py:1396: UserWarning: Note that pos_label (set to 'Normal') is ignored when average != 'binary' (got 'weighted'). You may use labels=[pos_label] to specify a single positive class.
  warnings.warn(

2024-02-14 15:32:53,156:WARNING:/home/eddie/.local/lib/python3.10/site-packages/sklearn/metrics/_classification.py:1396: UserWarning: Note that pos_label (set to 'Normal') is ignored when average != 'binary' (got 'weighted'). You may use labels=[pos_label] to specify a single positive class.
  warnings.warn(

2024-02-14 15:32:53,160:WARNING:/home/eddie/.local/lib/python3.10/site-packages/sklearn/metrics/_classification.py:1396: UserWarning: Note that pos_label (set to 'Normal') is ignored when average != 'binary' (got 'weighted'). You may use labels=[pos_label] to specify a single positive class.
  warnings.warn(

2024-02-14 15:32:53,165:WARNING:/home/eddie/.local/lib/python3.10/site-packages/sklearn/metrics/_classification.py:1396: UserWarning: Note that pos_label (set to 'Normal') is ignored when average != 'binary' (got 'weighted'). You may use labels=[pos_label] to specify a single positive class.
  warnings.warn(

2024-02-14 15:32:53,213:WARNING:/home/eddie/.local/lib/python3.10/site-packages/sklearn/metrics/_classification.py:1396: UserWarning: Note that pos_label (set to 'Normal') is ignored when average != 'binary' (got 'weighted'). You may use labels=[pos_label] to specify a single positive class.
  warnings.warn(

2024-02-14 15:32:53,218:WARNING:/home/eddie/.local/lib/python3.10/site-packages/sklearn/metrics/_classification.py:1396: UserWarning: Note that pos_label (set to 'Normal') is ignored when average != 'binary' (got 'weighted'). You may use labels=[pos_label] to specify a single positive class.
  warnings.warn(

2024-02-14 15:32:53,220:WARNING:/home/eddie/.local/lib/python3.10/site-packages/sklearn/metrics/_classification.py:1396: UserWarning: Note that pos_label (set to 'Normal') is ignored when average != 'binary' (got 'weighted'). You may use labels=[pos_label] to specify a single positive class.
  warnings.warn(

2024-02-14 15:32:53,221:WARNING:/home/eddie/.local/lib/python3.10/site-packages/sklearn/metrics/_classification.py:1396: UserWarning: Note that pos_label (set to 'Normal') is ignored when average != 'binary' (got 'weighted'). You may use labels=[pos_label] to specify a single positive class.
  warnings.warn(

2024-02-14 15:32:53,224:WARNING:/home/eddie/.local/lib/python3.10/site-packages/sklearn/metrics/_classification.py:1396: UserWarning: Note that pos_label (set to 'Normal') is ignored when average != 'binary' (got 'weighted'). You may use labels=[pos_label] to specify a single positive class.
  warnings.warn(

2024-02-14 15:32:53,224:WARNING:/home/eddie/.local/lib/python3.10/site-packages/sklearn/metrics/_classification.py:1396: UserWarning: Note that pos_label (set to 'Normal') is ignored when average != 'binary' (got 'weighted'). You may use labels=[pos_label] to specify a single positive class.
  warnings.warn(

2024-02-14 15:32:53,227:WARNING:/home/eddie/.local/lib/python3.10/site-packages/sklearn/metrics/_classification.py:1396: UserWarning: Note that pos_label (set to 'Normal') is ignored when average != 'binary' (got 'weighted'). You may use labels=[pos_label] to specify a single positive class.
  warnings.warn(

2024-02-14 15:32:53,228:WARNING:/home/eddie/.local/lib/python3.10/site-packages/sklearn/metrics/_classification.py:1396: UserWarning: Note that pos_label (set to 'Normal') is ignored when average != 'binary' (got 'weighted'). You may use labels=[pos_label] to specify a single positive class.
  warnings.warn(

2024-02-14 15:32:53,232:WARNING:/home/eddie/.local/lib/python3.10/site-packages/sklearn/metrics/_classification.py:1396: UserWarning: Note that pos_label (set to 'Normal') is ignored when average != 'binary' (got 'weighted'). You may use labels=[pos_label] to specify a single positive class.
  warnings.warn(

2024-02-14 15:32:53,247:WARNING:/home/eddie/.local/lib/python3.10/site-packages/sklearn/metrics/_classification.py:1396: UserWarning: Note that pos_label (set to 'Normal') is ignored when average != 'binary' (got 'weighted'). You may use labels=[pos_label] to specify a single positive class.
  warnings.warn(

2024-02-14 15:32:53,250:WARNING:/home/eddie/.local/lib/python3.10/site-packages/sklearn/metrics/_classification.py:1396: UserWarning: Note that pos_label (set to 'Normal') is ignored when average != 'binary' (got 'weighted'). You may use labels=[pos_label] to specify a single positive class.
  warnings.warn(

2024-02-14 15:32:53,253:WARNING:/home/eddie/.local/lib/python3.10/site-packages/sklearn/metrics/_classification.py:1396: UserWarning: Note that pos_label (set to 'Normal') is ignored when average != 'binary' (got 'weighted'). You may use labels=[pos_label] to specify a single positive class.
  warnings.warn(

2024-02-14 15:32:53,265:WARNING:/home/eddie/.local/lib/python3.10/site-packages/sklearn/metrics/_classification.py:1396: UserWarning: Note that pos_label (set to 'Normal') is ignored when average != 'binary' (got 'weighted'). You may use labels=[pos_label] to specify a single positive class.
  warnings.warn(

2024-02-14 15:32:53,267:WARNING:/home/eddie/.local/lib/python3.10/site-packages/sklearn/metrics/_classification.py:1396: UserWarning: Note that pos_label (set to 'Normal') is ignored when average != 'binary' (got 'weighted'). You may use labels=[pos_label] to specify a single positive class.
  warnings.warn(

2024-02-14 15:32:53,269:WARNING:/home/eddie/.local/lib/python3.10/site-packages/sklearn/metrics/_classification.py:1396: UserWarning: Note that pos_label (set to 'Normal') is ignored when average != 'binary' (got 'weighted'). You may use labels=[pos_label] to specify a single positive class.
  warnings.warn(

2024-02-14 15:32:54,283:WARNING:/home/eddie/.local/lib/python3.10/site-packages/sklearn/metrics/_classification.py:1396: UserWarning: Note that pos_label (set to 'Normal') is ignored when average != 'binary' (got 'weighted'). You may use labels=[pos_label] to specify a single positive class.
  warnings.warn(

2024-02-14 15:32:54,287:WARNING:/home/eddie/.local/lib/python3.10/site-packages/sklearn/metrics/_classification.py:1396: UserWarning: Note that pos_label (set to 'Normal') is ignored when average != 'binary' (got 'weighted'). You may use labels=[pos_label] to specify a single positive class.
  warnings.warn(

2024-02-14 15:32:54,289:WARNING:/home/eddie/.local/lib/python3.10/site-packages/sklearn/metrics/_classification.py:1396: UserWarning: Note that pos_label (set to 'Normal') is ignored when average != 'binary' (got 'weighted'). You may use labels=[pos_label] to specify a single positive class.
  warnings.warn(

2024-02-14 15:32:54,312:WARNING:/home/eddie/.local/lib/python3.10/site-packages/sklearn/metrics/_classification.py:1396: UserWarning: Note that pos_label (set to 'Normal') is ignored when average != 'binary' (got 'weighted'). You may use labels=[pos_label] to specify a single positive class.
  warnings.warn(

2024-02-14 15:32:54,314:WARNING:/home/eddie/.local/lib/python3.10/site-packages/sklearn/metrics/_classification.py:1396: UserWarning: Note that pos_label (set to 'Normal') is ignored when average != 'binary' (got 'weighted'). You may use labels=[pos_label] to specify a single positive class.
  warnings.warn(

2024-02-14 15:32:54,316:WARNING:/home/eddie/.local/lib/python3.10/site-packages/sklearn/metrics/_classification.py:1396: UserWarning: Note that pos_label (set to 'Normal') is ignored when average != 'binary' (got 'weighted'). You may use labels=[pos_label] to specify a single positive class.
  warnings.warn(

2024-02-14 15:32:54,429:INFO:Calculating mean and std
2024-02-14 15:32:54,430:INFO:Creating metrics dataframe
2024-02-14 15:32:54,433:INFO:Uploading results into container
2024-02-14 15:32:54,433:INFO:Uploading model into container now
2024-02-14 15:32:54,433:INFO:_master_model_container: 12
2024-02-14 15:32:54,433:INFO:_display_container: 2
2024-02-14 15:32:54,434:INFO:ExtraTreesClassifier(bootstrap=False, ccp_alpha=0.0, class_weight=None,
                     criterion='gini', max_depth=None, max_features='sqrt',
                     max_leaf_nodes=None, max_samples=None,
                     min_impurity_decrease=0.0, min_samples_leaf=1,
                     min_samples_split=2, min_weight_fraction_leaf=0.0,
                     n_estimators=100, n_jobs=-1, oob_score=False,
                     random_state=1234, verbose=0, warm_start=False)
2024-02-14 15:32:54,434:INFO:create_model() successfully completed......................................
2024-02-14 15:32:54,519:INFO:SubProcess create_model() end ==================================
2024-02-14 15:32:54,519:INFO:Creating metrics dataframe
2024-02-14 15:32:54,527:INFO:Initializing Extreme Gradient Boosting
2024-02-14 15:32:54,527:INFO:Total runtime is 13.157275998592377 minutes
2024-02-14 15:32:54,530:INFO:SubProcess create_model() called ==================================
2024-02-14 15:32:54,530:INFO:Initializing create_model()
2024-02-14 15:32:54,530:INFO:create_model(self=<pycaret.classification.oop.ClassificationExperiment object at 0x7f07421274f0>, estimator=xgboost, fold=StratifiedKFold(n_splits=10, random_state=None, shuffle=False), round=4, cross_validation=True, predict=True, fit_kwargs={}, groups=None, refit=False, probability_threshold=None, experiment_custom_tags=None, verbose=False, system=False, add_to_model_list=True, metrics=None, display=<pycaret.internal.display.display.CommonDisplay object at 0x7f07ac6650f0>, model_only=True, return_train_score=False, error_score=0.0, kwargs={})
2024-02-14 15:32:54,531:INFO:Checking exceptions
2024-02-14 15:32:54,531:INFO:Importing libraries
2024-02-14 15:32:54,531:INFO:Copying training dataset
2024-02-14 15:32:54,581:INFO:Defining folds
2024-02-14 15:32:54,581:INFO:Declaring metric variables
2024-02-14 15:32:54,584:INFO:Importing untrained model
2024-02-14 15:32:54,586:INFO:Extreme Gradient Boosting Imported successfully
2024-02-14 15:32:54,590:INFO:Starting cross validation
2024-02-14 15:32:54,595:INFO:Cross validating with StratifiedKFold(n_splits=10, random_state=None, shuffle=False), n_jobs=-1
